[0.028s] Invoking command in '/home/user/ros2_workspaces/ros2_ws/build/action_tutorials_interfaces': CMAKE_PREFIX_PATH=/opt/ros/humble /usr/bin/cmake /home/user/ros2_workspaces/ros2_ws/src/action_tutorials_interfaces -DCMAKE_INSTALL_PREFIX=/home/user/ros2_workspaces/ros2_ws/install/action_tutorials_interfaces
[0.641s] -- The C compiler identification is GNU 11.4.0
[0.947s] -- The CXX compiler identification is GNU 11.4.0
[0.975s] -- Detecting C compiler ABI info
[1.130s] -- Detecting C compiler ABI info - done
[1.138s] -- Check for working C compiler: /usr/bin/cc - skipped
[1.141s] -- Detecting C compile features
[1.154s] -- Detecting C compile features - done
[1.164s] -- Detecting CXX compiler ABI info
[1.310s] -- Detecting CXX compiler ABI info - done
[1.316s] -- Check for working CXX compiler: /usr/bin/c++ - skipped
[1.318s] -- Detecting CXX compile features
[1.318s] -- Detecting CXX compile features - done
[1.402s] -- Found ament_cmake: 1.3.5 (/opt/ros/humble/share/ament_cmake/cmake)
[1.731s] -- Found Python3: /usr/bin/python3.10 (found version "3.10.12") found components: Interpreter 
[1.975s] -- Found ament_lint_auto: 0.12.7 (/opt/ros/humble/share/ament_lint_auto/cmake)
[2.124s] -- Found rosidl_default_generators: 1.2.0 (/opt/ros/humble/share/rosidl_default_generators/cmake)
[2.137s] -- Using all available rosidl_typesupport_c: rosidl_typesupport_fastrtps_c;rosidl_typesupport_introspection_c
[2.161s] -- Found rosidl_adapter: 3.1.5 (/opt/ros/humble/share/rosidl_adapter/cmake)
[2.334s] -- Using all available rosidl_typesupport_cpp: rosidl_typesupport_fastrtps_cpp;rosidl_typesupport_introspection_cpp
[2.462s] [31mCMake Error at /opt/ros/humble/share/rosidl_cmake/cmake/rosidl_generate_interfaces.cmake:93 (message):
[2.462s]   rosidl_generate_interfaces() the passed file 'action/Fibonacci.action'
[2.462s]   doesn't exist relative to the CMAKE_CURRENT_SOURCE_DIR
[2.462s]   '/home/user/ros2_workspaces/ros2_ws/src/action_tutorials_interfaces'
[2.462s] Call Stack (most recent call first):
[2.462s]   CMakeLists.txt:28 (rosidl_generate_interfaces)
[2.463s] 
[2.463s] [0m
[2.463s] -- Configuring incomplete, errors occurred!
[2.463s] See also "/home/user/ros2_workspaces/ros2_ws/build/action_tutorials_interfaces/CMakeFiles/CMakeOutput.log".
[2.473s] Invoked command in '/home/user/ros2_workspaces/ros2_ws/build/action_tutorials_interfaces' returned '1': CMAKE_PREFIX_PATH=/opt/ros/humble /usr/bin/cmake /home/user/ros2_workspaces/ros2_ws/src/action_tutorials_interfaces -DCMAKE_INSTALL_PREFIX=/home/user/ros2_workspaces/ros2_ws/install/action_tutorials_interfaces
