-- The C compiler identification is GNU 11.4.0
-- The CXX compiler identification is GNU 11.4.0
-- Detecting C compiler ABI info
-- Detecting C compiler ABI info - done
-- Check for working C compiler: /usr/bin/cc - skipped
-- Detecting C compile features
-- Detecting C compile features - done
-- Detecting CXX compiler ABI info
-- Detecting CXX compiler ABI info - done
-- Check for working CXX compiler: /usr/bin/c++ - skipped
-- Detecting CXX compile features
-- Detecting CXX compile features - done
-- Found ament_cmake: 1.3.5 (/opt/ros/humble/share/ament_cmake/cmake)
-- Found Python3: /usr/bin/python3.10 (found version "3.10.12") found components: Interpreter 
-- Found ament_lint_auto: 0.12.7 (/opt/ros/humble/share/ament_lint_auto/cmake)
-- Found rosidl_default_generators: 1.2.0 (/opt/ros/humble/share/rosidl_default_generators/cmake)
-- Using all available rosidl_typesupport_c: rosidl_typesupport_fastrtps_c;rosidl_typesupport_introspection_c
-- Found rosidl_adapter: 3.1.5 (/opt/ros/humble/share/rosidl_adapter/cmake)
-- Using all available rosidl_typesupport_cpp: rosidl_typesupport_fastrtps_cpp;rosidl_typesupport_introspection_cpp
-- Found ament_cmake_ros: 0.10.0 (/opt/ros/humble/share/ament_cmake_ros/cmake)
-- Using all available rosidl_typesupport_c: rosidl_typesupport_fastrtps_c;rosidl_typesupport_introspection_c
-- Using all available rosidl_typesupport_cpp: rosidl_typesupport_fastrtps_cpp;rosidl_typesupport_introspection_cpp
-- Found PythonInterp: /usr/bin/python3 (found suitable version "3.10.12", minimum required is "3.6") 
-- Found python_cmake_module: 0.10.0 (/opt/ros/humble/share/python_cmake_module/cmake)
-- Found PythonLibs: /usr/lib/x86_64-linux-gnu/libpython3.10.so (found suitable version "3.10.12", minimum required is "3.5") 
-- Using PYTHON_EXECUTABLE: /usr/bin/python3
-- Using PYTHON_INCLUDE_DIRS: /usr/include/python3.10
-- Using PYTHON_LIBRARIES: /usr/lib/x86_64-linux-gnu/libpython3.10.so
-- Found PythonExtra: .so  
-- Added test 'lint_cmake' to check CMake code style
-- Added test 'xmllint' to check XML markup files
-- Configuring done
-- Generating done
-- Build files have been written to: /home/user/ros2_workspaces/ros2_ws/build/py_actioncli
[  3%] [34m[1mGenerating C code for ROS interfaces[0m
[  6%] [34m[1mGenerating C++ code for ROS interfaces[0m
[  6%] Built target ament_cmake_python_copy_py_actioncli
running egg_info
creating py_actioncli.egg-info
writing py_actioncli.egg-info/PKG-INFO
writing dependency_links to py_actioncli.egg-info/dependency_links.txt
writing top-level names to py_actioncli.egg-info/top_level.txt
writing manifest file 'py_actioncli.egg-info/SOURCES.txt'
reading manifest file 'py_actioncli.egg-info/SOURCES.txt'
writing manifest file 'py_actioncli.egg-info/SOURCES.txt'
[  6%] Built target ament_cmake_python_build_py_actioncli_egg
[  9%] [32mBuilding C object CMakeFiles/py_actioncli__rosidl_generator_c.dir/rosidl_generator_c/py_actioncli/action/detail/fibonacci__functions.c.o[0m
[  9%] Built target py_actioncli__cpp
[ 12%] [34m[1mGenerating C++ type support dispatch for ROS interfaces[0m
[ 16%] [34m[1mGenerating C++ type support for eProsima Fast-RTPS[0m
[ 19%] [32m[1mLinking C shared library libpy_actioncli__rosidl_generator_c.so[0m
[ 19%] Built target py_actioncli__rosidl_generator_c
[ 22%] [34m[1mGenerating C++ introspection for ROS interfaces[0m
[ 25%] [32mBuilding CXX object CMakeFiles/py_actioncli__rosidl_typesupport_fastrtps_cpp.dir/rosidl_typesupport_fastrtps_cpp/py_actioncli/action/detail/dds_fastrtps/fibonacci__type_support.cpp.o[0m
[ 29%] [32mBuilding CXX object CMakeFiles/py_actioncli__rosidl_typesupport_cpp.dir/rosidl_typesupport_cpp/py_actioncli/action/fibonacci__type_support.cpp.o[0m
[ 32%] [32mBuilding CXX object CMakeFiles/py_actioncli__rosidl_typesupport_introspection_cpp.dir/rosidl_typesupport_introspection_cpp/py_actioncli/action/detail/fibonacci__type_support.cpp.o[0m
[ 35%] [32m[1mLinking CXX shared library libpy_actioncli__rosidl_typesupport_cpp.so[0m
[ 35%] Built target py_actioncli__rosidl_typesupport_cpp
[ 38%] [32m[1mLinking CXX shared library libpy_actioncli__rosidl_typesupport_fastrtps_cpp.so[0m
[ 41%] [34m[1mGenerating C type support for eProsima Fast-RTPS[0m
[ 41%] Built target py_actioncli__rosidl_typesupport_fastrtps_cpp
[ 45%] [34m[1mGenerating C introspection for ROS interfaces[0m
[ 48%] [32mBuilding CXX object CMakeFiles/py_actioncli__rosidl_typesupport_fastrtps_c.dir/rosidl_typesupport_fastrtps_c/py_actioncli/action/detail/fibonacci__type_support_c.cpp.o[0m
[ 51%] [32m[1mLinking CXX shared library libpy_actioncli__rosidl_typesupport_introspection_cpp.so[0m
[ 51%] Built target py_actioncli__rosidl_typesupport_introspection_cpp
[ 54%] [34m[1mGenerating C type support dispatch for ROS interfaces[0m
[ 58%] [32mBuilding C object CMakeFiles/py_actioncli__rosidl_typesupport_introspection_c.dir/rosidl_typesupport_introspection_c/py_actioncli/action/detail/fibonacci__type_support.c.o[0m
[ 61%] [32m[1mLinking C shared library libpy_actioncli__rosidl_typesupport_introspection_c.so[0m
[ 61%] Built target py_actioncli__rosidl_typesupport_introspection_c
[ 64%] [32m[1mLinking CXX shared library libpy_actioncli__rosidl_typesupport_fastrtps_c.so[0m
[ 67%] [32mBuilding CXX object CMakeFiles/py_actioncli__rosidl_typesupport_c.dir/rosidl_typesupport_c/py_actioncli/action/fibonacci__type_support.cpp.o[0m
[ 67%] Built target py_actioncli__rosidl_typesupport_fastrtps_c
[ 70%] [32m[1mLinking CXX shared library libpy_actioncli__rosidl_typesupport_c.so[0m
[ 70%] Built target py_actioncli__rosidl_typesupport_c
[ 70%] Built target py_actioncli
[ 74%] [34m[1mGenerating Python code for ROS interfaces[0m
[ 74%] Built target py_actioncli__py
[ 77%] [32mBuilding C object CMakeFiles/py_actioncli__rosidl_generator_py.dir/rosidl_generator_py/py_actioncli/action/_fibonacci_s.c.o[0m
[ 80%] [32m[1mLinking C shared library rosidl_generator_py/py_actioncli/libpy_actioncli__rosidl_generator_py.so[0m
[ 80%] Built target py_actioncli__rosidl_generator_py
[ 83%] [32mBuilding C object CMakeFiles/py_actioncli__rosidl_typesupport_fastrtps_c__pyext.dir/rosidl_generator_py/py_actioncli/_py_actioncli_s.ep.rosidl_typesupport_fastrtps_c.c.o[0m
[ 87%] [32mBuilding C object CMakeFiles/py_actioncli__rosidl_typesupport_c__pyext.dir/rosidl_generator_py/py_actioncli/_py_actioncli_s.ep.rosidl_typesupport_c.c.o[0m
[ 90%] [32mBuilding C object CMakeFiles/py_actioncli__rosidl_typesupport_introspection_c__pyext.dir/rosidl_generator_py/py_actioncli/_py_actioncli_s.ep.rosidl_typesupport_introspection_c.c.o[0m
[ 93%] [32m[1mLinking C shared library rosidl_generator_py/py_actioncli/py_actioncli_s__rosidl_typesupport_fastrtps_c.cpython-310-x86_64-linux-gnu.so[0m
[ 96%] [32m[1mLinking C shared library rosidl_generator_py/py_actioncli/py_actioncli_s__rosidl_typesupport_c.cpython-310-x86_64-linux-gnu.so[0m
[100%] [32m[1mLinking C shared library rosidl_generator_py/py_actioncli/py_actioncli_s__rosidl_typesupport_introspection_c.cpython-310-x86_64-linux-gnu.so[0m
[100%] Built target py_actioncli__rosidl_typesupport_introspection_c__pyext
[100%] Built target py_actioncli__rosidl_typesupport_c__pyext
[100%] Built target py_actioncli__rosidl_typesupport_fastrtps_c__pyext
-- Install configuration: ""
-- Installing: /home/user/ros2_workspaces/ros2_ws/install/py_actioncli/share/ament_index/resource_index/rosidl_interfaces/py_actioncli
-- Installing: /home/user/ros2_workspaces/ros2_ws/install/py_actioncli/include/py_actioncli/py_actioncli
-- Installing: /home/user/ros2_workspaces/ros2_ws/install/py_actioncli/include/py_actioncli/py_actioncli/msg
-- Installing: /home/user/ros2_workspaces/ros2_ws/install/py_actioncli/include/py_actioncli/py_actioncli/msg/rosidl_generator_c__visibility_control.h
-- Installing: /home/user/ros2_workspaces/ros2_ws/install/py_actioncli/include/py_actioncli/py_actioncli/action
-- Installing: /home/user/ros2_workspaces/ros2_ws/install/py_actioncli/include/py_actioncli/py_actioncli/action/fibonacci.h
-- Installing: /home/user/ros2_workspaces/ros2_ws/install/py_actioncli/include/py_actioncli/py_actioncli/action/detail
-- Installing: /home/user/ros2_workspaces/ros2_ws/install/py_actioncli/include/py_actioncli/py_actioncli/action/detail/fibonacci__functions.h
-- Installing: /home/user/ros2_workspaces/ros2_ws/install/py_actioncli/include/py_actioncli/py_actioncli/action/detail/fibonacci__functions.c
-- Installing: /home/user/ros2_workspaces/ros2_ws/install/py_actioncli/include/py_actioncli/py_actioncli/action/detail/fibonacci__type_support.h
-- Installing: /home/user/ros2_workspaces/ros2_ws/install/py_actioncli/include/py_actioncli/py_actioncli/action/detail/fibonacci__struct.h
-- Installing: /home/user/ros2_workspaces/ros2_ws/install/py_actioncli/share/py_actioncli/environment/library_path.sh
-- Installing: /home/user/ros2_workspaces/ros2_ws/install/py_actioncli/share/py_actioncli/environment/library_path.dsv
-- Installing: /home/user/ros2_workspaces/ros2_ws/install/py_actioncli/lib/libpy_actioncli__rosidl_generator_c.so
-- Set runtime path of "/home/user/ros2_workspaces/ros2_ws/install/py_actioncli/lib/libpy_actioncli__rosidl_generator_c.so" to ""
-- Up-to-date: /home/user/ros2_workspaces/ros2_ws/install/py_actioncli/include/py_actioncli/py_actioncli
-- Up-to-date: /home/user/ros2_workspaces/ros2_ws/install/py_actioncli/include/py_actioncli/py_actioncli/msg
-- Installing: /home/user/ros2_workspaces/ros2_ws/install/py_actioncli/include/py_actioncli/py_actioncli/msg/rosidl_typesupport_fastrtps_c__visibility_control.h
-- Up-to-date: /home/user/ros2_workspaces/ros2_ws/install/py_actioncli/include/py_actioncli/py_actioncli/action
-- Up-to-date: /home/user/ros2_workspaces/ros2_ws/install/py_actioncli/include/py_actioncli/py_actioncli/action/detail
-- Installing: /home/user/ros2_workspaces/ros2_ws/install/py_actioncli/include/py_actioncli/py_actioncli/action/detail/fibonacci__rosidl_typesupport_fastrtps_c.h
-- Installing: /home/user/ros2_workspaces/ros2_ws/install/py_actioncli/lib/libpy_actioncli__rosidl_typesupport_fastrtps_c.so
-- Set runtime path of "/home/user/ros2_workspaces/ros2_ws/install/py_actioncli/lib/libpy_actioncli__rosidl_typesupport_fastrtps_c.so" to ""
-- Up-to-date: /home/user/ros2_workspaces/ros2_ws/install/py_actioncli/include/py_actioncli/py_actioncli
-- Up-to-date: /home/user/ros2_workspaces/ros2_ws/install/py_actioncli/include/py_actioncli/py_actioncli/msg
-- Installing: /home/user/ros2_workspaces/ros2_ws/install/py_actioncli/include/py_actioncli/py_actioncli/msg/rosidl_typesupport_introspection_c__visibility_control.h
-- Up-to-date: /home/user/ros2_workspaces/ros2_ws/install/py_actioncli/include/py_actioncli/py_actioncli/action
-- Up-to-date: /home/user/ros2_workspaces/ros2_ws/install/py_actioncli/include/py_actioncli/py_actioncli/action/detail
-- Installing: /home/user/ros2_workspaces/ros2_ws/install/py_actioncli/include/py_actioncli/py_actioncli/action/detail/fibonacci__rosidl_typesupport_introspection_c.h
-- Installing: /home/user/ros2_workspaces/ros2_ws/install/py_actioncli/include/py_actioncli/py_actioncli/action/detail/fibonacci__type_support.c
-- Installing: /home/user/ros2_workspaces/ros2_ws/install/py_actioncli/lib/libpy_actioncli__rosidl_typesupport_introspection_c.so
-- Set runtime path of "/home/user/ros2_workspaces/ros2_ws/install/py_actioncli/lib/libpy_actioncli__rosidl_typesupport_introspection_c.so" to ""
-- Installing: /home/user/ros2_workspaces/ros2_ws/install/py_actioncli/lib/libpy_actioncli__rosidl_typesupport_c.so
-- Set runtime path of "/home/user/ros2_workspaces/ros2_ws/install/py_actioncli/lib/libpy_actioncli__rosidl_typesupport_c.so" to ""
-- Up-to-date: /home/user/ros2_workspaces/ros2_ws/install/py_actioncli/include/py_actioncli/py_actioncli
-- Up-to-date: /home/user/ros2_workspaces/ros2_ws/install/py_actioncli/include/py_actioncli/py_actioncli/action
-- Up-to-date: /home/user/ros2_workspaces/ros2_ws/install/py_actioncli/include/py_actioncli/py_actioncli/action/detail
-- Installing: /home/user/ros2_workspaces/ros2_ws/install/py_actioncli/include/py_actioncli/py_actioncli/action/detail/fibonacci__traits.hpp
-- Installing: /home/user/ros2_workspaces/ros2_ws/install/py_actioncli/include/py_actioncli/py_actioncli/action/detail/fibonacci__builder.hpp
-- Installing: /home/user/ros2_workspaces/ros2_ws/install/py_actioncli/include/py_actioncli/py_actioncli/action/detail/fibonacci__struct.hpp
-- Installing: /home/user/ros2_workspaces/ros2_ws/install/py_actioncli/include/py_actioncli/py_actioncli/action/fibonacci.hpp
-- Up-to-date: /home/user/ros2_workspaces/ros2_ws/install/py_actioncli/include/py_actioncli/py_actioncli
-- Up-to-date: /home/user/ros2_workspaces/ros2_ws/install/py_actioncli/include/py_actioncli/py_actioncli/msg
-- Installing: /home/user/ros2_workspaces/ros2_ws/install/py_actioncli/include/py_actioncli/py_actioncli/msg/rosidl_typesupport_fastrtps_cpp__visibility_control.h
-- Up-to-date: /home/user/ros2_workspaces/ros2_ws/install/py_actioncli/include/py_actioncli/py_actioncli/action
-- Up-to-date: /home/user/ros2_workspaces/ros2_ws/install/py_actioncli/include/py_actioncli/py_actioncli/action/detail
-- Installing: /home/user/ros2_workspaces/ros2_ws/install/py_actioncli/include/py_actioncli/py_actioncli/action/detail/dds_fastrtps
-- Installing: /home/user/ros2_workspaces/ros2_ws/install/py_actioncli/include/py_actioncli/py_actioncli/action/detail/fibonacci__rosidl_typesupport_fastrtps_cpp.hpp
-- Installing: /home/user/ros2_workspaces/ros2_ws/install/py_actioncli/lib/libpy_actioncli__rosidl_typesupport_fastrtps_cpp.so
-- Set runtime path of "/home/user/ros2_workspaces/ros2_ws/install/py_actioncli/lib/libpy_actioncli__rosidl_typesupport_fastrtps_cpp.so" to ""
-- Up-to-date: /home/user/ros2_workspaces/ros2_ws/install/py_actioncli/include/py_actioncli/py_actioncli
-- Up-to-date: /home/user/ros2_workspaces/ros2_ws/install/py_actioncli/include/py_actioncli/py_actioncli/action
-- Up-to-date: /home/user/ros2_workspaces/ros2_ws/install/py_actioncli/include/py_actioncli/py_actioncli/action/detail
-- Installing: /home/user/ros2_workspaces/ros2_ws/install/py_actioncli/include/py_actioncli/py_actioncli/action/detail/fibonacci__rosidl_typesupport_introspection_cpp.hpp
-- Installing: /home/user/ros2_workspaces/ros2_ws/install/py_actioncli/include/py_actioncli/py_actioncli/action/detail/fibonacci__type_support.cpp
-- Installing: /home/user/ros2_workspaces/ros2_ws/install/py_actioncli/lib/libpy_actioncli__rosidl_typesupport_introspection_cpp.so
-- Set runtime path of "/home/user/ros2_workspaces/ros2_ws/install/py_actioncli/lib/libpy_actioncli__rosidl_typesupport_introspection_cpp.so" to ""
-- Installing: /home/user/ros2_workspaces/ros2_ws/install/py_actioncli/lib/libpy_actioncli__rosidl_typesupport_cpp.so
-- Set runtime path of "/home/user/ros2_workspaces/ros2_ws/install/py_actioncli/lib/libpy_actioncli__rosidl_typesupport_cpp.so" to ""
-- Installing: /home/user/ros2_workspaces/ros2_ws/install/py_actioncli/share/py_actioncli/environment/pythonpath.sh
-- Installing: /home/user/ros2_workspaces/ros2_ws/install/py_actioncli/share/py_actioncli/environment/pythonpath.dsv
-- Installing: /home/user/ros2_workspaces/ros2_ws/install/py_actioncli/local/lib/python3.10/dist-packages/py_actioncli-0.0.0-py3.10.egg-info
-- Installing: /home/user/ros2_workspaces/ros2_ws/install/py_actioncli/local/lib/python3.10/dist-packages/py_actioncli-0.0.0-py3.10.egg-info/SOURCES.txt
-- Installing: /home/user/ros2_workspaces/ros2_ws/install/py_actioncli/local/lib/python3.10/dist-packages/py_actioncli-0.0.0-py3.10.egg-info/PKG-INFO
-- Installing: /home/user/ros2_workspaces/ros2_ws/install/py_actioncli/local/lib/python3.10/dist-packages/py_actioncli-0.0.0-py3.10.egg-info/top_level.txt
-- Installing: /home/user/ros2_workspaces/ros2_ws/install/py_actioncli/local/lib/python3.10/dist-packages/py_actioncli-0.0.0-py3.10.egg-info/dependency_links.txt
-- Installing: /home/user/ros2_workspaces/ros2_ws/install/py_actioncli/local/lib/python3.10/dist-packages/py_actioncli
-- Installing: /home/user/ros2_workspaces/ros2_ws/install/py_actioncli/local/lib/python3.10/dist-packages/py_actioncli/py_actioncli_s__rosidl_typesupport_introspection_c.cpython-310-x86_64-linux-gnu.so
-- Installing: /home/user/ros2_workspaces/ros2_ws/install/py_actioncli/local/lib/python3.10/dist-packages/py_actioncli/_py_actioncli_s.ep.rosidl_typesupport_fastrtps_c.c
-- Installing: /home/user/ros2_workspaces/ros2_ws/install/py_actioncli/local/lib/python3.10/dist-packages/py_actioncli/_py_actioncli_s.ep.rosidl_typesupport_introspection_c.c
-- Installing: /home/user/ros2_workspaces/ros2_ws/install/py_actioncli/local/lib/python3.10/dist-packages/py_actioncli/_py_actioncli_s.ep.rosidl_typesupport_c.c
-- Installing: /home/user/ros2_workspaces/ros2_ws/install/py_actioncli/local/lib/python3.10/dist-packages/py_actioncli/py_actioncli_s__rosidl_typesupport_fastrtps_c.cpython-310-x86_64-linux-gnu.so
-- Installing: /home/user/ros2_workspaces/ros2_ws/install/py_actioncli/local/lib/python3.10/dist-packages/py_actioncli/__init__.py
-- Installing: /home/user/ros2_workspaces/ros2_ws/install/py_actioncli/local/lib/python3.10/dist-packages/py_actioncli/action
-- Installing: /home/user/ros2_workspaces/ros2_ws/install/py_actioncli/local/lib/python3.10/dist-packages/py_actioncli/action/__init__.py
-- Installing: /home/user/ros2_workspaces/ros2_ws/install/py_actioncli/local/lib/python3.10/dist-packages/py_actioncli/action/_fibonacci.py
-- Installing: /home/user/ros2_workspaces/ros2_ws/install/py_actioncli/local/lib/python3.10/dist-packages/py_actioncli/action/_fibonacci_s.c
-- Installing: /home/user/ros2_workspaces/ros2_ws/install/py_actioncli/local/lib/python3.10/dist-packages/py_actioncli/py_actioncli_s__rosidl_typesupport_c.cpython-310-x86_64-linux-gnu.so
-- Installing: /home/user/ros2_workspaces/ros2_ws/install/py_actioncli/local/lib/python3.10/dist-packages/py_actioncli/libpy_actioncli__rosidl_generator_py.so
Listing '/home/user/ros2_workspaces/ros2_ws/install/py_actioncli/local/lib/python3.10/dist-packages/py_actioncli'...
Compiling '/home/user/ros2_workspaces/ros2_ws/install/py_actioncli/local/lib/python3.10/dist-packages/py_actioncli/__init__.py'...
Listing '/home/user/ros2_workspaces/ros2_ws/install/py_actioncli/local/lib/python3.10/dist-packages/py_actioncli/action'...
Compiling '/home/user/ros2_workspaces/ros2_ws/install/py_actioncli/local/lib/python3.10/dist-packages/py_actioncli/action/__init__.py'...
Compiling '/home/user/ros2_workspaces/ros2_ws/install/py_actioncli/local/lib/python3.10/dist-packages/py_actioncli/action/_fibonacci.py'...
-- Installing: /home/user/ros2_workspaces/ros2_ws/install/py_actioncli/local/lib/python3.10/dist-packages/py_actioncli/py_actioncli_s__rosidl_typesupport_fastrtps_c.cpython-310-x86_64-linux-gnu.so
-- Set runtime path of "/home/user/ros2_workspaces/ros2_ws/install/py_actioncli/local/lib/python3.10/dist-packages/py_actioncli/py_actioncli_s__rosidl_typesupport_fastrtps_c.cpython-310-x86_64-linux-gnu.so" to ""
-- Installing: /home/user/ros2_workspaces/ros2_ws/install/py_actioncli/local/lib/python3.10/dist-packages/py_actioncli/py_actioncli_s__rosidl_typesupport_introspection_c.cpython-310-x86_64-linux-gnu.so
-- Set runtime path of "/home/user/ros2_workspaces/ros2_ws/install/py_actioncli/local/lib/python3.10/dist-packages/py_actioncli/py_actioncli_s__rosidl_typesupport_introspection_c.cpython-310-x86_64-linux-gnu.so" to ""
-- Installing: /home/user/ros2_workspaces/ros2_ws/install/py_actioncli/local/lib/python3.10/dist-packages/py_actioncli/py_actioncli_s__rosidl_typesupport_c.cpython-310-x86_64-linux-gnu.so
-- Set runtime path of "/home/user/ros2_workspaces/ros2_ws/install/py_actioncli/local/lib/python3.10/dist-packages/py_actioncli/py_actioncli_s__rosidl_typesupport_c.cpython-310-x86_64-linux-gnu.so" to ""
-- Installing: /home/user/ros2_workspaces/ros2_ws/install/py_actioncli/lib/libpy_actioncli__rosidl_generator_py.so
-- Set runtime path of "/home/user/ros2_workspaces/ros2_ws/install/py_actioncli/lib/libpy_actioncli__rosidl_generator_py.so" to ""
-- Installing: /home/user/ros2_workspaces/ros2_ws/install/py_actioncli/share/py_actioncli/action/Fibonacci.idl
-- Installing: /home/user/ros2_workspaces/ros2_ws/install/py_actioncli/share/py_actioncli/action/Fibonacci.action
-- Installing: /home/user/ros2_workspaces/ros2_ws/install/py_actioncli/share/ament_index/resource_index/package_run_dependencies/py_actioncli
-- Installing: /home/user/ros2_workspaces/ros2_ws/install/py_actioncli/share/ament_index/resource_index/parent_prefix_path/py_actioncli
-- Installing: /home/user/ros2_workspaces/ros2_ws/install/py_actioncli/share/py_actioncli/environment/ament_prefix_path.sh
-- Installing: /home/user/ros2_workspaces/ros2_ws/install/py_actioncli/share/py_actioncli/environment/ament_prefix_path.dsv
-- Installing: /home/user/ros2_workspaces/ros2_ws/install/py_actioncli/share/py_actioncli/environment/path.sh
-- Installing: /home/user/ros2_workspaces/ros2_ws/install/py_actioncli/share/py_actioncli/environment/path.dsv
-- Installing: /home/user/ros2_workspaces/ros2_ws/install/py_actioncli/share/py_actioncli/local_setup.bash
-- Installing: /home/user/ros2_workspaces/ros2_ws/install/py_actioncli/share/py_actioncli/local_setup.sh
-- Installing: /home/user/ros2_workspaces/ros2_ws/install/py_actioncli/share/py_actioncli/local_setup.zsh
-- Installing: /home/user/ros2_workspaces/ros2_ws/install/py_actioncli/share/py_actioncli/local_setup.dsv
-- Installing: /home/user/ros2_workspaces/ros2_ws/install/py_actioncli/share/py_actioncli/package.dsv
-- Installing: /home/user/ros2_workspaces/ros2_ws/install/py_actioncli/share/ament_index/resource_index/packages/py_actioncli
-- Installing: /home/user/ros2_workspaces/ros2_ws/install/py_actioncli/share/py_actioncli/cmake/export_py_actioncli__rosidl_generator_cExport.cmake
-- Installing: /home/user/ros2_workspaces/ros2_ws/install/py_actioncli/share/py_actioncli/cmake/export_py_actioncli__rosidl_generator_cExport-noconfig.cmake
-- Installing: /home/user/ros2_workspaces/ros2_ws/install/py_actioncli/share/py_actioncli/cmake/export_py_actioncli__rosidl_typesupport_fastrtps_cExport.cmake
-- Installing: /home/user/ros2_workspaces/ros2_ws/install/py_actioncli/share/py_actioncli/cmake/export_py_actioncli__rosidl_typesupport_fastrtps_cExport-noconfig.cmake
-- Installing: /home/user/ros2_workspaces/ros2_ws/install/py_actioncli/share/py_actioncli/cmake/py_actioncli__rosidl_typesupport_introspection_cExport.cmake
-- Installing: /home/user/ros2_workspaces/ros2_ws/install/py_actioncli/share/py_actioncli/cmake/py_actioncli__rosidl_typesupport_introspection_cExport-noconfig.cmake
-- Installing: /home/user/ros2_workspaces/ros2_ws/install/py_actioncli/share/py_actioncli/cmake/py_actioncli__rosidl_typesupport_cExport.cmake
-- Installing: /home/user/ros2_workspaces/ros2_ws/install/py_actioncli/share/py_actioncli/cmake/py_actioncli__rosidl_typesupport_cExport-noconfig.cmake
-- Installing: /home/user/ros2_workspaces/ros2_ws/install/py_actioncli/share/py_actioncli/cmake/export_py_actioncli__rosidl_generator_cppExport.cmake
-- Installing: /home/user/ros2_workspaces/ros2_ws/install/py_actioncli/share/py_actioncli/cmake/export_py_actioncli__rosidl_typesupport_fastrtps_cppExport.cmake
-- Installing: /home/user/ros2_workspaces/ros2_ws/install/py_actioncli/share/py_actioncli/cmake/export_py_actioncli__rosidl_typesupport_fastrtps_cppExport-noconfig.cmake
-- Installing: /home/user/ros2_workspaces/ros2_ws/install/py_actioncli/share/py_actioncli/cmake/py_actioncli__rosidl_typesupport_introspection_cppExport.cmake
-- Installing: /home/user/ros2_workspaces/ros2_ws/install/py_actioncli/share/py_actioncli/cmake/py_actioncli__rosidl_typesupport_introspection_cppExport-noconfig.cmake
-- Installing: /home/user/ros2_workspaces/ros2_ws/install/py_actioncli/share/py_actioncli/cmake/py_actioncli__rosidl_typesupport_cppExport.cmake
-- Installing: /home/user/ros2_workspaces/ros2_ws/install/py_actioncli/share/py_actioncli/cmake/py_actioncli__rosidl_typesupport_cppExport-noconfig.cmake
-- Installing: /home/user/ros2_workspaces/ros2_ws/install/py_actioncli/share/py_actioncli/cmake/export_py_actioncli__rosidl_generator_pyExport.cmake
-- Installing: /home/user/ros2_workspaces/ros2_ws/install/py_actioncli/share/py_actioncli/cmake/export_py_actioncli__rosidl_generator_pyExport-noconfig.cmake
-- Installing: /home/user/ros2_workspaces/ros2_ws/install/py_actioncli/share/py_actioncli/cmake/rosidl_cmake-extras.cmake
-- Installing: /home/user/ros2_workspaces/ros2_ws/install/py_actioncli/share/py_actioncli/cmake/ament_cmake_export_dependencies-extras.cmake
-- Installing: /home/user/ros2_workspaces/ros2_ws/install/py_actioncli/share/py_actioncli/cmake/ament_cmake_export_include_directories-extras.cmake
-- Installing: /home/user/ros2_workspaces/ros2_ws/install/py_actioncli/share/py_actioncli/cmake/ament_cmake_export_libraries-extras.cmake
-- Installing: /home/user/ros2_workspaces/ros2_ws/install/py_actioncli/share/py_actioncli/cmake/ament_cmake_export_targets-extras.cmake
-- Installing: /home/user/ros2_workspaces/ros2_ws/install/py_actioncli/share/py_actioncli/cmake/rosidl_cmake_export_typesupport_targets-extras.cmake
-- Installing: /home/user/ros2_workspaces/ros2_ws/install/py_actioncli/share/py_actioncli/cmake/rosidl_cmake_export_typesupport_libraries-extras.cmake
-- Installing: /home/user/ros2_workspaces/ros2_ws/install/py_actioncli/share/py_actioncli/cmake/py_actioncliConfig.cmake
-- Installing: /home/user/ros2_workspaces/ros2_ws/install/py_actioncli/share/py_actioncli/cmake/py_actioncliConfig-version.cmake
-- Installing: /home/user/ros2_workspaces/ros2_ws/install/py_actioncli/share/py_actioncli/package.xml
