[0.043s] Invoking command in '/home/user/ros2_workspaces/ros2_ws/build/py_actioncli': CMAKE_PREFIX_PATH=/opt/ros/humble /usr/bin/cmake /home/user/ros2_workspaces/ros2_ws/src/py_actioncli -DCMAKE_INSTALL_PREFIX=/home/user/ros2_workspaces/ros2_ws/install/py_actioncli
[0.163s] -- The C compiler identification is GNU 11.4.0
[0.260s] -- The CXX compiler identification is GNU 11.4.0
[0.272s] -- Detecting C compiler ABI info
[0.413s] -- Detecting C compiler ABI info - done
[0.426s] -- Check for working C compiler: /usr/bin/cc - skipped
[0.426s] -- Detecting C compile features
[0.426s] -- Detecting C compile features - done
[0.430s] -- Detecting CXX compiler ABI info
[0.622s] -- Detecting CXX compiler ABI info - done
[0.631s] -- Check for working CXX compiler: /usr/bin/c++ - skipped
[0.632s] -- Detecting CXX compile features
[0.633s] -- Detecting CXX compile features - done
[0.638s] -- Found ament_cmake: 1.3.5 (/opt/ros/humble/share/ament_cmake/cmake)
[0.891s] -- Found Python3: /usr/bin/python3.10 (found version "3.10.12") found components: Interpreter 
[1.011s] -- Found ament_lint_auto: 0.12.7 (/opt/ros/humble/share/ament_lint_auto/cmake)
[1.125s] -- Found rosidl_default_generators: 1.2.0 (/opt/ros/humble/share/rosidl_default_generators/cmake)
[1.128s] -- Using all available rosidl_typesupport_c: rosidl_typesupport_fastrtps_c;rosidl_typesupport_introspection_c
[1.136s] -- Found rosidl_adapter: 3.1.5 (/opt/ros/humble/share/rosidl_adapter/cmake)
[1.199s] -- Using all available rosidl_typesupport_cpp: rosidl_typesupport_fastrtps_cpp;rosidl_typesupport_introspection_cpp
[1.808s] -- Found ament_cmake_ros: 0.10.0 (/opt/ros/humble/share/ament_cmake_ros/cmake)
[2.158s] -- Using all available rosidl_typesupport_c: rosidl_typesupport_fastrtps_c;rosidl_typesupport_introspection_c
[2.575s] -- Using all available rosidl_typesupport_cpp: rosidl_typesupport_fastrtps_cpp;rosidl_typesupport_introspection_cpp
[2.631s] -- Found PythonInterp: /usr/bin/python3 (found suitable version "3.10.12", minimum required is "3.6") 
[2.638s] -- Found python_cmake_module: 0.10.0 (/opt/ros/humble/share/python_cmake_module/cmake)
[2.678s] -- Found PythonLibs: /usr/lib/x86_64-linux-gnu/libpython3.10.so (found suitable version "3.10.12", minimum required is "3.5") 
[2.678s] -- Using PYTHON_EXECUTABLE: /usr/bin/python3
[2.679s] -- Using PYTHON_INCLUDE_DIRS: /usr/include/python3.10
[2.679s] -- Using PYTHON_LIBRARIES: /usr/lib/x86_64-linux-gnu/libpython3.10.so
[2.718s] -- Found PythonExtra: .so  
[2.824s] -- Added test 'lint_cmake' to check CMake code style
[2.828s] -- Added test 'xmllint' to check XML markup files
[2.847s] -- Configuring done
[2.911s] -- Generating done
[2.911s] -- Build files have been written to: /home/user/ros2_workspaces/ros2_ws/build/py_actioncli
[2.936s] Invoked command in '/home/user/ros2_workspaces/ros2_ws/build/py_actioncli' returned '0': CMAKE_PREFIX_PATH=/opt/ros/humble /usr/bin/cmake /home/user/ros2_workspaces/ros2_ws/src/py_actioncli -DCMAKE_INSTALL_PREFIX=/home/user/ros2_workspaces/ros2_ws/install/py_actioncli
[2.936s] Invoking command in '/home/user/ros2_workspaces/ros2_ws/build/py_actioncli': CMAKE_PREFIX_PATH=/opt/ros/humble /usr/bin/cmake --build /home/user/ros2_workspaces/ros2_ws/build/py_actioncli -- -j3 -l3
[3.031s] [  3%] [34m[1mGenerating C code for ROS interfaces[0m
[3.043s] [  6%] [34m[1mGenerating C++ code for ROS interfaces[0m
[3.068s] [  6%] Built target ament_cmake_python_copy_py_actioncli
[3.630s] running egg_info
[3.631s] creating py_actioncli.egg-info
[3.632s] writing py_actioncli.egg-info/PKG-INFO
[3.634s] writing dependency_links to py_actioncli.egg-info/dependency_links.txt
[3.636s] writing top-level names to py_actioncli.egg-info/top_level.txt
[3.636s] writing manifest file 'py_actioncli.egg-info/SOURCES.txt'
[3.639s] reading manifest file 'py_actioncli.egg-info/SOURCES.txt'
[3.640s] writing manifest file 'py_actioncli.egg-info/SOURCES.txt'
[3.679s] [  6%] Built target ament_cmake_python_build_py_actioncli_egg
[3.897s] [  9%] [32mBuilding C object CMakeFiles/py_actioncli__rosidl_generator_c.dir/rosidl_generator_c/py_actioncli/action/detail/fibonacci__functions.c.o[0m
[3.921s] [  9%] Built target py_actioncli__cpp
[4.004s] [ 12%] [34m[1mGenerating C++ type support dispatch for ROS interfaces[0m
[4.008s] [ 16%] [34m[1mGenerating C++ type support for eProsima Fast-RTPS[0m
[4.488s] [ 19%] [32m[1mLinking C shared library libpy_actioncli__rosidl_generator_c.so[0m
[4.658s] [ 19%] Built target py_actioncli__rosidl_generator_c
[4.806s] [ 22%] [34m[1mGenerating C++ introspection for ROS interfaces[0m
[4.947s] [ 25%] [32mBuilding CXX object CMakeFiles/py_actioncli__rosidl_typesupport_fastrtps_cpp.dir/rosidl_typesupport_fastrtps_cpp/py_actioncli/action/detail/dds_fastrtps/fibonacci__type_support.cpp.o[0m
[4.987s] [ 29%] [32mBuilding CXX object CMakeFiles/py_actioncli__rosidl_typesupport_cpp.dir/rosidl_typesupport_cpp/py_actioncli/action/fibonacci__type_support.cpp.o[0m
[5.963s] [ 32%] [32mBuilding CXX object CMakeFiles/py_actioncli__rosidl_typesupport_introspection_cpp.dir/rosidl_typesupport_introspection_cpp/py_actioncli/action/detail/fibonacci__type_support.cpp.o[0m
[6.574s] [ 35%] [32m[1mLinking CXX shared library libpy_actioncli__rosidl_typesupport_cpp.so[0m
[6.797s] [ 35%] Built target py_actioncli__rosidl_typesupport_cpp
[6.818s] [ 38%] [32m[1mLinking CXX shared library libpy_actioncli__rosidl_typesupport_fastrtps_cpp.so[0m
[6.850s] [ 41%] [34m[1mGenerating C type support for eProsima Fast-RTPS[0m
[7.194s] [ 41%] Built target py_actioncli__rosidl_typesupport_fastrtps_cpp
[7.230s] [ 45%] [34m[1mGenerating C introspection for ROS interfaces[0m
[7.495s] [ 48%] [32mBuilding CXX object CMakeFiles/py_actioncli__rosidl_typesupport_fastrtps_c.dir/rosidl_typesupport_fastrtps_c/py_actioncli/action/detail/fibonacci__type_support_c.cpp.o[0m
[7.726s] [ 51%] [32m[1mLinking CXX shared library libpy_actioncli__rosidl_typesupport_introspection_cpp.so[0m
[7.995s] [ 51%] Built target py_actioncli__rosidl_typesupport_introspection_cpp
[8.045s] [ 54%] [34m[1mGenerating C type support dispatch for ROS interfaces[0m
[8.073s] [ 58%] [32mBuilding C object CMakeFiles/py_actioncli__rosidl_typesupport_introspection_c.dir/rosidl_typesupport_introspection_c/py_actioncli/action/detail/fibonacci__type_support.c.o[0m
[8.373s] [ 61%] [32m[1mLinking C shared library libpy_actioncli__rosidl_typesupport_introspection_c.so[0m
[8.502s] [ 61%] Built target py_actioncli__rosidl_typesupport_introspection_c
[8.514s] [ 64%] [32m[1mLinking CXX shared library libpy_actioncli__rosidl_typesupport_fastrtps_c.so[0m
[8.692s] [ 67%] [32mBuilding CXX object CMakeFiles/py_actioncli__rosidl_typesupport_c.dir/rosidl_typesupport_c/py_actioncli/action/fibonacci__type_support.cpp.o[0m
[8.705s] [ 67%] Built target py_actioncli__rosidl_typesupport_fastrtps_c
[8.793s] [ 70%] [32m[1mLinking CXX shared library libpy_actioncli__rosidl_typesupport_c.so[0m
[8.875s] [ 70%] Built target py_actioncli__rosidl_typesupport_c
[8.955s] [ 70%] Built target py_actioncli
[9.008s] [ 74%] [34m[1mGenerating Python code for ROS interfaces[0m
[10.138s] [ 74%] Built target py_actioncli__py
[10.197s] [ 77%] [32mBuilding C object CMakeFiles/py_actioncli__rosidl_generator_py.dir/rosidl_generator_py/py_actioncli/action/_fibonacci_s.c.o[0m
[10.577s] [ 80%] [32m[1mLinking C shared library rosidl_generator_py/py_actioncli/libpy_actioncli__rosidl_generator_py.so[0m
[10.672s] [ 80%] Built target py_actioncli__rosidl_generator_py
[10.751s] [ 83%] [32mBuilding C object CMakeFiles/py_actioncli__rosidl_typesupport_fastrtps_c__pyext.dir/rosidl_generator_py/py_actioncli/_py_actioncli_s.ep.rosidl_typesupport_fastrtps_c.c.o[0m
[10.775s] [ 87%] [32mBuilding C object CMakeFiles/py_actioncli__rosidl_typesupport_c__pyext.dir/rosidl_generator_py/py_actioncli/_py_actioncli_s.ep.rosidl_typesupport_c.c.o[0m
[10.788s] [ 90%] [32mBuilding C object CMakeFiles/py_actioncli__rosidl_typesupport_introspection_c__pyext.dir/rosidl_generator_py/py_actioncli/_py_actioncli_s.ep.rosidl_typesupport_introspection_c.c.o[0m
[11.082s] [ 93%] [32m[1mLinking C shared library rosidl_generator_py/py_actioncli/py_actioncli_s__rosidl_typesupport_fastrtps_c.cpython-310-x86_64-linux-gnu.so[0m
[11.083s] [ 96%] [32m[1mLinking C shared library rosidl_generator_py/py_actioncli/py_actioncli_s__rosidl_typesupport_c.cpython-310-x86_64-linux-gnu.so[0m
[11.221s] [100%] [32m[1mLinking C shared library rosidl_generator_py/py_actioncli/py_actioncli_s__rosidl_typesupport_introspection_c.cpython-310-x86_64-linux-gnu.so[0m
[11.318s] [100%] Built target py_actioncli__rosidl_typesupport_introspection_c__pyext
[11.327s] [100%] Built target py_actioncli__rosidl_typesupport_c__pyext
[11.340s] [100%] Built target py_actioncli__rosidl_typesupport_fastrtps_c__pyext
[11.377s] Invoked command in '/home/user/ros2_workspaces/ros2_ws/build/py_actioncli' returned '0': CMAKE_PREFIX_PATH=/opt/ros/humble /usr/bin/cmake --build /home/user/ros2_workspaces/ros2_ws/build/py_actioncli -- -j3 -l3
[11.762s] Invoking command in '/home/user/ros2_workspaces/ros2_ws/build/py_actioncli': CMAKE_PREFIX_PATH=/opt/ros/humble /usr/bin/cmake --install /home/user/ros2_workspaces/ros2_ws/build/py_actioncli
[11.778s] -- Install configuration: ""
[11.784s] -- Installing: /home/user/ros2_workspaces/ros2_ws/install/py_actioncli/share/ament_index/resource_index/rosidl_interfaces/py_actioncli
[11.784s] -- Installing: /home/user/ros2_workspaces/ros2_ws/install/py_actioncli/include/py_actioncli/py_actioncli
[11.784s] -- Installing: /home/user/ros2_workspaces/ros2_ws/install/py_actioncli/include/py_actioncli/py_actioncli/msg
[11.784s] -- Installing: /home/user/ros2_workspaces/ros2_ws/install/py_actioncli/include/py_actioncli/py_actioncli/msg/rosidl_generator_c__visibility_control.h
[11.784s] -- Installing: /home/user/ros2_workspaces/ros2_ws/install/py_actioncli/include/py_actioncli/py_actioncli/action
[11.784s] -- Installing: /home/user/ros2_workspaces/ros2_ws/install/py_actioncli/include/py_actioncli/py_actioncli/action/fibonacci.h
[11.784s] -- Installing: /home/user/ros2_workspaces/ros2_ws/install/py_actioncli/include/py_actioncli/py_actioncli/action/detail
[11.784s] -- Installing: /home/user/ros2_workspaces/ros2_ws/install/py_actioncli/include/py_actioncli/py_actioncli/action/detail/fibonacci__functions.h
[11.784s] -- Installing: /home/user/ros2_workspaces/ros2_ws/install/py_actioncli/include/py_actioncli/py_actioncli/action/detail/fibonacci__functions.c
[11.791s] -- Installing: /home/user/ros2_workspaces/ros2_ws/install/py_actioncli/include/py_actioncli/py_actioncli/action/detail/fibonacci__type_support.h
[11.792s] -- Installing: /home/user/ros2_workspaces/ros2_ws/install/py_actioncli/include/py_actioncli/py_actioncli/action/detail/fibonacci__struct.h
[11.797s] -- Installing: /home/user/ros2_workspaces/ros2_ws/install/py_actioncli/share/py_actioncli/environment/library_path.sh
[11.797s] -- Installing: /home/user/ros2_workspaces/ros2_ws/install/py_actioncli/share/py_actioncli/environment/library_path.dsv
[11.797s] -- Installing: /home/user/ros2_workspaces/ros2_ws/install/py_actioncli/lib/libpy_actioncli__rosidl_generator_c.so
[11.798s] -- Set runtime path of "/home/user/ros2_workspaces/ros2_ws/install/py_actioncli/lib/libpy_actioncli__rosidl_generator_c.so" to ""
[11.798s] -- Up-to-date: /home/user/ros2_workspaces/ros2_ws/install/py_actioncli/include/py_actioncli/py_actioncli
[11.798s] -- Up-to-date: /home/user/ros2_workspaces/ros2_ws/install/py_actioncli/include/py_actioncli/py_actioncli/msg
[11.798s] -- Installing: /home/user/ros2_workspaces/ros2_ws/install/py_actioncli/include/py_actioncli/py_actioncli/msg/rosidl_typesupport_fastrtps_c__visibility_control.h
[11.798s] -- Up-to-date: /home/user/ros2_workspaces/ros2_ws/install/py_actioncli/include/py_actioncli/py_actioncli/action
[11.798s] -- Up-to-date: /home/user/ros2_workspaces/ros2_ws/install/py_actioncli/include/py_actioncli/py_actioncli/action/detail
[11.798s] -- Installing: /home/user/ros2_workspaces/ros2_ws/install/py_actioncli/include/py_actioncli/py_actioncli/action/detail/fibonacci__rosidl_typesupport_fastrtps_c.h
[11.799s] -- Installing: /home/user/ros2_workspaces/ros2_ws/install/py_actioncli/lib/libpy_actioncli__rosidl_typesupport_fastrtps_c.so
[11.799s] -- Set runtime path of "/home/user/ros2_workspaces/ros2_ws/install/py_actioncli/lib/libpy_actioncli__rosidl_typesupport_fastrtps_c.so" to ""
[11.799s] -- Up-to-date: /home/user/ros2_workspaces/ros2_ws/install/py_actioncli/include/py_actioncli/py_actioncli
[11.799s] -- Up-to-date: /home/user/ros2_workspaces/ros2_ws/install/py_actioncli/include/py_actioncli/py_actioncli/msg
[11.799s] -- Installing: /home/user/ros2_workspaces/ros2_ws/install/py_actioncli/include/py_actioncli/py_actioncli/msg/rosidl_typesupport_introspection_c__visibility_control.h
[11.799s] -- Up-to-date: /home/user/ros2_workspaces/ros2_ws/install/py_actioncli/include/py_actioncli/py_actioncli/action
[11.799s] -- Up-to-date: /home/user/ros2_workspaces/ros2_ws/install/py_actioncli/include/py_actioncli/py_actioncli/action/detail
[11.799s] -- Installing: /home/user/ros2_workspaces/ros2_ws/install/py_actioncli/include/py_actioncli/py_actioncli/action/detail/fibonacci__rosidl_typesupport_introspection_c.h
[11.800s] -- Installing: /home/user/ros2_workspaces/ros2_ws/install/py_actioncli/include/py_actioncli/py_actioncli/action/detail/fibonacci__type_support.c
[11.800s] -- Installing: /home/user/ros2_workspaces/ros2_ws/install/py_actioncli/lib/libpy_actioncli__rosidl_typesupport_introspection_c.so
[11.800s] -- Set runtime path of "/home/user/ros2_workspaces/ros2_ws/install/py_actioncli/lib/libpy_actioncli__rosidl_typesupport_introspection_c.so" to ""
[11.800s] -- Installing: /home/user/ros2_workspaces/ros2_ws/install/py_actioncli/lib/libpy_actioncli__rosidl_typesupport_c.so
[11.800s] -- Set runtime path of "/home/user/ros2_workspaces/ros2_ws/install/py_actioncli/lib/libpy_actioncli__rosidl_typesupport_c.so" to ""
[11.800s] -- Up-to-date: /home/user/ros2_workspaces/ros2_ws/install/py_actioncli/include/py_actioncli/py_actioncli
[11.800s] -- Up-to-date: /home/user/ros2_workspaces/ros2_ws/install/py_actioncli/include/py_actioncli/py_actioncli/action
[11.801s] -- Up-to-date: /home/user/ros2_workspaces/ros2_ws/install/py_actioncli/include/py_actioncli/py_actioncli/action/detail
[11.804s] -- Installing: /home/user/ros2_workspaces/ros2_ws/install/py_actioncli/include/py_actioncli/py_actioncli/action/detail/fibonacci__traits.hpp
[11.804s] -- Installing: /home/user/ros2_workspaces/ros2_ws/install/py_actioncli/include/py_actioncli/py_actioncli/action/detail/fibonacci__builder.hpp
[11.804s] -- Installing: /home/user/ros2_workspaces/ros2_ws/install/py_actioncli/include/py_actioncli/py_actioncli/action/detail/fibonacci__struct.hpp
[11.804s] -- Installing: /home/user/ros2_workspaces/ros2_ws/install/py_actioncli/include/py_actioncli/py_actioncli/action/fibonacci.hpp
[11.804s] -- Up-to-date: /home/user/ros2_workspaces/ros2_ws/install/py_actioncli/include/py_actioncli/py_actioncli
[11.804s] -- Up-to-date: /home/user/ros2_workspaces/ros2_ws/install/py_actioncli/include/py_actioncli/py_actioncli/msg
[11.804s] -- Installing: /home/user/ros2_workspaces/ros2_ws/install/py_actioncli/include/py_actioncli/py_actioncli/msg/rosidl_typesupport_fastrtps_cpp__visibility_control.h
[11.804s] -- Up-to-date: /home/user/ros2_workspaces/ros2_ws/install/py_actioncli/include/py_actioncli/py_actioncli/action
[11.805s] -- Up-to-date: /home/user/ros2_workspaces/ros2_ws/install/py_actioncli/include/py_actioncli/py_actioncli/action/detail
[11.805s] -- Installing: /home/user/ros2_workspaces/ros2_ws/install/py_actioncli/include/py_actioncli/py_actioncli/action/detail/dds_fastrtps
[11.805s] -- Installing: /home/user/ros2_workspaces/ros2_ws/install/py_actioncli/include/py_actioncli/py_actioncli/action/detail/fibonacci__rosidl_typesupport_fastrtps_cpp.hpp
[11.805s] -- Installing: /home/user/ros2_workspaces/ros2_ws/install/py_actioncli/lib/libpy_actioncli__rosidl_typesupport_fastrtps_cpp.so
[11.805s] -- Set runtime path of "/home/user/ros2_workspaces/ros2_ws/install/py_actioncli/lib/libpy_actioncli__rosidl_typesupport_fastrtps_cpp.so" to ""
[11.805s] -- Up-to-date: /home/user/ros2_workspaces/ros2_ws/install/py_actioncli/include/py_actioncli/py_actioncli
[11.805s] -- Up-to-date: /home/user/ros2_workspaces/ros2_ws/install/py_actioncli/include/py_actioncli/py_actioncli/action
[11.805s] -- Up-to-date: /home/user/ros2_workspaces/ros2_ws/install/py_actioncli/include/py_actioncli/py_actioncli/action/detail
[11.805s] -- Installing: /home/user/ros2_workspaces/ros2_ws/install/py_actioncli/include/py_actioncli/py_actioncli/action/detail/fibonacci__rosidl_typesupport_introspection_cpp.hpp
[11.805s] -- Installing: /home/user/ros2_workspaces/ros2_ws/install/py_actioncli/include/py_actioncli/py_actioncli/action/detail/fibonacci__type_support.cpp
[11.805s] -- Installing: /home/user/ros2_workspaces/ros2_ws/install/py_actioncli/lib/libpy_actioncli__rosidl_typesupport_introspection_cpp.so
[11.805s] -- Set runtime path of "/home/user/ros2_workspaces/ros2_ws/install/py_actioncli/lib/libpy_actioncli__rosidl_typesupport_introspection_cpp.so" to ""
[11.805s] -- Installing: /home/user/ros2_workspaces/ros2_ws/install/py_actioncli/lib/libpy_actioncli__rosidl_typesupport_cpp.so
[11.805s] -- Set runtime path of "/home/user/ros2_workspaces/ros2_ws/install/py_actioncli/lib/libpy_actioncli__rosidl_typesupport_cpp.so" to ""
[11.805s] -- Installing: /home/user/ros2_workspaces/ros2_ws/install/py_actioncli/share/py_actioncli/environment/pythonpath.sh
[11.806s] -- Installing: /home/user/ros2_workspaces/ros2_ws/install/py_actioncli/share/py_actioncli/environment/pythonpath.dsv
[11.806s] -- Installing: /home/user/ros2_workspaces/ros2_ws/install/py_actioncli/local/lib/python3.10/dist-packages/py_actioncli-0.0.0-py3.10.egg-info
[11.806s] -- Installing: /home/user/ros2_workspaces/ros2_ws/install/py_actioncli/local/lib/python3.10/dist-packages/py_actioncli-0.0.0-py3.10.egg-info/SOURCES.txt
[11.806s] -- Installing: /home/user/ros2_workspaces/ros2_ws/install/py_actioncli/local/lib/python3.10/dist-packages/py_actioncli-0.0.0-py3.10.egg-info/PKG-INFO
[11.806s] -- Installing: /home/user/ros2_workspaces/ros2_ws/install/py_actioncli/local/lib/python3.10/dist-packages/py_actioncli-0.0.0-py3.10.egg-info/top_level.txt
[11.806s] -- Installing: /home/user/ros2_workspaces/ros2_ws/install/py_actioncli/local/lib/python3.10/dist-packages/py_actioncli-0.0.0-py3.10.egg-info/dependency_links.txt
[11.806s] -- Installing: /home/user/ros2_workspaces/ros2_ws/install/py_actioncli/local/lib/python3.10/dist-packages/py_actioncli
[11.806s] -- Installing: /home/user/ros2_workspaces/ros2_ws/install/py_actioncli/local/lib/python3.10/dist-packages/py_actioncli/py_actioncli_s__rosidl_typesupport_introspection_c.cpython-310-x86_64-linux-gnu.so
[11.807s] -- Installing: /home/user/ros2_workspaces/ros2_ws/install/py_actioncli/local/lib/python3.10/dist-packages/py_actioncli/_py_actioncli_s.ep.rosidl_typesupport_fastrtps_c.c
[11.808s] -- Installing: /home/user/ros2_workspaces/ros2_ws/install/py_actioncli/local/lib/python3.10/dist-packages/py_actioncli/_py_actioncli_s.ep.rosidl_typesupport_introspection_c.c
[11.809s] -- Installing: /home/user/ros2_workspaces/ros2_ws/install/py_actioncli/local/lib/python3.10/dist-packages/py_actioncli/_py_actioncli_s.ep.rosidl_typesupport_c.c
[11.809s] -- Installing: /home/user/ros2_workspaces/ros2_ws/install/py_actioncli/local/lib/python3.10/dist-packages/py_actioncli/py_actioncli_s__rosidl_typesupport_fastrtps_c.cpython-310-x86_64-linux-gnu.so
[11.809s] -- Installing: /home/user/ros2_workspaces/ros2_ws/install/py_actioncli/local/lib/python3.10/dist-packages/py_actioncli/__init__.py
[11.809s] -- Installing: /home/user/ros2_workspaces/ros2_ws/install/py_actioncli/local/lib/python3.10/dist-packages/py_actioncli/action
[11.809s] -- Installing: /home/user/ros2_workspaces/ros2_ws/install/py_actioncli/local/lib/python3.10/dist-packages/py_actioncli/action/__init__.py
[11.809s] -- Installing: /home/user/ros2_workspaces/ros2_ws/install/py_actioncli/local/lib/python3.10/dist-packages/py_actioncli/action/_fibonacci.py
[11.809s] -- Installing: /home/user/ros2_workspaces/ros2_ws/install/py_actioncli/local/lib/python3.10/dist-packages/py_actioncli/action/_fibonacci_s.c
[11.809s] -- Installing: /home/user/ros2_workspaces/ros2_ws/install/py_actioncli/local/lib/python3.10/dist-packages/py_actioncli/py_actioncli_s__rosidl_typesupport_c.cpython-310-x86_64-linux-gnu.so
[11.809s] -- Installing: /home/user/ros2_workspaces/ros2_ws/install/py_actioncli/local/lib/python3.10/dist-packages/py_actioncli/libpy_actioncli__rosidl_generator_py.so
[11.900s] Listing '/home/user/ros2_workspaces/ros2_ws/install/py_actioncli/local/lib/python3.10/dist-packages/py_actioncli'...
[11.900s] Compiling '/home/user/ros2_workspaces/ros2_ws/install/py_actioncli/local/lib/python3.10/dist-packages/py_actioncli/__init__.py'...
[11.900s] Listing '/home/user/ros2_workspaces/ros2_ws/install/py_actioncli/local/lib/python3.10/dist-packages/py_actioncli/action'...
[11.900s] Compiling '/home/user/ros2_workspaces/ros2_ws/install/py_actioncli/local/lib/python3.10/dist-packages/py_actioncli/action/__init__.py'...
[11.900s] Compiling '/home/user/ros2_workspaces/ros2_ws/install/py_actioncli/local/lib/python3.10/dist-packages/py_actioncli/action/_fibonacci.py'...
[11.913s] -- Installing: /home/user/ros2_workspaces/ros2_ws/install/py_actioncli/local/lib/python3.10/dist-packages/py_actioncli/py_actioncli_s__rosidl_typesupport_fastrtps_c.cpython-310-x86_64-linux-gnu.so
[11.914s] -- Set runtime path of "/home/user/ros2_workspaces/ros2_ws/install/py_actioncli/local/lib/python3.10/dist-packages/py_actioncli/py_actioncli_s__rosidl_typesupport_fastrtps_c.cpython-310-x86_64-linux-gnu.so" to ""
[11.914s] -- Installing: /home/user/ros2_workspaces/ros2_ws/install/py_actioncli/local/lib/python3.10/dist-packages/py_actioncli/py_actioncli_s__rosidl_typesupport_introspection_c.cpython-310-x86_64-linux-gnu.so
[11.914s] -- Set runtime path of "/home/user/ros2_workspaces/ros2_ws/install/py_actioncli/local/lib/python3.10/dist-packages/py_actioncli/py_actioncli_s__rosidl_typesupport_introspection_c.cpython-310-x86_64-linux-gnu.so" to ""
[11.915s] -- Installing: /home/user/ros2_workspaces/ros2_ws/install/py_actioncli/local/lib/python3.10/dist-packages/py_actioncli/py_actioncli_s__rosidl_typesupport_c.cpython-310-x86_64-linux-gnu.so
[11.915s] -- Set runtime path of "/home/user/ros2_workspaces/ros2_ws/install/py_actioncli/local/lib/python3.10/dist-packages/py_actioncli/py_actioncli_s__rosidl_typesupport_c.cpython-310-x86_64-linux-gnu.so" to ""
[11.915s] -- Installing: /home/user/ros2_workspaces/ros2_ws/install/py_actioncli/lib/libpy_actioncli__rosidl_generator_py.so
[11.915s] -- Set runtime path of "/home/user/ros2_workspaces/ros2_ws/install/py_actioncli/lib/libpy_actioncli__rosidl_generator_py.so" to ""
[11.916s] -- Installing: /home/user/ros2_workspaces/ros2_ws/install/py_actioncli/share/py_actioncli/action/Fibonacci.idl
[11.916s] -- Installing: /home/user/ros2_workspaces/ros2_ws/install/py_actioncli/share/py_actioncli/action/Fibonacci.action
[11.916s] -- Installing: /home/user/ros2_workspaces/ros2_ws/install/py_actioncli/share/ament_index/resource_index/package_run_dependencies/py_actioncli
[11.916s] -- Installing: /home/user/ros2_workspaces/ros2_ws/install/py_actioncli/share/ament_index/resource_index/parent_prefix_path/py_actioncli
[11.925s] -- Installing: /home/user/ros2_workspaces/ros2_ws/install/py_actioncli/share/py_actioncli/environment/ament_prefix_path.sh
[11.925s] -- Installing: /home/user/ros2_workspaces/ros2_ws/install/py_actioncli/share/py_actioncli/environment/ament_prefix_path.dsv
[11.926s] -- Installing: /home/user/ros2_workspaces/ros2_ws/install/py_actioncli/share/py_actioncli/environment/path.sh
[11.926s] -- Installing: /home/user/ros2_workspaces/ros2_ws/install/py_actioncli/share/py_actioncli/environment/path.dsv
[11.926s] -- Installing: /home/user/ros2_workspaces/ros2_ws/install/py_actioncli/share/py_actioncli/local_setup.bash
[11.926s] -- Installing: /home/user/ros2_workspaces/ros2_ws/install/py_actioncli/share/py_actioncli/local_setup.sh
[11.932s] -- Installing: /home/user/ros2_workspaces/ros2_ws/install/py_actioncli/share/py_actioncli/local_setup.zsh
[11.932s] -- Installing: /home/user/ros2_workspaces/ros2_ws/install/py_actioncli/share/py_actioncli/local_setup.dsv
[11.933s] -- Installing: /home/user/ros2_workspaces/ros2_ws/install/py_actioncli/share/py_actioncli/package.dsv
[11.933s] -- Installing: /home/user/ros2_workspaces/ros2_ws/install/py_actioncli/share/ament_index/resource_index/packages/py_actioncli
[11.933s] -- Installing: /home/user/ros2_workspaces/ros2_ws/install/py_actioncli/share/py_actioncli/cmake/export_py_actioncli__rosidl_generator_cExport.cmake
[11.933s] -- Installing: /home/user/ros2_workspaces/ros2_ws/install/py_actioncli/share/py_actioncli/cmake/export_py_actioncli__rosidl_generator_cExport-noconfig.cmake
[11.933s] -- Installing: /home/user/ros2_workspaces/ros2_ws/install/py_actioncli/share/py_actioncli/cmake/export_py_actioncli__rosidl_typesupport_fastrtps_cExport.cmake
[11.934s] -- Installing: /home/user/ros2_workspaces/ros2_ws/install/py_actioncli/share/py_actioncli/cmake/export_py_actioncli__rosidl_typesupport_fastrtps_cExport-noconfig.cmake
[11.934s] -- Installing: /home/user/ros2_workspaces/ros2_ws/install/py_actioncli/share/py_actioncli/cmake/py_actioncli__rosidl_typesupport_introspection_cExport.cmake
[11.934s] -- Installing: /home/user/ros2_workspaces/ros2_ws/install/py_actioncli/share/py_actioncli/cmake/py_actioncli__rosidl_typesupport_introspection_cExport-noconfig.cmake
[11.935s] -- Installing: /home/user/ros2_workspaces/ros2_ws/install/py_actioncli/share/py_actioncli/cmake/py_actioncli__rosidl_typesupport_cExport.cmake
[11.935s] -- Installing: /home/user/ros2_workspaces/ros2_ws/install/py_actioncli/share/py_actioncli/cmake/py_actioncli__rosidl_typesupport_cExport-noconfig.cmake
[11.936s] -- Installing: /home/user/ros2_workspaces/ros2_ws/install/py_actioncli/share/py_actioncli/cmake/export_py_actioncli__rosidl_generator_cppExport.cmake
[11.937s] -- Installing: /home/user/ros2_workspaces/ros2_ws/install/py_actioncli/share/py_actioncli/cmake/export_py_actioncli__rosidl_typesupport_fastrtps_cppExport.cmake
[11.937s] -- Installing: /home/user/ros2_workspaces/ros2_ws/install/py_actioncli/share/py_actioncli/cmake/export_py_actioncli__rosidl_typesupport_fastrtps_cppExport-noconfig.cmake
[11.937s] -- Installing: /home/user/ros2_workspaces/ros2_ws/install/py_actioncli/share/py_actioncli/cmake/py_actioncli__rosidl_typesupport_introspection_cppExport.cmake
[11.937s] -- Installing: /home/user/ros2_workspaces/ros2_ws/install/py_actioncli/share/py_actioncli/cmake/py_actioncli__rosidl_typesupport_introspection_cppExport-noconfig.cmake
[11.938s] -- Installing: /home/user/ros2_workspaces/ros2_ws/install/py_actioncli/share/py_actioncli/cmake/py_actioncli__rosidl_typesupport_cppExport.cmake
[11.938s] -- Installing: /home/user/ros2_workspaces/ros2_ws/install/py_actioncli/share/py_actioncli/cmake/py_actioncli__rosidl_typesupport_cppExport-noconfig.cmake
[11.938s] -- Installing: /home/user/ros2_workspaces/ros2_ws/install/py_actioncli/share/py_actioncli/cmake/export_py_actioncli__rosidl_generator_pyExport.cmake
[11.938s] -- Installing: /home/user/ros2_workspaces/ros2_ws/install/py_actioncli/share/py_actioncli/cmake/export_py_actioncli__rosidl_generator_pyExport-noconfig.cmake
[11.938s] -- Installing: /home/user/ros2_workspaces/ros2_ws/install/py_actioncli/share/py_actioncli/cmake/rosidl_cmake-extras.cmake
[11.938s] -- Installing: /home/user/ros2_workspaces/ros2_ws/install/py_actioncli/share/py_actioncli/cmake/ament_cmake_export_dependencies-extras.cmake
[11.938s] -- Installing: /home/user/ros2_workspaces/ros2_ws/install/py_actioncli/share/py_actioncli/cmake/ament_cmake_export_include_directories-extras.cmake
[11.938s] -- Installing: /home/user/ros2_workspaces/ros2_ws/install/py_actioncli/share/py_actioncli/cmake/ament_cmake_export_libraries-extras.cmake
[11.938s] -- Installing: /home/user/ros2_workspaces/ros2_ws/install/py_actioncli/share/py_actioncli/cmake/ament_cmake_export_targets-extras.cmake
[11.938s] -- Installing: /home/user/ros2_workspaces/ros2_ws/install/py_actioncli/share/py_actioncli/cmake/rosidl_cmake_export_typesupport_targets-extras.cmake
[11.938s] -- Installing: /home/user/ros2_workspaces/ros2_ws/install/py_actioncli/share/py_actioncli/cmake/rosidl_cmake_export_typesupport_libraries-extras.cmake
[11.938s] -- Installing: /home/user/ros2_workspaces/ros2_ws/install/py_actioncli/share/py_actioncli/cmake/py_actioncliConfig.cmake
[11.938s] -- Installing: /home/user/ros2_workspaces/ros2_ws/install/py_actioncli/share/py_actioncli/cmake/py_actioncliConfig-version.cmake
[11.938s] -- Installing: /home/user/ros2_workspaces/ros2_ws/install/py_actioncli/share/py_actioncli/package.xml
[11.952s] Invoked command in '/home/user/ros2_workspaces/ros2_ws/build/py_actioncli' returned '0': CMAKE_PREFIX_PATH=/opt/ros/humble /usr/bin/cmake --install /home/user/ros2_workspaces/ros2_ws/build/py_actioncli
