[0.455s] DEBUG:colcon:Command line arguments: ['/usr/bin/colcon', 'build', '--packages-select', 'py_actioncli']
[0.455s] DEBUG:colcon:Parsed command line arguments: Namespace(log_base=None, log_level=None, verb_name='build', build_base='build', install_base='install', merge_install=False, symlink_install=False, test_result_base=None, continue_on_error=False, executor='parallel', parallel_workers=3, event_handlers=None, ignore_user_meta=False, metas=['./colcon.meta'], base_paths=['.'], packages_ignore=None, packages_ignore_regex=None, paths=None, packages_up_to=None, packages_up_to_regex=None, packages_above=None, packages_above_and_dependencies=None, packages_above_depth=None, packages_select_by_dep=None, packages_skip_by_dep=None, packages_skip_up_to=None, packages_select_build_failed=False, packages_skip_build_finished=False, packages_select_test_failures=False, packages_skip_test_passed=False, packages_select=['py_actioncli'], packages_skip=None, packages_select_regex=None, packages_skip_regex=None, packages_start=None, packages_end=None, allow_overriding=[], ament_gradle_args=None, ament_gradle_task=None, cmake_args=None, cmake_target=None, cmake_target_skip_unavailable=False, cmake_clean_cache=False, cmake_clean_first=False, cmake_force_configure=False, gradle_args=None, gradle_task=None, ament_cmake_args=None, catkin_cmake_args=None, catkin_skip_building_tests=False, verb_parser=<colcon_defaults.argument_parser.defaults.DefaultArgumentsDecorator object at 0x7f8d2d4a7f10>, verb_extension=<colcon_core.verb.build.BuildVerb object at 0x7f8d2d5ef370>, main=<bound method BuildVerb.main of <colcon_core.verb.build.BuildVerb object at 0x7f8d2d5ef370>>)
[0.484s] Level 1:colcon.colcon_core.package_discovery:discover_packages(colcon_meta) check parameters
[0.485s] Level 1:colcon.colcon_core.package_discovery:discover_packages(recursive) check parameters
[0.485s] Level 1:colcon.colcon_core.package_discovery:discover_packages(ignore) check parameters
[0.485s] Level 1:colcon.colcon_core.package_discovery:discover_packages(path) check parameters
[0.485s] Level 1:colcon.colcon_core.package_discovery:discover_packages(colcon_meta) discover
[0.486s] Level 1:colcon.colcon_core.package_discovery:discover_packages(recursive) discover
[0.486s] INFO:colcon.colcon_core.package_discovery:Crawling recursively for packages in '/home/user/ros2_workspaces/ros2_ws'
[0.486s] Level 1:colcon.colcon_core.package_identification:_identify(.) by extensions ['ignore', 'ignore_ament_install']
[0.487s] Level 1:colcon.colcon_core.package_identification:_identify(.) by extension 'ignore'
[0.487s] Level 1:colcon.colcon_core.package_identification:_identify(.) by extension 'ignore_ament_install'
[0.487s] Level 1:colcon.colcon_core.package_identification:_identify(.) by extensions ['colcon_pkg']
[0.487s] Level 1:colcon.colcon_core.package_identification:_identify(.) by extension 'colcon_pkg'
[0.487s] Level 1:colcon.colcon_core.package_identification:_identify(.) by extensions ['colcon_meta']
[0.488s] Level 1:colcon.colcon_core.package_identification:_identify(.) by extension 'colcon_meta'
[0.488s] Level 1:colcon.colcon_core.package_identification:_identify(.) by extensions ['ament_gradle']
[0.488s] Level 1:colcon.colcon_core.package_identification:_identify(.) by extension 'ament_gradle'
[0.488s] Level 1:colcon.colcon_core.package_identification:_identify(.) by extensions ['ros']
[0.489s] Level 1:colcon.colcon_core.package_identification:_identify(.) by extension 'ros'
[0.514s] Level 1:colcon.colcon_core.package_identification:_identify(.) by extensions ['cmake', 'gradle', 'python']
[0.514s] Level 1:colcon.colcon_core.package_identification:_identify(.) by extension 'cmake'
[0.514s] Level 1:colcon.colcon_core.package_identification:_identify(.) by extension 'gradle'
[0.515s] Level 1:colcon.colcon_core.package_identification:_identify(.) by extension 'python'
[0.515s] Level 1:colcon.colcon_core.package_identification:_identify(.) by extensions ['python_setup_py']
[0.515s] Level 1:colcon.colcon_core.package_identification:_identify(.) by extension 'python_setup_py'
[0.515s] Level 1:colcon.colcon_core.package_identification:_identify(build) by extensions ['ignore', 'ignore_ament_install']
[0.516s] Level 1:colcon.colcon_core.package_identification:_identify(build) by extension 'ignore'
[0.516s] Level 1:colcon.colcon_core.package_identification:_identify(build) ignored
[0.516s] Level 1:colcon.colcon_core.package_identification:_identify(install) by extensions ['ignore', 'ignore_ament_install']
[0.517s] Level 1:colcon.colcon_core.package_identification:_identify(install) by extension 'ignore'
[0.517s] Level 1:colcon.colcon_core.package_identification:_identify(install) ignored
[0.517s] Level 1:colcon.colcon_core.package_identification:_identify(log) by extensions ['ignore', 'ignore_ament_install']
[0.518s] Level 1:colcon.colcon_core.package_identification:_identify(log) by extension 'ignore'
[0.518s] Level 1:colcon.colcon_core.package_identification:_identify(log) ignored
[0.518s] Level 1:colcon.colcon_core.package_identification:_identify(src) by extensions ['ignore', 'ignore_ament_install']
[0.518s] Level 1:colcon.colcon_core.package_identification:_identify(src) by extension 'ignore'
[0.519s] Level 1:colcon.colcon_core.package_identification:_identify(src) by extension 'ignore_ament_install'
[0.519s] Level 1:colcon.colcon_core.package_identification:_identify(src) by extensions ['colcon_pkg']
[0.519s] Level 1:colcon.colcon_core.package_identification:_identify(src) by extension 'colcon_pkg'
[0.520s] Level 1:colcon.colcon_core.package_identification:_identify(src) by extensions ['colcon_meta']
[0.520s] Level 1:colcon.colcon_core.package_identification:_identify(src) by extension 'colcon_meta'
[0.521s] Level 1:colcon.colcon_core.package_identification:_identify(src) by extensions ['ament_gradle']
[0.521s] Level 1:colcon.colcon_core.package_identification:_identify(src) by extension 'ament_gradle'
[0.521s] Level 1:colcon.colcon_core.package_identification:_identify(src) by extensions ['ros']
[0.522s] Level 1:colcon.colcon_core.package_identification:_identify(src) by extension 'ros'
[0.522s] Level 1:colcon.colcon_core.package_identification:_identify(src) by extensions ['cmake', 'gradle', 'python']
[0.522s] Level 1:colcon.colcon_core.package_identification:_identify(src) by extension 'cmake'
[0.522s] Level 1:colcon.colcon_core.package_identification:_identify(src) by extension 'gradle'
[0.523s] Level 1:colcon.colcon_core.package_identification:_identify(src) by extension 'python'
[0.523s] Level 1:colcon.colcon_core.package_identification:_identify(src) by extensions ['python_setup_py']
[0.523s] Level 1:colcon.colcon_core.package_identification:_identify(src) by extension 'python_setup_py'
[0.523s] Level 1:colcon.colcon_core.package_identification:_identify(src/py_actioncli) by extensions ['ignore', 'ignore_ament_install']
[0.524s] Level 1:colcon.colcon_core.package_identification:_identify(src/py_actioncli) by extension 'ignore'
[0.524s] Level 1:colcon.colcon_core.package_identification:_identify(src/py_actioncli) by extension 'ignore_ament_install'
[0.524s] Level 1:colcon.colcon_core.package_identification:_identify(src/py_actioncli) by extensions ['colcon_pkg']
[0.524s] Level 1:colcon.colcon_core.package_identification:_identify(src/py_actioncli) by extension 'colcon_pkg'
[0.525s] Level 1:colcon.colcon_core.package_identification:_identify(src/py_actioncli) by extensions ['colcon_meta']
[0.525s] Level 1:colcon.colcon_core.package_identification:_identify(src/py_actioncli) by extension 'colcon_meta'
[0.525s] Level 1:colcon.colcon_core.package_identification:_identify(src/py_actioncli) by extensions ['ament_gradle']
[0.525s] Level 1:colcon.colcon_core.package_identification:_identify(src/py_actioncli) by extension 'ament_gradle'
[0.525s] Level 1:colcon.colcon_core.package_identification:_identify(src/py_actioncli) by extensions ['ros']
[0.526s] Level 1:colcon.colcon_core.package_identification:_identify(src/py_actioncli) by extension 'ros'
[0.529s] DEBUG:colcon.colcon_core.package_identification:Package 'src/py_actioncli' with type 'ros.ament_cmake' and name 'py_actioncli'
[0.529s] Level 1:colcon.colcon_core.package_identification:_identify(src/py_pubsub) by extensions ['ignore', 'ignore_ament_install']
[0.529s] Level 1:colcon.colcon_core.package_identification:_identify(src/py_pubsub) by extension 'ignore'
[0.529s] Level 1:colcon.colcon_core.package_identification:_identify(src/py_pubsub) by extension 'ignore_ament_install'
[0.530s] Level 1:colcon.colcon_core.package_identification:_identify(src/py_pubsub) by extensions ['colcon_pkg']
[0.530s] Level 1:colcon.colcon_core.package_identification:_identify(src/py_pubsub) by extension 'colcon_pkg'
[0.530s] Level 1:colcon.colcon_core.package_identification:_identify(src/py_pubsub) by extensions ['colcon_meta']
[0.531s] Level 1:colcon.colcon_core.package_identification:_identify(src/py_pubsub) by extension 'colcon_meta'
[0.531s] Level 1:colcon.colcon_core.package_identification:_identify(src/py_pubsub) by extensions ['ament_gradle']
[0.531s] Level 1:colcon.colcon_core.package_identification:_identify(src/py_pubsub) by extension 'ament_gradle'
[0.531s] Level 1:colcon.colcon_core.package_identification:_identify(src/py_pubsub) by extensions ['ros']
[0.531s] Level 1:colcon.colcon_core.package_identification:_identify(src/py_pubsub) by extension 'ros'
[0.532s] DEBUG:colcon.colcon_core.package_identification:Package 'src/py_pubsub' with type 'ros.ament_python' and name 'py_pubsub'
[0.533s] Level 1:colcon.colcon_core.package_identification:_identify(src/py_srvcli) by extensions ['ignore', 'ignore_ament_install']
[0.534s] Level 1:colcon.colcon_core.package_identification:_identify(src/py_srvcli) by extension 'ignore'
[0.534s] Level 1:colcon.colcon_core.package_identification:_identify(src/py_srvcli) by extension 'ignore_ament_install'
[0.534s] Level 1:colcon.colcon_core.package_identification:_identify(src/py_srvcli) by extensions ['colcon_pkg']
[0.534s] Level 1:colcon.colcon_core.package_identification:_identify(src/py_srvcli) by extension 'colcon_pkg'
[0.535s] Level 1:colcon.colcon_core.package_identification:_identify(src/py_srvcli) by extensions ['colcon_meta']
[0.535s] Level 1:colcon.colcon_core.package_identification:_identify(src/py_srvcli) by extension 'colcon_meta'
[0.535s] Level 1:colcon.colcon_core.package_identification:_identify(src/py_srvcli) by extensions ['ament_gradle']
[0.535s] Level 1:colcon.colcon_core.package_identification:_identify(src/py_srvcli) by extension 'ament_gradle'
[0.536s] Level 1:colcon.colcon_core.package_identification:_identify(src/py_srvcli) by extensions ['ros']
[0.536s] Level 1:colcon.colcon_core.package_identification:_identify(src/py_srvcli) by extension 'ros'
[0.538s] DEBUG:colcon.colcon_core.package_identification:Package 'src/py_srvcli' with type 'ros.ament_python' and name 'py_srvcli'
[0.538s] Level 1:colcon.colcon_core.package_discovery:discover_packages(recursive) using defaults
[0.539s] Level 1:colcon.colcon_core.package_discovery:discover_packages(ignore) discover
[0.539s] Level 1:colcon.colcon_core.package_discovery:discover_packages(ignore) using defaults
[0.539s] Level 1:colcon.colcon_core.package_discovery:discover_packages(path) discover
[0.539s] Level 1:colcon.colcon_core.package_discovery:discover_packages(path) using defaults
[0.565s] INFO:colcon.colcon_core.package_selection:Skipping not selected package 'py_pubsub' in 'src/py_pubsub'
[0.566s] INFO:colcon.colcon_core.package_selection:Skipping not selected package 'py_srvcli' in 'src/py_srvcli'
[0.567s] Level 1:colcon.colcon_core.package_discovery:discover_packages(prefix_path) check parameters
[0.567s] Level 1:colcon.colcon_core.package_discovery:discover_packages(prefix_path) discover
[0.571s] DEBUG:colcon.colcon_installed_package_information.package_discovery:Found 270 installed packages in /opt/ros/humble
[0.573s] Level 1:colcon.colcon_core.package_discovery:discover_packages(prefix_path) using defaults
[0.641s] Level 5:colcon.colcon_core.verb:set package 'py_actioncli' build argument 'ament_gradle_args' from command line to 'None'
[0.641s] Level 5:colcon.colcon_core.verb:set package 'py_actioncli' build argument 'ament_gradle_task' from command line to 'None'
[0.642s] Level 5:colcon.colcon_core.verb:set package 'py_actioncli' build argument 'cmake_args' from command line to 'None'
[0.642s] Level 5:colcon.colcon_core.verb:set package 'py_actioncli' build argument 'cmake_target' from command line to 'None'
[0.642s] Level 5:colcon.colcon_core.verb:set package 'py_actioncli' build argument 'cmake_target_skip_unavailable' from command line to 'False'
[0.642s] Level 5:colcon.colcon_core.verb:set package 'py_actioncli' build argument 'cmake_clean_cache' from command line to 'False'
[0.642s] Level 5:colcon.colcon_core.verb:set package 'py_actioncli' build argument 'cmake_clean_first' from command line to 'False'
[0.642s] Level 5:colcon.colcon_core.verb:set package 'py_actioncli' build argument 'cmake_force_configure' from command line to 'False'
[0.643s] Level 5:colcon.colcon_core.verb:set package 'py_actioncli' build argument 'gradle_args' from command line to 'None'
[0.643s] Level 5:colcon.colcon_core.verb:set package 'py_actioncli' build argument 'gradle_task' from command line to 'None'
[0.643s] Level 5:colcon.colcon_core.verb:set package 'py_actioncli' build argument 'ament_cmake_args' from command line to 'None'
[0.643s] Level 5:colcon.colcon_core.verb:set package 'py_actioncli' build argument 'catkin_cmake_args' from command line to 'None'
[0.643s] Level 5:colcon.colcon_core.verb:set package 'py_actioncli' build argument 'catkin_skip_building_tests' from command line to 'False'
[0.644s] DEBUG:colcon.colcon_core.verb:Building package 'py_actioncli' with the following arguments: {'ament_cmake_args': None, 'ament_gradle_args': None, 'ament_gradle_task': None, 'build_base': '/home/user/ros2_workspaces/ros2_ws/build/py_actioncli', 'catkin_cmake_args': None, 'catkin_skip_building_tests': False, 'cmake_args': None, 'cmake_clean_cache': False, 'cmake_clean_first': False, 'cmake_force_configure': False, 'cmake_target': None, 'cmake_target_skip_unavailable': False, 'gradle_args': None, 'gradle_task': None, 'install_base': '/home/user/ros2_workspaces/ros2_ws/install/py_actioncli', 'merge_install': False, 'path': '/home/user/ros2_workspaces/ros2_ws/src/py_actioncli', 'symlink_install': False, 'test_result_base': None}
[0.645s] INFO:colcon.colcon_core.executor:Executing jobs using 'parallel' executor
[0.649s] DEBUG:colcon.colcon_parallel_executor.executor.parallel:run_until_complete
[0.650s] INFO:colcon.colcon_ros.task.ament_cmake.build:Building ROS package in '/home/user/ros2_workspaces/ros2_ws/src/py_actioncli' with build type 'ament_cmake'
[0.650s] INFO:colcon.colcon_cmake.task.cmake.build:Building CMake package in '/home/user/ros2_workspaces/ros2_ws/src/py_actioncli'
[0.656s] INFO:colcon.colcon_core.plugin_system:Skipping extension 'colcon_core.shell.bat': Not used on non-Windows systems
[0.656s] INFO:colcon.colcon_core.shell:Skip shell extension 'powershell' for command environment: Not usable outside of PowerShell
[0.656s] DEBUG:colcon.colcon_core.shell:Skip shell extension 'dsv' for command environment
[0.696s] DEBUG:colcon.colcon_core.event_handler.log_command:Invoking command in '/home/user/ros2_workspaces/ros2_ws/build/py_actioncli': CMAKE_PREFIX_PATH=/opt/ros/humble /usr/bin/cmake /home/user/ros2_workspaces/ros2_ws/src/py_actioncli -DCMAKE_INSTALL_PREFIX=/home/user/ros2_workspaces/ros2_ws/install/py_actioncli
[3.588s] DEBUG:colcon.colcon_core.event_handler.log_command:Invoked command in '/home/user/ros2_workspaces/ros2_ws/build/py_actioncli' returned '0': CMAKE_PREFIX_PATH=/opt/ros/humble /usr/bin/cmake /home/user/ros2_workspaces/ros2_ws/src/py_actioncli -DCMAKE_INSTALL_PREFIX=/home/user/ros2_workspaces/ros2_ws/install/py_actioncli
[3.589s] DEBUG:colcon.colcon_core.event_handler.log_command:Invoking command in '/home/user/ros2_workspaces/ros2_ws/build/py_actioncli': CMAKE_PREFIX_PATH=/opt/ros/humble /usr/bin/cmake --build /home/user/ros2_workspaces/ros2_ws/build/py_actioncli -- -j3 -l3
[12.033s] DEBUG:colcon.colcon_core.event_handler.log_command:Invoked command in '/home/user/ros2_workspaces/ros2_ws/build/py_actioncli' returned '0': CMAKE_PREFIX_PATH=/opt/ros/humble /usr/bin/cmake --build /home/user/ros2_workspaces/ros2_ws/build/py_actioncli -- -j3 -l3
[12.414s] DEBUG:colcon.colcon_core.event_handler.log_command:Invoking command in '/home/user/ros2_workspaces/ros2_ws/build/py_actioncli': CMAKE_PREFIX_PATH=/opt/ros/humble /usr/bin/cmake --install /home/user/ros2_workspaces/ros2_ws/build/py_actioncli
[12.595s] Level 1:colcon.colcon_core.environment:create_environment_scripts_only(py_actioncli)
[12.604s] DEBUG:colcon.colcon_core.event_handler.log_command:Invoked command in '/home/user/ros2_workspaces/ros2_ws/build/py_actioncli' returned '0': CMAKE_PREFIX_PATH=/opt/ros/humble /usr/bin/cmake --install /home/user/ros2_workspaces/ros2_ws/build/py_actioncli
[12.611s] Level 1:colcon.colcon_core.environment:checking '/home/user/ros2_workspaces/ros2_ws/install/py_actioncli' for CMake module files
[12.612s] Level 1:colcon.colcon_core.environment:checking '/home/user/ros2_workspaces/ros2_ws/install/py_actioncli' for CMake config files
[12.612s] Level 1:colcon.colcon_core.shell:create_environment_hook('py_actioncli', 'cmake_prefix_path')
[12.614s] INFO:colcon.colcon_core.shell:Creating environment hook '/home/user/ros2_workspaces/ros2_ws/install/py_actioncli/share/py_actioncli/hook/cmake_prefix_path.ps1'
[12.615s] INFO:colcon.colcon_core.shell:Creating environment descriptor '/home/user/ros2_workspaces/ros2_ws/install/py_actioncli/share/py_actioncli/hook/cmake_prefix_path.dsv'
[12.616s] INFO:colcon.colcon_core.shell:Creating environment hook '/home/user/ros2_workspaces/ros2_ws/install/py_actioncli/share/py_actioncli/hook/cmake_prefix_path.sh'
[12.617s] Level 1:colcon.colcon_core.environment:checking '/home/user/ros2_workspaces/ros2_ws/install/py_actioncli/lib'
[12.618s] Level 1:colcon.colcon_core.shell:create_environment_hook('py_actioncli', 'ld_library_path_lib')
[12.619s] INFO:colcon.colcon_core.shell:Creating environment hook '/home/user/ros2_workspaces/ros2_ws/install/py_actioncli/share/py_actioncli/hook/ld_library_path_lib.ps1'
[12.620s] INFO:colcon.colcon_core.shell:Creating environment descriptor '/home/user/ros2_workspaces/ros2_ws/install/py_actioncli/share/py_actioncli/hook/ld_library_path_lib.dsv'
[12.620s] INFO:colcon.colcon_core.shell:Creating environment hook '/home/user/ros2_workspaces/ros2_ws/install/py_actioncli/share/py_actioncli/hook/ld_library_path_lib.sh'
[12.620s] Level 1:colcon.colcon_core.environment:checking '/home/user/ros2_workspaces/ros2_ws/install/py_actioncli/bin'
[12.621s] Level 1:colcon.colcon_core.environment:checking '/home/user/ros2_workspaces/ros2_ws/install/py_actioncli/lib/pkgconfig/py_actioncli.pc'
[12.621s] Level 1:colcon.colcon_core.environment:checking '/home/user/ros2_workspaces/ros2_ws/install/py_actioncli/lib/python3.10/site-packages'
[12.621s] Level 1:colcon.colcon_core.environment:checking '/home/user/ros2_workspaces/ros2_ws/install/py_actioncli/bin'
[12.623s] INFO:colcon.colcon_core.shell:Creating package script '/home/user/ros2_workspaces/ros2_ws/install/py_actioncli/share/py_actioncli/package.ps1'
[12.623s] INFO:colcon.colcon_core.shell:Creating package descriptor '/home/user/ros2_workspaces/ros2_ws/install/py_actioncli/share/py_actioncli/package.dsv'
[12.624s] INFO:colcon.colcon_core.shell:Creating package script '/home/user/ros2_workspaces/ros2_ws/install/py_actioncli/share/py_actioncli/package.sh'
[12.625s] INFO:colcon.colcon_core.shell:Creating package script '/home/user/ros2_workspaces/ros2_ws/install/py_actioncli/share/py_actioncli/package.bash'
[12.635s] INFO:colcon.colcon_core.shell:Creating package script '/home/user/ros2_workspaces/ros2_ws/install/py_actioncli/share/py_actioncli/package.zsh'
[12.638s] Level 1:colcon.colcon_core.environment:create_file_with_runtime_dependencies(/home/user/ros2_workspaces/ros2_ws/install/py_actioncli/share/colcon-core/packages/py_actioncli)
[12.883s] Level 1:colcon.colcon_core.environment:create_environment_scripts_only(py_actioncli)
[12.885s] Level 1:colcon.colcon_core.environment:checking '/home/user/ros2_workspaces/ros2_ws/install/py_actioncli' for CMake module files
[12.886s] Level 1:colcon.colcon_core.environment:checking '/home/user/ros2_workspaces/ros2_ws/install/py_actioncli' for CMake config files
[12.886s] Level 1:colcon.colcon_core.shell:create_environment_hook('py_actioncli', 'cmake_prefix_path')
[12.888s] INFO:colcon.colcon_core.shell:Creating environment hook '/home/user/ros2_workspaces/ros2_ws/install/py_actioncli/share/py_actioncli/hook/cmake_prefix_path.ps1'
[12.889s] INFO:colcon.colcon_core.shell:Creating environment descriptor '/home/user/ros2_workspaces/ros2_ws/install/py_actioncli/share/py_actioncli/hook/cmake_prefix_path.dsv'
[12.890s] INFO:colcon.colcon_core.shell:Creating environment hook '/home/user/ros2_workspaces/ros2_ws/install/py_actioncli/share/py_actioncli/hook/cmake_prefix_path.sh'
[12.891s] Level 1:colcon.colcon_core.environment:checking '/home/user/ros2_workspaces/ros2_ws/install/py_actioncli/lib'
[12.891s] Level 1:colcon.colcon_core.shell:create_environment_hook('py_actioncli', 'ld_library_path_lib')
[12.893s] INFO:colcon.colcon_core.shell:Creating environment hook '/home/user/ros2_workspaces/ros2_ws/install/py_actioncli/share/py_actioncli/hook/ld_library_path_lib.ps1'
[12.894s] INFO:colcon.colcon_core.shell:Creating environment descriptor '/home/user/ros2_workspaces/ros2_ws/install/py_actioncli/share/py_actioncli/hook/ld_library_path_lib.dsv'
[12.894s] INFO:colcon.colcon_core.shell:Creating environment hook '/home/user/ros2_workspaces/ros2_ws/install/py_actioncli/share/py_actioncli/hook/ld_library_path_lib.sh'
[12.895s] Level 1:colcon.colcon_core.environment:checking '/home/user/ros2_workspaces/ros2_ws/install/py_actioncli/bin'
[12.896s] Level 1:colcon.colcon_core.environment:checking '/home/user/ros2_workspaces/ros2_ws/install/py_actioncli/lib/pkgconfig/py_actioncli.pc'
[12.896s] Level 1:colcon.colcon_core.environment:checking '/home/user/ros2_workspaces/ros2_ws/install/py_actioncli/lib/python3.10/site-packages'
[12.897s] Level 1:colcon.colcon_core.environment:checking '/home/user/ros2_workspaces/ros2_ws/install/py_actioncli/bin'
[12.902s] INFO:colcon.colcon_core.shell:Creating package script '/home/user/ros2_workspaces/ros2_ws/install/py_actioncli/share/py_actioncli/package.ps1'
[12.903s] INFO:colcon.colcon_core.shell:Creating package descriptor '/home/user/ros2_workspaces/ros2_ws/install/py_actioncli/share/py_actioncli/package.dsv'
[12.904s] INFO:colcon.colcon_core.shell:Creating package script '/home/user/ros2_workspaces/ros2_ws/install/py_actioncli/share/py_actioncli/package.sh'
[12.906s] INFO:colcon.colcon_core.shell:Creating package script '/home/user/ros2_workspaces/ros2_ws/install/py_actioncli/share/py_actioncli/package.bash'
[12.907s] INFO:colcon.colcon_core.shell:Creating package script '/home/user/ros2_workspaces/ros2_ws/install/py_actioncli/share/py_actioncli/package.zsh'
[12.909s] Level 1:colcon.colcon_core.environment:create_file_with_runtime_dependencies(/home/user/ros2_workspaces/ros2_ws/install/py_actioncli/share/colcon-core/packages/py_actioncli)
[12.910s] DEBUG:colcon.colcon_parallel_executor.executor.parallel:closing loop
[12.910s] DEBUG:colcon.colcon_parallel_executor.executor.parallel:loop closed
[12.912s] DEBUG:colcon.colcon_parallel_executor.executor.parallel:run_until_complete finished with '0'
[12.912s] DEBUG:colcon.colcon_core.event_reactor:joining thread
[12.919s] INFO:colcon.colcon_core.plugin_system:Skipping extension 'colcon_notification.desktop_notification.terminal_notifier': Not used on non-Darwin systems
[12.920s] INFO:colcon.colcon_core.plugin_system:Skipping extension 'colcon_notification.desktop_notification.win32': Not used on non-Windows systems
[12.920s] INFO:colcon.colcon_notification.desktop_notification:Sending desktop notification using 'notify2'
[12.959s] DEBUG:colcon.colcon_core.event_reactor:joined thread
[12.961s] INFO:colcon.colcon_core.shell:Creating prefix script '/home/user/ros2_workspaces/ros2_ws/install/local_setup.ps1'
[12.962s] INFO:colcon.colcon_core.shell:Creating prefix util module '/home/user/ros2_workspaces/ros2_ws/install/_local_setup_util_ps1.py'
[12.964s] INFO:colcon.colcon_core.shell:Creating prefix chain script '/home/user/ros2_workspaces/ros2_ws/install/setup.ps1'
[12.967s] INFO:colcon.colcon_core.shell:Creating prefix script '/home/user/ros2_workspaces/ros2_ws/install/local_setup.sh'
[12.968s] INFO:colcon.colcon_core.shell:Creating prefix util module '/home/user/ros2_workspaces/ros2_ws/install/_local_setup_util_sh.py'
[12.969s] INFO:colcon.colcon_core.shell:Creating prefix chain script '/home/user/ros2_workspaces/ros2_ws/install/setup.sh'
[12.970s] INFO:colcon.colcon_core.shell:Creating prefix script '/home/user/ros2_workspaces/ros2_ws/install/local_setup.bash'
[12.971s] INFO:colcon.colcon_core.shell:Creating prefix chain script '/home/user/ros2_workspaces/ros2_ws/install/setup.bash'
[12.973s] INFO:colcon.colcon_core.shell:Creating prefix script '/home/user/ros2_workspaces/ros2_ws/install/local_setup.zsh'
[12.973s] INFO:colcon.colcon_core.shell:Creating prefix chain script '/home/user/ros2_workspaces/ros2_ws/install/setup.zsh'
