running egg_info
writing ../../build/py_actioncli/py_actioncli.egg-info/PKG-INFO
writing dependency_links to ../../build/py_actioncli/py_actioncli.egg-info/dependency_links.txt
writing entry points to ../../build/py_actioncli/py_actioncli.egg-info/entry_points.txt
writing requirements to ../../build/py_actioncli/py_actioncli.egg-info/requires.txt
writing top-level names to ../../build/py_actioncli/py_actioncli.egg-info/top_level.txt
reading manifest file '../../build/py_actioncli/py_actioncli.egg-info/SOURCES.txt'
writing manifest file '../../build/py_actioncli/py_actioncli.egg-info/SOURCES.txt'
running build
running build_py
running install
running install_lib
running install_data
running install_egg_info
removing '/home/user/ros2_workspaces/ros2_ws/install/py_actioncli/lib/python3.10/site-packages/py_actioncli-0.0.0-py3.10.egg-info' (and everything under it)
Copying ../../build/py_actioncli/py_actioncli.egg-info to /home/user/ros2_workspaces/ros2_ws/install/py_actioncli/lib/python3.10/site-packages/py_actioncli-0.0.0-py3.10.egg-info
running install_scripts
Installing client script to /home/user/ros2_workspaces/ros2_ws/install/py_actioncli/lib/py_actioncli
Installing server script to /home/user/ros2_workspaces/ros2_ws/install/py_actioncli/lib/py_actioncli
writing list of installed files to '/home/user/ros2_workspaces/ros2_ws/build/py_actioncli/install.log'
