[0.459s] DEBUG:colcon:Command line arguments: ['/usr/bin/colcon', 'build', '--packages-select', 'py_actioncli']
[0.459s] DEBUG:colcon:Parsed command line arguments: Namespace(log_base=None, log_level=None, verb_name='build', build_base='build', install_base='install', merge_install=False, symlink_install=False, test_result_base=None, continue_on_error=False, executor='parallel', parallel_workers=3, event_handlers=None, ignore_user_meta=False, metas=['./colcon.meta'], base_paths=['.'], packages_ignore=None, packages_ignore_regex=None, paths=None, packages_up_to=None, packages_up_to_regex=None, packages_above=None, packages_above_and_dependencies=None, packages_above_depth=None, packages_select_by_dep=None, packages_skip_by_dep=None, packages_skip_up_to=None, packages_select_build_failed=False, packages_skip_build_finished=False, packages_select_test_failures=False, packages_skip_test_passed=False, packages_select=['py_actioncli'], packages_skip=None, packages_select_regex=None, packages_skip_regex=None, packages_start=None, packages_end=None, allow_overriding=[], ament_gradle_args=None, ament_gradle_task=None, cmake_args=None, cmake_target=None, cmake_target_skip_unavailable=False, cmake_clean_cache=False, cmake_clean_first=False, cmake_force_configure=False, gradle_args=None, gradle_task=None, ament_cmake_args=None, catkin_cmake_args=None, catkin_skip_building_tests=False, verb_parser=<colcon_defaults.argument_parser.defaults.DefaultArgumentsDecorator object at 0x7fc9960980d0>, verb_extension=<colcon_core.verb.build.BuildVerb object at 0x7fc9961db4f0>, main=<bound method BuildVerb.main of <colcon_core.verb.build.BuildVerb object at 0x7fc9961db4f0>>)
[0.488s] Level 1:colcon.colcon_core.package_discovery:discover_packages(colcon_meta) check parameters
[0.489s] Level 1:colcon.colcon_core.package_discovery:discover_packages(recursive) check parameters
[0.489s] Level 1:colcon.colcon_core.package_discovery:discover_packages(ignore) check parameters
[0.489s] Level 1:colcon.colcon_core.package_discovery:discover_packages(path) check parameters
[0.489s] Level 1:colcon.colcon_core.package_discovery:discover_packages(colcon_meta) discover
[0.489s] Level 1:colcon.colcon_core.package_discovery:discover_packages(recursive) discover
[0.489s] INFO:colcon.colcon_core.package_discovery:Crawling recursively for packages in '/home/user/ros2_workspaces/ros2_ws/src'
[0.489s] Level 1:colcon.colcon_core.package_identification:_identify(.) by extensions ['ignore', 'ignore_ament_install']
[0.489s] Level 1:colcon.colcon_core.package_identification:_identify(.) by extension 'ignore'
[0.489s] Level 1:colcon.colcon_core.package_identification:_identify(.) by extension 'ignore_ament_install'
[0.489s] Level 1:colcon.colcon_core.package_identification:_identify(.) by extensions ['colcon_pkg']
[0.489s] Level 1:colcon.colcon_core.package_identification:_identify(.) by extension 'colcon_pkg'
[0.489s] Level 1:colcon.colcon_core.package_identification:_identify(.) by extensions ['colcon_meta']
[0.489s] Level 1:colcon.colcon_core.package_identification:_identify(.) by extension 'colcon_meta'
[0.489s] Level 1:colcon.colcon_core.package_identification:_identify(.) by extensions ['ament_gradle']
[0.489s] Level 1:colcon.colcon_core.package_identification:_identify(.) by extension 'ament_gradle'
[0.489s] Level 1:colcon.colcon_core.package_identification:_identify(.) by extensions ['ros']
[0.489s] Level 1:colcon.colcon_core.package_identification:_identify(.) by extension 'ros'
[0.509s] Level 1:colcon.colcon_core.package_identification:_identify(.) by extensions ['cmake', 'gradle', 'python']
[0.509s] Level 1:colcon.colcon_core.package_identification:_identify(.) by extension 'cmake'
[0.509s] Level 1:colcon.colcon_core.package_identification:_identify(.) by extension 'gradle'
[0.509s] Level 1:colcon.colcon_core.package_identification:_identify(.) by extension 'python'
[0.509s] Level 1:colcon.colcon_core.package_identification:_identify(.) by extensions ['python_setup_py']
[0.509s] Level 1:colcon.colcon_core.package_identification:_identify(.) by extension 'python_setup_py'
[0.510s] Level 1:colcon.colcon_core.package_identification:_identify(build) by extensions ['ignore', 'ignore_ament_install']
[0.510s] Level 1:colcon.colcon_core.package_identification:_identify(build) by extension 'ignore'
[0.510s] Level 1:colcon.colcon_core.package_identification:_identify(build) ignored
[0.510s] Level 1:colcon.colcon_core.package_identification:_identify(install) by extensions ['ignore', 'ignore_ament_install']
[0.511s] Level 1:colcon.colcon_core.package_identification:_identify(install) by extension 'ignore'
[0.511s] Level 1:colcon.colcon_core.package_identification:_identify(install) ignored
[0.511s] Level 1:colcon.colcon_core.package_identification:_identify(log) by extensions ['ignore', 'ignore_ament_install']
[0.511s] Level 1:colcon.colcon_core.package_identification:_identify(log) by extension 'ignore'
[0.511s] Level 1:colcon.colcon_core.package_identification:_identify(log) ignored
[0.511s] Level 1:colcon.colcon_core.package_identification:_identify(py_action_int) by extensions ['ignore', 'ignore_ament_install']
[0.511s] Level 1:colcon.colcon_core.package_identification:_identify(py_action_int) by extension 'ignore'
[0.511s] Level 1:colcon.colcon_core.package_identification:_identify(py_action_int) by extension 'ignore_ament_install'
[0.512s] Level 1:colcon.colcon_core.package_identification:_identify(py_action_int) by extensions ['colcon_pkg']
[0.512s] Level 1:colcon.colcon_core.package_identification:_identify(py_action_int) by extension 'colcon_pkg'
[0.512s] Level 1:colcon.colcon_core.package_identification:_identify(py_action_int) by extensions ['colcon_meta']
[0.512s] Level 1:colcon.colcon_core.package_identification:_identify(py_action_int) by extension 'colcon_meta'
[0.512s] Level 1:colcon.colcon_core.package_identification:_identify(py_action_int) by extensions ['ament_gradle']
[0.512s] Level 1:colcon.colcon_core.package_identification:_identify(py_action_int) by extension 'ament_gradle'
[0.512s] Level 1:colcon.colcon_core.package_identification:_identify(py_action_int) by extensions ['ros']
[0.512s] Level 1:colcon.colcon_core.package_identification:_identify(py_action_int) by extension 'ros'
[0.515s] DEBUG:colcon.colcon_core.package_identification:Package 'py_action_int' with type 'ros.ament_cmake' and name 'py_action_int'
[0.516s] Level 1:colcon.colcon_core.package_identification:_identify(py_actioncli) by extensions ['ignore', 'ignore_ament_install']
[0.516s] Level 1:colcon.colcon_core.package_identification:_identify(py_actioncli) by extension 'ignore'
[0.516s] Level 1:colcon.colcon_core.package_identification:_identify(py_actioncli) by extension 'ignore_ament_install'
[0.516s] Level 1:colcon.colcon_core.package_identification:_identify(py_actioncli) by extensions ['colcon_pkg']
[0.516s] Level 1:colcon.colcon_core.package_identification:_identify(py_actioncli) by extension 'colcon_pkg'
[0.516s] Level 1:colcon.colcon_core.package_identification:_identify(py_actioncli) by extensions ['colcon_meta']
[0.516s] Level 1:colcon.colcon_core.package_identification:_identify(py_actioncli) by extension 'colcon_meta'
[0.516s] Level 1:colcon.colcon_core.package_identification:_identify(py_actioncli) by extensions ['ament_gradle']
[0.516s] Level 1:colcon.colcon_core.package_identification:_identify(py_actioncli) by extension 'ament_gradle'
[0.516s] Level 1:colcon.colcon_core.package_identification:_identify(py_actioncli) by extensions ['ros']
[0.516s] Level 1:colcon.colcon_core.package_identification:_identify(py_actioncli) by extension 'ros'
[0.517s] DEBUG:colcon.colcon_core.package_identification:Package 'py_actioncli' with type 'ros.ament_python' and name 'py_actioncli'
[0.517s] Level 1:colcon.colcon_core.package_identification:_identify(py_pubsub) by extensions ['ignore', 'ignore_ament_install']
[0.517s] Level 1:colcon.colcon_core.package_identification:_identify(py_pubsub) by extension 'ignore'
[0.517s] Level 1:colcon.colcon_core.package_identification:_identify(py_pubsub) by extension 'ignore_ament_install'
[0.517s] Level 1:colcon.colcon_core.package_identification:_identify(py_pubsub) by extensions ['colcon_pkg']
[0.517s] Level 1:colcon.colcon_core.package_identification:_identify(py_pubsub) by extension 'colcon_pkg'
[0.517s] Level 1:colcon.colcon_core.package_identification:_identify(py_pubsub) by extensions ['colcon_meta']
[0.517s] Level 1:colcon.colcon_core.package_identification:_identify(py_pubsub) by extension 'colcon_meta'
[0.517s] Level 1:colcon.colcon_core.package_identification:_identify(py_pubsub) by extensions ['ament_gradle']
[0.517s] Level 1:colcon.colcon_core.package_identification:_identify(py_pubsub) by extension 'ament_gradle'
[0.517s] Level 1:colcon.colcon_core.package_identification:_identify(py_pubsub) by extensions ['ros']
[0.517s] Level 1:colcon.colcon_core.package_identification:_identify(py_pubsub) by extension 'ros'
[0.518s] DEBUG:colcon.colcon_core.package_identification:Package 'py_pubsub' with type 'ros.ament_python' and name 'py_pubsub'
[0.518s] Level 1:colcon.colcon_core.package_identification:_identify(py_srvcli) by extensions ['ignore', 'ignore_ament_install']
[0.518s] Level 1:colcon.colcon_core.package_identification:_identify(py_srvcli) by extension 'ignore'
[0.518s] Level 1:colcon.colcon_core.package_identification:_identify(py_srvcli) by extension 'ignore_ament_install'
[0.518s] Level 1:colcon.colcon_core.package_identification:_identify(py_srvcli) by extensions ['colcon_pkg']
[0.518s] Level 1:colcon.colcon_core.package_identification:_identify(py_srvcli) by extension 'colcon_pkg'
[0.518s] Level 1:colcon.colcon_core.package_identification:_identify(py_srvcli) by extensions ['colcon_meta']
[0.519s] Level 1:colcon.colcon_core.package_identification:_identify(py_srvcli) by extension 'colcon_meta'
[0.519s] Level 1:colcon.colcon_core.package_identification:_identify(py_srvcli) by extensions ['ament_gradle']
[0.519s] Level 1:colcon.colcon_core.package_identification:_identify(py_srvcli) by extension 'ament_gradle'
[0.519s] Level 1:colcon.colcon_core.package_identification:_identify(py_srvcli) by extensions ['ros']
[0.519s] Level 1:colcon.colcon_core.package_identification:_identify(py_srvcli) by extension 'ros'
[0.520s] DEBUG:colcon.colcon_core.package_identification:Package 'py_srvcli' with type 'ros.ament_python' and name 'py_srvcli'
[0.520s] Level 1:colcon.colcon_core.package_discovery:discover_packages(recursive) using defaults
[0.520s] Level 1:colcon.colcon_core.package_discovery:discover_packages(ignore) discover
[0.520s] Level 1:colcon.colcon_core.package_discovery:discover_packages(ignore) using defaults
[0.520s] Level 1:colcon.colcon_core.package_discovery:discover_packages(path) discover
[0.520s] Level 1:colcon.colcon_core.package_discovery:discover_packages(path) using defaults
[0.550s] INFO:colcon.colcon_core.package_selection:Skipping not selected package 'py_action_int' in 'py_action_int'
[0.551s] INFO:colcon.colcon_core.package_selection:Skipping not selected package 'py_pubsub' in 'py_pubsub'
[0.551s] INFO:colcon.colcon_core.package_selection:Skipping not selected package 'py_srvcli' in 'py_srvcli'
[0.551s] Level 1:colcon.colcon_core.package_discovery:discover_packages(prefix_path) check parameters
[0.552s] Level 1:colcon.colcon_core.package_discovery:discover_packages(prefix_path) discover
[0.555s] DEBUG:colcon.colcon_installed_package_information.package_discovery:Found 5 installed packages in /home/user/ros2_workspaces/ros2_ws/install
[0.556s] DEBUG:colcon.colcon_installed_package_information.package_discovery:Found 270 installed packages in /opt/ros/humble
[0.559s] Level 1:colcon.colcon_core.package_discovery:discover_packages(prefix_path) using defaults
[0.625s] Level 5:colcon.colcon_core.verb:set package 'py_actioncli' build argument 'ament_gradle_args' from command line to 'None'
[0.625s] Level 5:colcon.colcon_core.verb:set package 'py_actioncli' build argument 'ament_gradle_task' from command line to 'None'
[0.625s] Level 5:colcon.colcon_core.verb:set package 'py_actioncli' build argument 'cmake_args' from command line to 'None'
[0.625s] Level 5:colcon.colcon_core.verb:set package 'py_actioncli' build argument 'cmake_target' from command line to 'None'
[0.625s] Level 5:colcon.colcon_core.verb:set package 'py_actioncli' build argument 'cmake_target_skip_unavailable' from command line to 'False'
[0.625s] Level 5:colcon.colcon_core.verb:set package 'py_actioncli' build argument 'cmake_clean_cache' from command line to 'False'
[0.625s] Level 5:colcon.colcon_core.verb:set package 'py_actioncli' build argument 'cmake_clean_first' from command line to 'False'
[0.625s] Level 5:colcon.colcon_core.verb:set package 'py_actioncli' build argument 'cmake_force_configure' from command line to 'False'
[0.625s] Level 5:colcon.colcon_core.verb:set package 'py_actioncli' build argument 'gradle_args' from command line to 'None'
[0.625s] Level 5:colcon.colcon_core.verb:set package 'py_actioncli' build argument 'gradle_task' from command line to 'None'
[0.625s] Level 5:colcon.colcon_core.verb:set package 'py_actioncli' build argument 'ament_cmake_args' from command line to 'None'
[0.626s] Level 5:colcon.colcon_core.verb:set package 'py_actioncli' build argument 'catkin_cmake_args' from command line to 'None'
[0.626s] Level 5:colcon.colcon_core.verb:set package 'py_actioncli' build argument 'catkin_skip_building_tests' from command line to 'False'
[0.626s] DEBUG:colcon.colcon_core.verb:Building package 'py_actioncli' with the following arguments: {'ament_cmake_args': None, 'ament_gradle_args': None, 'ament_gradle_task': None, 'build_base': '/home/user/ros2_workspaces/ros2_ws/src/build/py_actioncli', 'catkin_cmake_args': None, 'catkin_skip_building_tests': False, 'cmake_args': None, 'cmake_clean_cache': False, 'cmake_clean_first': False, 'cmake_force_configure': False, 'cmake_target': None, 'cmake_target_skip_unavailable': False, 'gradle_args': None, 'gradle_task': None, 'install_base': '/home/user/ros2_workspaces/ros2_ws/src/install/py_actioncli', 'merge_install': False, 'path': '/home/user/ros2_workspaces/ros2_ws/src/py_actioncli', 'symlink_install': False, 'test_result_base': None}
[0.626s] INFO:colcon.colcon_core.executor:Executing jobs using 'parallel' executor
[0.630s] DEBUG:colcon.colcon_parallel_executor.executor.parallel:run_until_complete
[0.631s] INFO:colcon.colcon_ros.task.ament_python.build:Building ROS package in '/home/user/ros2_workspaces/ros2_ws/src/py_actioncli' with build type 'ament_python'
[0.631s] Level 1:colcon.colcon_core.shell:create_environment_hook('py_actioncli', 'ament_prefix_path')
[0.638s] INFO:colcon.colcon_core.plugin_system:Skipping extension 'colcon_core.shell.bat': Not used on non-Windows systems
[0.639s] INFO:colcon.colcon_core.shell:Creating environment hook '/home/user/ros2_workspaces/ros2_ws/src/install/py_actioncli/share/py_actioncli/hook/ament_prefix_path.ps1'
[0.640s] INFO:colcon.colcon_core.shell:Creating environment descriptor '/home/user/ros2_workspaces/ros2_ws/src/install/py_actioncli/share/py_actioncli/hook/ament_prefix_path.dsv'
[0.640s] INFO:colcon.colcon_core.shell:Creating environment hook '/home/user/ros2_workspaces/ros2_ws/src/install/py_actioncli/share/py_actioncli/hook/ament_prefix_path.sh'
[0.642s] INFO:colcon.colcon_core.shell:Skip shell extension 'powershell' for command environment: Not usable outside of PowerShell
[0.642s] DEBUG:colcon.colcon_core.shell:Skip shell extension 'dsv' for command environment
[0.981s] INFO:colcon.colcon_core.task.python.build:Building Python package in '/home/user/ros2_workspaces/ros2_ws/src/py_actioncli'
[0.986s] INFO:colcon.colcon_core.shell:Skip shell extension 'powershell' for command environment: Not usable outside of PowerShell
[0.986s] DEBUG:colcon.colcon_core.shell:Skip shell extension 'dsv' for command environment
[1.551s] DEBUG:colcon.colcon_core.event_handler.log_command:Invoking command in '/home/user/ros2_workspaces/ros2_ws/src/py_actioncli': PYTHONPATH=/home/user/ros2_workspaces/ros2_ws/src/build/py_actioncli/prefix_override:/home/user/ros2_workspaces/ros2_ws/src/install/py_actioncli/lib/python3.10/site-packages:${PYTHONPATH} /usr/bin/python3 setup.py egg_info --egg-base ../build/py_actioncli build --build-base /home/user/ros2_workspaces/ros2_ws/src/build/py_actioncli/build install --record /home/user/ros2_workspaces/ros2_ws/src/build/py_actioncli/install.log --single-version-externally-managed
[2.011s] DEBUG:colcon.colcon_core.event_handler.log_command:Invoked command in '/home/user/ros2_workspaces/ros2_ws/src/py_actioncli' returned '0': PYTHONPATH=/home/user/ros2_workspaces/ros2_ws/src/build/py_actioncli/prefix_override:/home/user/ros2_workspaces/ros2_ws/src/install/py_actioncli/lib/python3.10/site-packages:${PYTHONPATH} /usr/bin/python3 setup.py egg_info --egg-base ../build/py_actioncli build --build-base /home/user/ros2_workspaces/ros2_ws/src/build/py_actioncli/build install --record /home/user/ros2_workspaces/ros2_ws/src/build/py_actioncli/install.log --single-version-externally-managed
[2.017s] Level 1:colcon.colcon_core.environment:checking '/home/user/ros2_workspaces/ros2_ws/src/install/py_actioncli' for CMake module files
[2.017s] Level 1:colcon.colcon_core.environment:checking '/home/user/ros2_workspaces/ros2_ws/src/install/py_actioncli' for CMake config files
[2.018s] Level 1:colcon.colcon_core.environment:checking '/home/user/ros2_workspaces/ros2_ws/src/install/py_actioncli/lib'
[2.018s] Level 1:colcon.colcon_core.environment:checking '/home/user/ros2_workspaces/ros2_ws/src/install/py_actioncli/bin'
[2.018s] Level 1:colcon.colcon_core.environment:checking '/home/user/ros2_workspaces/ros2_ws/src/install/py_actioncli/lib/pkgconfig/py_actioncli.pc'
[2.019s] Level 1:colcon.colcon_core.environment:checking '/home/user/ros2_workspaces/ros2_ws/src/install/py_actioncli/lib/python3.10/site-packages'
[2.019s] Level 1:colcon.colcon_core.shell:create_environment_hook('py_actioncli', 'pythonpath')
[2.020s] INFO:colcon.colcon_core.shell:Creating environment hook '/home/user/ros2_workspaces/ros2_ws/src/install/py_actioncli/share/py_actioncli/hook/pythonpath.ps1'
[2.021s] INFO:colcon.colcon_core.shell:Creating environment descriptor '/home/user/ros2_workspaces/ros2_ws/src/install/py_actioncli/share/py_actioncli/hook/pythonpath.dsv'
[2.021s] INFO:colcon.colcon_core.shell:Creating environment hook '/home/user/ros2_workspaces/ros2_ws/src/install/py_actioncli/share/py_actioncli/hook/pythonpath.sh'
[2.022s] Level 1:colcon.colcon_core.environment:checking '/home/user/ros2_workspaces/ros2_ws/src/install/py_actioncli/bin'
[2.022s] Level 1:colcon.colcon_core.environment:create_environment_scripts_only(py_actioncli)
[2.023s] INFO:colcon.colcon_core.shell:Creating package script '/home/user/ros2_workspaces/ros2_ws/src/install/py_actioncli/share/py_actioncli/package.ps1'
[2.024s] INFO:colcon.colcon_core.shell:Creating package descriptor '/home/user/ros2_workspaces/ros2_ws/src/install/py_actioncli/share/py_actioncli/package.dsv'
[2.025s] INFO:colcon.colcon_core.shell:Creating package script '/home/user/ros2_workspaces/ros2_ws/src/install/py_actioncli/share/py_actioncli/package.sh'
[2.027s] INFO:colcon.colcon_core.shell:Creating package script '/home/user/ros2_workspaces/ros2_ws/src/install/py_actioncli/share/py_actioncli/package.bash'
[2.028s] INFO:colcon.colcon_core.shell:Creating package script '/home/user/ros2_workspaces/ros2_ws/src/install/py_actioncli/share/py_actioncli/package.zsh'
[2.028s] Level 1:colcon.colcon_core.environment:create_file_with_runtime_dependencies(/home/user/ros2_workspaces/ros2_ws/src/install/py_actioncli/share/colcon-core/packages/py_actioncli)
[2.029s] DEBUG:colcon.colcon_parallel_executor.executor.parallel:closing loop
[2.030s] DEBUG:colcon.colcon_parallel_executor.executor.parallel:loop closed
[2.030s] DEBUG:colcon.colcon_parallel_executor.executor.parallel:run_until_complete finished with '0'
[2.030s] DEBUG:colcon.colcon_core.event_reactor:joining thread
[2.036s] INFO:colcon.colcon_core.plugin_system:Skipping extension 'colcon_notification.desktop_notification.terminal_notifier': Not used on non-Darwin systems
[2.036s] INFO:colcon.colcon_core.plugin_system:Skipping extension 'colcon_notification.desktop_notification.win32': Not used on non-Windows systems
[2.037s] INFO:colcon.colcon_notification.desktop_notification:Sending desktop notification using 'notify2'
[2.055s] DEBUG:colcon.colcon_core.event_reactor:joined thread
[2.056s] INFO:colcon.colcon_core.shell:Creating prefix script '/home/user/ros2_workspaces/ros2_ws/src/install/local_setup.ps1'
[2.058s] INFO:colcon.colcon_core.shell:Creating prefix util module '/home/user/ros2_workspaces/ros2_ws/src/install/_local_setup_util_ps1.py'
[2.060s] INFO:colcon.colcon_core.shell:Creating prefix chain script '/home/user/ros2_workspaces/ros2_ws/src/install/setup.ps1'
[2.061s] INFO:colcon.colcon_core.shell:Creating prefix script '/home/user/ros2_workspaces/ros2_ws/src/install/local_setup.sh'
[2.062s] INFO:colcon.colcon_core.shell:Creating prefix util module '/home/user/ros2_workspaces/ros2_ws/src/install/_local_setup_util_sh.py'
[2.063s] INFO:colcon.colcon_core.shell:Creating prefix chain script '/home/user/ros2_workspaces/ros2_ws/src/install/setup.sh'
[2.064s] INFO:colcon.colcon_core.shell:Creating prefix script '/home/user/ros2_workspaces/ros2_ws/src/install/local_setup.bash'
[2.065s] INFO:colcon.colcon_core.shell:Creating prefix chain script '/home/user/ros2_workspaces/ros2_ws/src/install/setup.bash'
[2.067s] INFO:colcon.colcon_core.shell:Creating prefix script '/home/user/ros2_workspaces/ros2_ws/src/install/local_setup.zsh'
[2.067s] INFO:colcon.colcon_core.shell:Creating prefix chain script '/home/user/ros2_workspaces/ros2_ws/src/install/setup.zsh'
