[0.985s] Invoking command in '/home/user/ros2_workspaces/ros2_ws/src/py_srvcli': PYTHONPATH=/home/user/ros2_workspaces/ros2_ws/build/py_srvcli/prefix_override:/home/user/ros2_workspaces/ros2_ws/install/py_srvcli/lib/python3.10/site-packages:${PYTHONPATH} /usr/bin/python3 setup.py egg_info --egg-base ../../build/py_srvcli build --build-base /home/user/ros2_workspaces/ros2_ws/build/py_srvcli/build install --record /home/user/ros2_workspaces/ros2_ws/build/py_srvcli/install.log --single-version-externally-managed
[1.340s] running egg_info
[1.341s] creating ../../build/py_srvcli/py_srvcli.egg-info
[1.341s] writing ../../build/py_srvcli/py_srvcli.egg-info/PKG-INFO
[1.342s] writing dependency_links to ../../build/py_srvcli/py_srvcli.egg-info/dependency_links.txt
[1.342s] writing entry points to ../../build/py_srvcli/py_srvcli.egg-info/entry_points.txt
[1.342s] writing requirements to ../../build/py_srvcli/py_srvcli.egg-info/requires.txt
[1.342s] writing top-level names to ../../build/py_srvcli/py_srvcli.egg-info/top_level.txt
[1.342s] writing manifest file '../../build/py_srvcli/py_srvcli.egg-info/SOURCES.txt'
[1.344s] reading manifest file '../../build/py_srvcli/py_srvcli.egg-info/SOURCES.txt'
[1.345s] writing manifest file '../../build/py_srvcli/py_srvcli.egg-info/SOURCES.txt'
[1.345s] running build
[1.345s] running build_py
[1.346s] creating /home/user/ros2_workspaces/ros2_ws/build/py_srvcli/build
[1.347s] creating /home/user/ros2_workspaces/ros2_ws/build/py_srvcli/build/lib
[1.347s] creating /home/user/ros2_workspaces/ros2_ws/build/py_srvcli/build/lib/py_srvcli
[1.347s] copying py_srvcli/service_member_function.py -> /home/user/ros2_workspaces/ros2_ws/build/py_srvcli/build/lib/py_srvcli
[1.347s] copying py_srvcli/client_member_function.py -> /home/user/ros2_workspaces/ros2_ws/build/py_srvcli/build/lib/py_srvcli
[1.347s] copying py_srvcli/__init__.py -> /home/user/ros2_workspaces/ros2_ws/build/py_srvcli/build/lib/py_srvcli
[1.347s] running install
[1.347s] running install_lib
[1.348s] creating /home/user/ros2_workspaces/ros2_ws/install/py_srvcli/lib/python3.10/site-packages/py_srvcli
[1.349s] copying /home/user/ros2_workspaces/ros2_ws/build/py_srvcli/build/lib/py_srvcli/service_member_function.py -> /home/user/ros2_workspaces/ros2_ws/install/py_srvcli/lib/python3.10/site-packages/py_srvcli
[1.349s] copying /home/user/ros2_workspaces/ros2_ws/build/py_srvcli/build/lib/py_srvcli/client_member_function.py -> /home/user/ros2_workspaces/ros2_ws/install/py_srvcli/lib/python3.10/site-packages/py_srvcli
[1.349s] copying /home/user/ros2_workspaces/ros2_ws/build/py_srvcli/build/lib/py_srvcli/__init__.py -> /home/user/ros2_workspaces/ros2_ws/install/py_srvcli/lib/python3.10/site-packages/py_srvcli
[1.349s] byte-compiling /home/user/ros2_workspaces/ros2_ws/install/py_srvcli/lib/python3.10/site-packages/py_srvcli/service_member_function.py to service_member_function.cpython-310.pyc
[1.350s] byte-compiling /home/user/ros2_workspaces/ros2_ws/install/py_srvcli/lib/python3.10/site-packages/py_srvcli/client_member_function.py to client_member_function.cpython-310.pyc
[1.350s] byte-compiling /home/user/ros2_workspaces/ros2_ws/install/py_srvcli/lib/python3.10/site-packages/py_srvcli/__init__.py to __init__.cpython-310.pyc
[1.352s] running install_data
[1.355s] creating /home/user/ros2_workspaces/ros2_ws/install/py_srvcli/share/ament_index
[1.355s] creating /home/user/ros2_workspaces/ros2_ws/install/py_srvcli/share/ament_index/resource_index
[1.355s] creating /home/user/ros2_workspaces/ros2_ws/install/py_srvcli/share/ament_index/resource_index/packages
[1.355s] copying resource/py_srvcli -> /home/user/ros2_workspaces/ros2_ws/install/py_srvcli/share/ament_index/resource_index/packages
[1.355s] copying package.xml -> /home/user/ros2_workspaces/ros2_ws/install/py_srvcli/share/py_srvcli
[1.355s] running install_egg_info
[1.355s] Copying ../../build/py_srvcli/py_srvcli.egg-info to /home/user/ros2_workspaces/ros2_ws/install/py_srvcli/lib/python3.10/site-packages/py_srvcli-0.0.0-py3.10.egg-info
[1.355s] running install_scripts
[1.383s] Installing client script to /home/user/ros2_workspaces/ros2_ws/install/py_srvcli/lib/py_srvcli
[1.383s] Installing service script to /home/user/ros2_workspaces/ros2_ws/install/py_srvcli/lib/py_srvcli
[1.384s] writing list of installed files to '/home/user/ros2_workspaces/ros2_ws/build/py_srvcli/install.log'
[1.420s] Invoked command in '/home/user/ros2_workspaces/ros2_ws/src/py_srvcli' returned '0': PYTHONPATH=/home/user/ros2_workspaces/ros2_ws/build/py_srvcli/prefix_override:/home/user/ros2_workspaces/ros2_ws/install/py_srvcli/lib/python3.10/site-packages:${PYTHONPATH} /usr/bin/python3 setup.py egg_info --egg-base ../../build/py_srvcli build --build-base /home/user/ros2_workspaces/ros2_ws/build/py_srvcli/build install --record /home/user/ros2_workspaces/ros2_ws/build/py_srvcli/install.log --single-version-externally-managed
