running egg_info
creating ../build/py_actioncli/py_actioncli.egg-info
writing ../build/py_actioncli/py_actioncli.egg-info/PKG-INFO
writing dependency_links to ../build/py_actioncli/py_actioncli.egg-info/dependency_links.txt
writing entry points to ../build/py_actioncli/py_actioncli.egg-info/entry_points.txt
writing requirements to ../build/py_actioncli/py_actioncli.egg-info/requires.txt
writing top-level names to ../build/py_actioncli/py_actioncli.egg-info/top_level.txt
writing manifest file '../build/py_actioncli/py_actioncli.egg-info/SOURCES.txt'
reading manifest file '../build/py_actioncli/py_actioncli.egg-info/SOURCES.txt'
writing manifest file '../build/py_actioncli/py_actioncli.egg-info/SOURCES.txt'
running build
running build_py
creating /home/user/ros2_workspaces/ros2_ws/src/build/py_actioncli/build
creating /home/user/ros2_workspaces/ros2_ws/src/build/py_actioncli/build/lib
creating /home/user/ros2_workspaces/ros2_ws/src/build/py_actioncli/build/lib/py_actioncli
copying py_actioncli/__init__.py -> /home/user/ros2_workspaces/ros2_ws/src/build/py_actioncli/build/lib/py_actioncli
copying py_actioncli/fibonacci_action_server.py -> /home/user/ros2_workspaces/ros2_ws/src/build/py_actioncli/build/lib/py_actioncli
running install
running install_lib
creating /home/user/ros2_workspaces/ros2_ws/src/install/py_actioncli/lib/python3.10/site-packages/py_actioncli
copying /home/user/ros2_workspaces/ros2_ws/src/build/py_actioncli/build/lib/py_actioncli/__init__.py -> /home/user/ros2_workspaces/ros2_ws/src/install/py_actioncli/lib/python3.10/site-packages/py_actioncli
copying /home/user/ros2_workspaces/ros2_ws/src/build/py_actioncli/build/lib/py_actioncli/fibonacci_action_server.py -> /home/user/ros2_workspaces/ros2_ws/src/install/py_actioncli/lib/python3.10/site-packages/py_actioncli
byte-compiling /home/user/ros2_workspaces/ros2_ws/src/install/py_actioncli/lib/python3.10/site-packages/py_actioncli/__init__.py to __init__.cpython-310.pyc
byte-compiling /home/user/ros2_workspaces/ros2_ws/src/install/py_actioncli/lib/python3.10/site-packages/py_actioncli/fibonacci_action_server.py to fibonacci_action_server.cpython-310.pyc
running install_data
creating /home/user/ros2_workspaces/ros2_ws/src/install/py_actioncli/share/ament_index
creating /home/user/ros2_workspaces/ros2_ws/src/install/py_actioncli/share/ament_index/resource_index
creating /home/user/ros2_workspaces/ros2_ws/src/install/py_actioncli/share/ament_index/resource_index/packages
copying resource/py_actioncli -> /home/user/ros2_workspaces/ros2_ws/src/install/py_actioncli/share/ament_index/resource_index/packages
copying package.xml -> /home/user/ros2_workspaces/ros2_ws/src/install/py_actioncli/share/py_actioncli
running install_egg_info
Copying ../build/py_actioncli/py_actioncli.egg-info to /home/user/ros2_workspaces/ros2_ws/src/install/py_actioncli/lib/python3.10/site-packages/py_actioncli-0.0.0-py3.10.egg-info
running install_scripts
writing list of installed files to '/home/user/ros2_workspaces/ros2_ws/src/build/py_actioncli/install.log'
