[0.435s] DEBUG:colcon:Command line arguments: ['/usr/bin/colcon', 'build', '--packages-select', 'py_action_int']
[0.435s] DEBUG:colcon:Parsed command line arguments: Namespace(log_base=None, log_level=None, verb_name='build', build_base='build', install_base='install', merge_install=False, symlink_install=False, test_result_base=None, continue_on_error=False, executor='parallel', parallel_workers=3, event_handlers=None, ignore_user_meta=False, metas=['./colcon.meta'], base_paths=['.'], packages_ignore=None, packages_ignore_regex=None, paths=None, packages_up_to=None, packages_up_to_regex=None, packages_above=None, packages_above_and_dependencies=None, packages_above_depth=None, packages_select_by_dep=None, packages_skip_by_dep=None, packages_skip_up_to=None, packages_select_build_failed=False, packages_skip_build_finished=False, packages_select_test_failures=False, packages_skip_test_passed=False, packages_select=['py_action_int'], packages_skip=None, packages_select_regex=None, packages_skip_regex=None, packages_start=None, packages_end=None, allow_overriding=[], ament_gradle_args=None, ament_gradle_task=None, cmake_args=None, cmake_target=None, cmake_target_skip_unavailable=False, cmake_clean_cache=False, cmake_clean_first=False, cmake_force_configure=False, gradle_args=None, gradle_task=None, ament_cmake_args=None, catkin_cmake_args=None, catkin_skip_building_tests=False, verb_parser=<colcon_defaults.argument_parser.defaults.DefaultArgumentsDecorator object at 0x7f113d9d8310>, verb_extension=<colcon_core.verb.build.BuildVerb object at 0x7f113dae3610>, main=<bound method BuildVerb.main of <colcon_core.verb.build.BuildVerb object at 0x7f113dae3610>>)
[0.461s] Level 1:colcon.colcon_core.package_discovery:discover_packages(colcon_meta) check parameters
[0.462s] Level 1:colcon.colcon_core.package_discovery:discover_packages(recursive) check parameters
[0.462s] Level 1:colcon.colcon_core.package_discovery:discover_packages(ignore) check parameters
[0.462s] Level 1:colcon.colcon_core.package_discovery:discover_packages(path) check parameters
[0.462s] Level 1:colcon.colcon_core.package_discovery:discover_packages(colcon_meta) discover
[0.462s] Level 1:colcon.colcon_core.package_discovery:discover_packages(recursive) discover
[0.462s] INFO:colcon.colcon_core.package_discovery:Crawling recursively for packages in '/home/user/ros2_workspaces/ros2_ws'
[0.463s] Level 1:colcon.colcon_core.package_identification:_identify(.) by extensions ['ignore', 'ignore_ament_install']
[0.463s] Level 1:colcon.colcon_core.package_identification:_identify(.) by extension 'ignore'
[0.463s] Level 1:colcon.colcon_core.package_identification:_identify(.) by extension 'ignore_ament_install'
[0.463s] Level 1:colcon.colcon_core.package_identification:_identify(.) by extensions ['colcon_pkg']
[0.463s] Level 1:colcon.colcon_core.package_identification:_identify(.) by extension 'colcon_pkg'
[0.463s] Level 1:colcon.colcon_core.package_identification:_identify(.) by extensions ['colcon_meta']
[0.463s] Level 1:colcon.colcon_core.package_identification:_identify(.) by extension 'colcon_meta'
[0.464s] Level 1:colcon.colcon_core.package_identification:_identify(.) by extensions ['ament_gradle']
[0.464s] Level 1:colcon.colcon_core.package_identification:_identify(.) by extension 'ament_gradle'
[0.464s] Level 1:colcon.colcon_core.package_identification:_identify(.) by extensions ['ros']
[0.464s] Level 1:colcon.colcon_core.package_identification:_identify(.) by extension 'ros'
[0.477s] Level 1:colcon.colcon_core.package_identification:_identify(.) by extensions ['cmake', 'gradle', 'python']
[0.477s] Level 1:colcon.colcon_core.package_identification:_identify(.) by extension 'cmake'
[0.477s] Level 1:colcon.colcon_core.package_identification:_identify(.) by extension 'gradle'
[0.477s] Level 1:colcon.colcon_core.package_identification:_identify(.) by extension 'python'
[0.477s] Level 1:colcon.colcon_core.package_identification:_identify(.) by extensions ['python_setup_py']
[0.478s] Level 1:colcon.colcon_core.package_identification:_identify(.) by extension 'python_setup_py'
[0.478s] Level 1:colcon.colcon_core.package_identification:_identify(build) by extensions ['ignore', 'ignore_ament_install']
[0.478s] Level 1:colcon.colcon_core.package_identification:_identify(build) by extension 'ignore'
[0.478s] Level 1:colcon.colcon_core.package_identification:_identify(build) ignored
[0.478s] Level 1:colcon.colcon_core.package_identification:_identify(install) by extensions ['ignore', 'ignore_ament_install']
[0.479s] Level 1:colcon.colcon_core.package_identification:_identify(install) by extension 'ignore'
[0.479s] Level 1:colcon.colcon_core.package_identification:_identify(install) ignored
[0.479s] Level 1:colcon.colcon_core.package_identification:_identify(log) by extensions ['ignore', 'ignore_ament_install']
[0.479s] Level 1:colcon.colcon_core.package_identification:_identify(log) by extension 'ignore'
[0.479s] Level 1:colcon.colcon_core.package_identification:_identify(log) ignored
[0.479s] Level 1:colcon.colcon_core.package_identification:_identify(src) by extensions ['ignore', 'ignore_ament_install']
[0.480s] Level 1:colcon.colcon_core.package_identification:_identify(src) by extension 'ignore'
[0.480s] Level 1:colcon.colcon_core.package_identification:_identify(src) by extension 'ignore_ament_install'
[0.480s] Level 1:colcon.colcon_core.package_identification:_identify(src) by extensions ['colcon_pkg']
[0.480s] Level 1:colcon.colcon_core.package_identification:_identify(src) by extension 'colcon_pkg'
[0.480s] Level 1:colcon.colcon_core.package_identification:_identify(src) by extensions ['colcon_meta']
[0.480s] Level 1:colcon.colcon_core.package_identification:_identify(src) by extension 'colcon_meta'
[0.481s] Level 1:colcon.colcon_core.package_identification:_identify(src) by extensions ['ament_gradle']
[0.481s] Level 1:colcon.colcon_core.package_identification:_identify(src) by extension 'ament_gradle'
[0.481s] Level 1:colcon.colcon_core.package_identification:_identify(src) by extensions ['ros']
[0.481s] Level 1:colcon.colcon_core.package_identification:_identify(src) by extension 'ros'
[0.481s] Level 1:colcon.colcon_core.package_identification:_identify(src) by extensions ['cmake', 'gradle', 'python']
[0.481s] Level 1:colcon.colcon_core.package_identification:_identify(src) by extension 'cmake'
[0.481s] Level 1:colcon.colcon_core.package_identification:_identify(src) by extension 'gradle'
[0.481s] Level 1:colcon.colcon_core.package_identification:_identify(src) by extension 'python'
[0.482s] Level 1:colcon.colcon_core.package_identification:_identify(src) by extensions ['python_setup_py']
[0.482s] Level 1:colcon.colcon_core.package_identification:_identify(src) by extension 'python_setup_py'
[0.482s] Level 1:colcon.colcon_core.package_identification:_identify(src/py_action_int) by extensions ['ignore', 'ignore_ament_install']
[0.482s] Level 1:colcon.colcon_core.package_identification:_identify(src/py_action_int) by extension 'ignore'
[0.482s] Level 1:colcon.colcon_core.package_identification:_identify(src/py_action_int) by extension 'ignore_ament_install'
[0.482s] Level 1:colcon.colcon_core.package_identification:_identify(src/py_action_int) by extensions ['colcon_pkg']
[0.483s] Level 1:colcon.colcon_core.package_identification:_identify(src/py_action_int) by extension 'colcon_pkg'
[0.483s] Level 1:colcon.colcon_core.package_identification:_identify(src/py_action_int) by extensions ['colcon_meta']
[0.483s] Level 1:colcon.colcon_core.package_identification:_identify(src/py_action_int) by extension 'colcon_meta'
[0.483s] Level 1:colcon.colcon_core.package_identification:_identify(src/py_action_int) by extensions ['ament_gradle']
[0.483s] Level 1:colcon.colcon_core.package_identification:_identify(src/py_action_int) by extension 'ament_gradle'
[0.483s] Level 1:colcon.colcon_core.package_identification:_identify(src/py_action_int) by extensions ['ros']
[0.483s] Level 1:colcon.colcon_core.package_identification:_identify(src/py_action_int) by extension 'ros'
[0.486s] DEBUG:colcon.colcon_core.package_identification:Package 'src/py_action_int' with type 'ros.ament_cmake' and name 'py_action_int'
[0.487s] Level 1:colcon.colcon_core.package_identification:_identify(src/py_pubsub) by extensions ['ignore', 'ignore_ament_install']
[0.487s] Level 1:colcon.colcon_core.package_identification:_identify(src/py_pubsub) by extension 'ignore'
[0.487s] Level 1:colcon.colcon_core.package_identification:_identify(src/py_pubsub) by extension 'ignore_ament_install'
[0.487s] Level 1:colcon.colcon_core.package_identification:_identify(src/py_pubsub) by extensions ['colcon_pkg']
[0.487s] Level 1:colcon.colcon_core.package_identification:_identify(src/py_pubsub) by extension 'colcon_pkg'
[0.487s] Level 1:colcon.colcon_core.package_identification:_identify(src/py_pubsub) by extensions ['colcon_meta']
[0.488s] Level 1:colcon.colcon_core.package_identification:_identify(src/py_pubsub) by extension 'colcon_meta'
[0.488s] Level 1:colcon.colcon_core.package_identification:_identify(src/py_pubsub) by extensions ['ament_gradle']
[0.488s] Level 1:colcon.colcon_core.package_identification:_identify(src/py_pubsub) by extension 'ament_gradle'
[0.488s] Level 1:colcon.colcon_core.package_identification:_identify(src/py_pubsub) by extensions ['ros']
[0.488s] Level 1:colcon.colcon_core.package_identification:_identify(src/py_pubsub) by extension 'ros'
[0.489s] DEBUG:colcon.colcon_core.package_identification:Package 'src/py_pubsub' with type 'ros.ament_python' and name 'py_pubsub'
[0.489s] Level 1:colcon.colcon_core.package_identification:_identify(src/py_srvcli) by extensions ['ignore', 'ignore_ament_install']
[0.489s] Level 1:colcon.colcon_core.package_identification:_identify(src/py_srvcli) by extension 'ignore'
[0.489s] Level 1:colcon.colcon_core.package_identification:_identify(src/py_srvcli) by extension 'ignore_ament_install'
[0.489s] Level 1:colcon.colcon_core.package_identification:_identify(src/py_srvcli) by extensions ['colcon_pkg']
[0.490s] Level 1:colcon.colcon_core.package_identification:_identify(src/py_srvcli) by extension 'colcon_pkg'
[0.490s] Level 1:colcon.colcon_core.package_identification:_identify(src/py_srvcli) by extensions ['colcon_meta']
[0.490s] Level 1:colcon.colcon_core.package_identification:_identify(src/py_srvcli) by extension 'colcon_meta'
[0.490s] Level 1:colcon.colcon_core.package_identification:_identify(src/py_srvcli) by extensions ['ament_gradle']
[0.490s] Level 1:colcon.colcon_core.package_identification:_identify(src/py_srvcli) by extension 'ament_gradle'
[0.490s] Level 1:colcon.colcon_core.package_identification:_identify(src/py_srvcli) by extensions ['ros']
[0.490s] Level 1:colcon.colcon_core.package_identification:_identify(src/py_srvcli) by extension 'ros'
[0.491s] DEBUG:colcon.colcon_core.package_identification:Package 'src/py_srvcli' with type 'ros.ament_python' and name 'py_srvcli'
[0.491s] Level 1:colcon.colcon_core.package_discovery:discover_packages(recursive) using defaults
[0.491s] Level 1:colcon.colcon_core.package_discovery:discover_packages(ignore) discover
[0.492s] Level 1:colcon.colcon_core.package_discovery:discover_packages(ignore) using defaults
[0.492s] Level 1:colcon.colcon_core.package_discovery:discover_packages(path) discover
[0.492s] Level 1:colcon.colcon_core.package_discovery:discover_packages(path) using defaults
[0.516s] INFO:colcon.colcon_core.package_selection:Skipping not selected package 'py_pubsub' in 'src/py_pubsub'
[0.516s] INFO:colcon.colcon_core.package_selection:Skipping not selected package 'py_srvcli' in 'src/py_srvcli'
[0.517s] Level 1:colcon.colcon_core.package_discovery:discover_packages(prefix_path) check parameters
[0.517s] Level 1:colcon.colcon_core.package_discovery:discover_packages(prefix_path) discover
[0.520s] DEBUG:colcon.colcon_installed_package_information.package_discovery:Found 4 installed packages in /home/user/ros2_workspaces/ros2_ws/install
[0.522s] DEBUG:colcon.colcon_installed_package_information.package_discovery:Found 270 installed packages in /opt/ros/humble
[0.524s] Level 1:colcon.colcon_core.package_discovery:discover_packages(prefix_path) using defaults
[0.586s] Level 5:colcon.colcon_core.verb:set package 'py_action_int' build argument 'ament_gradle_args' from command line to 'None'
[0.589s] Level 5:colcon.colcon_core.verb:set package 'py_action_int' build argument 'ament_gradle_task' from command line to 'None'
[0.590s] Level 5:colcon.colcon_core.verb:set package 'py_action_int' build argument 'cmake_args' from command line to 'None'
[0.590s] Level 5:colcon.colcon_core.verb:set package 'py_action_int' build argument 'cmake_target' from command line to 'None'
[0.591s] Level 5:colcon.colcon_core.verb:set package 'py_action_int' build argument 'cmake_target_skip_unavailable' from command line to 'False'
[0.591s] Level 5:colcon.colcon_core.verb:set package 'py_action_int' build argument 'cmake_clean_cache' from command line to 'False'
[0.591s] Level 5:colcon.colcon_core.verb:set package 'py_action_int' build argument 'cmake_clean_first' from command line to 'False'
[0.591s] Level 5:colcon.colcon_core.verb:set package 'py_action_int' build argument 'cmake_force_configure' from command line to 'False'
[0.591s] Level 5:colcon.colcon_core.verb:set package 'py_action_int' build argument 'gradle_args' from command line to 'None'
[0.591s] Level 5:colcon.colcon_core.verb:set package 'py_action_int' build argument 'gradle_task' from command line to 'None'
[0.591s] Level 5:colcon.colcon_core.verb:set package 'py_action_int' build argument 'ament_cmake_args' from command line to 'None'
[0.591s] Level 5:colcon.colcon_core.verb:set package 'py_action_int' build argument 'catkin_cmake_args' from command line to 'None'
[0.591s] Level 5:colcon.colcon_core.verb:set package 'py_action_int' build argument 'catkin_skip_building_tests' from command line to 'False'
[0.591s] DEBUG:colcon.colcon_core.verb:Building package 'py_action_int' with the following arguments: {'ament_cmake_args': None, 'ament_gradle_args': None, 'ament_gradle_task': None, 'build_base': '/home/user/ros2_workspaces/ros2_ws/build/py_action_int', 'catkin_cmake_args': None, 'catkin_skip_building_tests': False, 'cmake_args': None, 'cmake_clean_cache': False, 'cmake_clean_first': False, 'cmake_force_configure': False, 'cmake_target': None, 'cmake_target_skip_unavailable': False, 'gradle_args': None, 'gradle_task': None, 'install_base': '/home/user/ros2_workspaces/ros2_ws/install/py_action_int', 'merge_install': False, 'path': '/home/user/ros2_workspaces/ros2_ws/src/py_action_int', 'symlink_install': False, 'test_result_base': None}
[0.594s] INFO:colcon.colcon_core.executor:Executing jobs using 'parallel' executor
[0.620s] DEBUG:colcon.colcon_parallel_executor.executor.parallel:run_until_complete
[0.625s] INFO:colcon.colcon_ros.task.ament_cmake.build:Building ROS package in '/home/user/ros2_workspaces/ros2_ws/src/py_action_int' with build type 'ament_cmake'
[0.625s] INFO:colcon.colcon_cmake.task.cmake.build:Building CMake package in '/home/user/ros2_workspaces/ros2_ws/src/py_action_int'
[0.643s] INFO:colcon.colcon_core.plugin_system:Skipping extension 'colcon_core.shell.bat': Not used on non-Windows systems
[0.644s] INFO:colcon.colcon_core.shell:Skip shell extension 'powershell' for command environment: Not usable outside of PowerShell
[0.644s] DEBUG:colcon.colcon_core.shell:Skip shell extension 'dsv' for command environment
[0.678s] DEBUG:colcon.colcon_core.event_handler.log_command:Invoking command in '/home/user/ros2_workspaces/ros2_ws/build/py_action_int': CMAKE_PREFIX_PATH=${CMAKE_PREFIX_PATH}:/home/user/ros2_workspaces/ros2_ws/install/py_srvcli:/home/user/ros2_workspaces/ros2_ws/install/py_pubsub:/opt/ros/humble /usr/bin/cmake /home/user/ros2_workspaces/ros2_ws/src/py_action_int -DCMAKE_INSTALL_PREFIX=/home/user/ros2_workspaces/ros2_ws/install/py_action_int
[3.529s] DEBUG:colcon.colcon_core.event_handler.log_command:Invoked command in '/home/user/ros2_workspaces/ros2_ws/build/py_action_int' returned '0': CMAKE_PREFIX_PATH=${CMAKE_PREFIX_PATH}:/home/user/ros2_workspaces/ros2_ws/install/py_srvcli:/home/user/ros2_workspaces/ros2_ws/install/py_pubsub:/opt/ros/humble /usr/bin/cmake /home/user/ros2_workspaces/ros2_ws/src/py_action_int -DCMAKE_INSTALL_PREFIX=/home/user/ros2_workspaces/ros2_ws/install/py_action_int
[3.546s] DEBUG:colcon.colcon_core.event_handler.log_command:Invoking command in '/home/user/ros2_workspaces/ros2_ws/build/py_action_int': CMAKE_PREFIX_PATH=${CMAKE_PREFIX_PATH}:/home/user/ros2_workspaces/ros2_ws/install/py_srvcli:/home/user/ros2_workspaces/ros2_ws/install/py_pubsub:/opt/ros/humble /usr/bin/cmake --build /home/user/ros2_workspaces/ros2_ws/build/py_action_int -- -j3 -l3
[10.919s] DEBUG:colcon.colcon_core.event_handler.log_command:Invoked command in '/home/user/ros2_workspaces/ros2_ws/build/py_action_int' returned '0': CMAKE_PREFIX_PATH=${CMAKE_PREFIX_PATH}:/home/user/ros2_workspaces/ros2_ws/install/py_srvcli:/home/user/ros2_workspaces/ros2_ws/install/py_pubsub:/opt/ros/humble /usr/bin/cmake --build /home/user/ros2_workspaces/ros2_ws/build/py_action_int -- -j3 -l3
[11.123s] DEBUG:colcon.colcon_core.event_handler.log_command:Invoking command in '/home/user/ros2_workspaces/ros2_ws/build/py_action_int': CMAKE_PREFIX_PATH=${CMAKE_PREFIX_PATH}:/home/user/ros2_workspaces/ros2_ws/install/py_srvcli:/home/user/ros2_workspaces/ros2_ws/install/py_pubsub:/opt/ros/humble /usr/bin/cmake --install /home/user/ros2_workspaces/ros2_ws/build/py_action_int
[11.264s] Level 1:colcon.colcon_core.environment:create_environment_scripts_only(py_action_int)
[11.289s] Level 1:colcon.colcon_core.environment:checking '/home/user/ros2_workspaces/ros2_ws/install/py_action_int' for CMake module files
[11.290s] Level 1:colcon.colcon_core.environment:checking '/home/user/ros2_workspaces/ros2_ws/install/py_action_int' for CMake config files
[11.291s] Level 1:colcon.colcon_core.shell:create_environment_hook('py_action_int', 'cmake_prefix_path')
[11.293s] INFO:colcon.colcon_core.shell:Creating environment hook '/home/user/ros2_workspaces/ros2_ws/install/py_action_int/share/py_action_int/hook/cmake_prefix_path.ps1'
[11.295s] DEBUG:colcon.colcon_core.event_handler.log_command:Invoked command in '/home/user/ros2_workspaces/ros2_ws/build/py_action_int' returned '0': CMAKE_PREFIX_PATH=${CMAKE_PREFIX_PATH}:/home/user/ros2_workspaces/ros2_ws/install/py_srvcli:/home/user/ros2_workspaces/ros2_ws/install/py_pubsub:/opt/ros/humble /usr/bin/cmake --install /home/user/ros2_workspaces/ros2_ws/build/py_action_int
[11.296s] INFO:colcon.colcon_core.shell:Creating environment descriptor '/home/user/ros2_workspaces/ros2_ws/install/py_action_int/share/py_action_int/hook/cmake_prefix_path.dsv'
[11.297s] INFO:colcon.colcon_core.shell:Creating environment hook '/home/user/ros2_workspaces/ros2_ws/install/py_action_int/share/py_action_int/hook/cmake_prefix_path.sh'
[11.300s] Level 1:colcon.colcon_core.environment:checking '/home/user/ros2_workspaces/ros2_ws/install/py_action_int/lib'
[11.300s] Level 1:colcon.colcon_core.shell:create_environment_hook('py_action_int', 'ld_library_path_lib')
[11.302s] INFO:colcon.colcon_core.shell:Creating environment hook '/home/user/ros2_workspaces/ros2_ws/install/py_action_int/share/py_action_int/hook/ld_library_path_lib.ps1'
[11.303s] INFO:colcon.colcon_core.shell:Creating environment descriptor '/home/user/ros2_workspaces/ros2_ws/install/py_action_int/share/py_action_int/hook/ld_library_path_lib.dsv'
[11.303s] INFO:colcon.colcon_core.shell:Creating environment hook '/home/user/ros2_workspaces/ros2_ws/install/py_action_int/share/py_action_int/hook/ld_library_path_lib.sh'
[11.303s] Level 1:colcon.colcon_core.environment:checking '/home/user/ros2_workspaces/ros2_ws/install/py_action_int/bin'
[11.303s] Level 1:colcon.colcon_core.environment:checking '/home/user/ros2_workspaces/ros2_ws/install/py_action_int/lib/pkgconfig/py_action_int.pc'
[11.304s] Level 1:colcon.colcon_core.environment:checking '/home/user/ros2_workspaces/ros2_ws/install/py_action_int/lib/python3.10/site-packages'
[11.304s] Level 1:colcon.colcon_core.environment:checking '/home/user/ros2_workspaces/ros2_ws/install/py_action_int/bin'
[11.305s] INFO:colcon.colcon_core.shell:Creating package script '/home/user/ros2_workspaces/ros2_ws/install/py_action_int/share/py_action_int/package.ps1'
[11.307s] INFO:colcon.colcon_core.shell:Creating package descriptor '/home/user/ros2_workspaces/ros2_ws/install/py_action_int/share/py_action_int/package.dsv'
[11.308s] INFO:colcon.colcon_core.shell:Creating package script '/home/user/ros2_workspaces/ros2_ws/install/py_action_int/share/py_action_int/package.sh'
[11.309s] INFO:colcon.colcon_core.shell:Creating package script '/home/user/ros2_workspaces/ros2_ws/install/py_action_int/share/py_action_int/package.bash'
[11.311s] INFO:colcon.colcon_core.shell:Creating package script '/home/user/ros2_workspaces/ros2_ws/install/py_action_int/share/py_action_int/package.zsh'
[11.311s] Level 1:colcon.colcon_core.environment:create_file_with_runtime_dependencies(/home/user/ros2_workspaces/ros2_ws/install/py_action_int/share/colcon-core/packages/py_action_int)
[11.511s] Level 1:colcon.colcon_core.environment:create_environment_scripts_only(py_action_int)
[11.514s] Level 1:colcon.colcon_core.environment:checking '/home/user/ros2_workspaces/ros2_ws/install/py_action_int' for CMake module files
[11.516s] Level 1:colcon.colcon_core.environment:checking '/home/user/ros2_workspaces/ros2_ws/install/py_action_int' for CMake config files
[11.517s] Level 1:colcon.colcon_core.shell:create_environment_hook('py_action_int', 'cmake_prefix_path')
[11.518s] INFO:colcon.colcon_core.shell:Creating environment hook '/home/user/ros2_workspaces/ros2_ws/install/py_action_int/share/py_action_int/hook/cmake_prefix_path.ps1'
[11.520s] INFO:colcon.colcon_core.shell:Creating environment descriptor '/home/user/ros2_workspaces/ros2_ws/install/py_action_int/share/py_action_int/hook/cmake_prefix_path.dsv'
[11.520s] INFO:colcon.colcon_core.shell:Creating environment hook '/home/user/ros2_workspaces/ros2_ws/install/py_action_int/share/py_action_int/hook/cmake_prefix_path.sh'
[11.521s] Level 1:colcon.colcon_core.environment:checking '/home/user/ros2_workspaces/ros2_ws/install/py_action_int/lib'
[11.522s] Level 1:colcon.colcon_core.shell:create_environment_hook('py_action_int', 'ld_library_path_lib')
[11.524s] INFO:colcon.colcon_core.shell:Creating environment hook '/home/user/ros2_workspaces/ros2_ws/install/py_action_int/share/py_action_int/hook/ld_library_path_lib.ps1'
[11.525s] INFO:colcon.colcon_core.shell:Creating environment descriptor '/home/user/ros2_workspaces/ros2_ws/install/py_action_int/share/py_action_int/hook/ld_library_path_lib.dsv'
[11.526s] INFO:colcon.colcon_core.shell:Creating environment hook '/home/user/ros2_workspaces/ros2_ws/install/py_action_int/share/py_action_int/hook/ld_library_path_lib.sh'
[11.527s] Level 1:colcon.colcon_core.environment:checking '/home/user/ros2_workspaces/ros2_ws/install/py_action_int/bin'
[11.527s] Level 1:colcon.colcon_core.environment:checking '/home/user/ros2_workspaces/ros2_ws/install/py_action_int/lib/pkgconfig/py_action_int.pc'
[11.527s] Level 1:colcon.colcon_core.environment:checking '/home/user/ros2_workspaces/ros2_ws/install/py_action_int/lib/python3.10/site-packages'
[11.528s] Level 1:colcon.colcon_core.environment:checking '/home/user/ros2_workspaces/ros2_ws/install/py_action_int/bin'
[11.529s] INFO:colcon.colcon_core.shell:Creating package script '/home/user/ros2_workspaces/ros2_ws/install/py_action_int/share/py_action_int/package.ps1'
[11.532s] INFO:colcon.colcon_core.shell:Creating package descriptor '/home/user/ros2_workspaces/ros2_ws/install/py_action_int/share/py_action_int/package.dsv'
[11.533s] INFO:colcon.colcon_core.shell:Creating package script '/home/user/ros2_workspaces/ros2_ws/install/py_action_int/share/py_action_int/package.sh'
[11.534s] INFO:colcon.colcon_core.shell:Creating package script '/home/user/ros2_workspaces/ros2_ws/install/py_action_int/share/py_action_int/package.bash'
[11.535s] INFO:colcon.colcon_core.shell:Creating package script '/home/user/ros2_workspaces/ros2_ws/install/py_action_int/share/py_action_int/package.zsh'
[11.536s] Level 1:colcon.colcon_core.environment:create_file_with_runtime_dependencies(/home/user/ros2_workspaces/ros2_ws/install/py_action_int/share/colcon-core/packages/py_action_int)
[11.537s] DEBUG:colcon.colcon_parallel_executor.executor.parallel:closing loop
[11.538s] DEBUG:colcon.colcon_parallel_executor.executor.parallel:loop closed
[11.539s] DEBUG:colcon.colcon_parallel_executor.executor.parallel:run_until_complete finished with '0'
[11.539s] DEBUG:colcon.colcon_core.event_reactor:joining thread
[11.550s] INFO:colcon.colcon_core.plugin_system:Skipping extension 'colcon_notification.desktop_notification.terminal_notifier': Not used on non-Darwin systems
[11.550s] INFO:colcon.colcon_core.plugin_system:Skipping extension 'colcon_notification.desktop_notification.win32': Not used on non-Windows systems
[11.550s] INFO:colcon.colcon_notification.desktop_notification:Sending desktop notification using 'notify2'
[11.604s] DEBUG:colcon.colcon_core.event_reactor:joined thread
[11.606s] INFO:colcon.colcon_core.shell:Creating prefix script '/home/user/ros2_workspaces/ros2_ws/install/local_setup.ps1'
[11.609s] INFO:colcon.colcon_core.shell:Creating prefix util module '/home/user/ros2_workspaces/ros2_ws/install/_local_setup_util_ps1.py'
[11.612s] INFO:colcon.colcon_core.shell:Creating prefix chain script '/home/user/ros2_workspaces/ros2_ws/install/setup.ps1'
[11.627s] INFO:colcon.colcon_core.shell:Creating prefix script '/home/user/ros2_workspaces/ros2_ws/install/local_setup.sh'
[11.628s] INFO:colcon.colcon_core.shell:Creating prefix util module '/home/user/ros2_workspaces/ros2_ws/install/_local_setup_util_sh.py'
[11.629s] INFO:colcon.colcon_core.shell:Creating prefix chain script '/home/user/ros2_workspaces/ros2_ws/install/setup.sh'
[11.632s] INFO:colcon.colcon_core.shell:Creating prefix script '/home/user/ros2_workspaces/ros2_ws/install/local_setup.bash'
[11.633s] INFO:colcon.colcon_core.shell:Creating prefix chain script '/home/user/ros2_workspaces/ros2_ws/install/setup.bash'
[11.636s] INFO:colcon.colcon_core.shell:Creating prefix script '/home/user/ros2_workspaces/ros2_ws/install/local_setup.zsh'
[11.637s] INFO:colcon.colcon_core.shell:Creating prefix chain script '/home/user/ros2_workspaces/ros2_ws/install/setup.zsh'
