[0.037s] Invoking command in '/home/user/ros2_workspaces/ros2_ws/build/py_action_int': CMAKE_PREFIX_PATH=${CMAKE_PREFIX_PATH}:/home/user/ros2_workspaces/ros2_ws/install/py_srvcli:/home/user/ros2_workspaces/ros2_ws/install/py_pubsub:/opt/ros/humble /usr/bin/cmake /home/user/ros2_workspaces/ros2_ws/src/py_action_int -DCMAKE_INSTALL_PREFIX=/home/user/ros2_workspaces/ros2_ws/install/py_action_int
[0.196s] -- The C compiler identification is GNU 11.4.0
[0.278s] -- The CXX compiler identification is GNU 11.4.0
[0.289s] -- Detecting C compiler ABI info
[0.448s] -- Detecting C compiler ABI info - done
[0.455s] -- Check for working C compiler: /usr/bin/cc - skipped
[0.455s] -- Detecting C compile features
[0.455s] -- Detecting C compile features - done
[0.464s] -- Detecting CXX compiler ABI info
[0.652s] -- Detecting CXX compiler ABI info - done
[0.664s] -- Check for working CXX compiler: /usr/bin/c++ - skipped
[0.664s] -- Detecting CXX compile features
[0.666s] -- Detecting CXX compile features - done
[0.669s] -- Found ament_cmake: 1.3.5 (/opt/ros/humble/share/ament_cmake/cmake)
[0.969s] -- Found Python3: /usr/bin/python3.10 (found version "3.10.12") found components: Interpreter 
[1.089s] -- Found ament_lint_auto: 0.12.7 (/opt/ros/humble/share/ament_lint_auto/cmake)
[1.213s] -- Found rosidl_default_generators: 1.2.0 (/opt/ros/humble/share/rosidl_default_generators/cmake)
[1.233s] -- Using all available rosidl_typesupport_c: rosidl_typesupport_fastrtps_c;rosidl_typesupport_introspection_c
[1.239s] -- Found rosidl_adapter: 3.1.5 (/opt/ros/humble/share/rosidl_adapter/cmake)
[1.287s] -- Using all available rosidl_typesupport_cpp: rosidl_typesupport_fastrtps_cpp;rosidl_typesupport_introspection_cpp
[1.863s] -- Found ament_cmake_ros: 0.10.0 (/opt/ros/humble/share/ament_cmake_ros/cmake)
[2.174s] -- Using all available rosidl_typesupport_c: rosidl_typesupport_fastrtps_c;rosidl_typesupport_introspection_c
[2.592s] -- Using all available rosidl_typesupport_cpp: rosidl_typesupport_fastrtps_cpp;rosidl_typesupport_introspection_cpp
[2.626s] -- Found PythonInterp: /usr/bin/python3 (found suitable version "3.10.12", minimum required is "3.6") 
[2.630s] -- Found python_cmake_module: 0.10.0 (/opt/ros/humble/share/python_cmake_module/cmake)
[2.687s] -- Found PythonLibs: /usr/lib/x86_64-linux-gnu/libpython3.10.so (found suitable version "3.10.12", minimum required is "3.5") 
[2.688s] -- Using PYTHON_EXECUTABLE: /usr/bin/python3
[2.688s] -- Using PYTHON_INCLUDE_DIRS: /usr/include/python3.10
[2.688s] -- Using PYTHON_LIBRARIES: /usr/lib/x86_64-linux-gnu/libpython3.10.so
[2.719s] -- Found PythonExtra: .so  
[2.798s] -- Added test 'lint_cmake' to check CMake code style
[2.802s] -- Added test 'xmllint' to check XML markup files
[2.826s] -- Configuring done
[2.872s] -- Generating done
[2.885s] -- Build files have been written to: /home/user/ros2_workspaces/ros2_ws/build/py_action_int
[2.889s] Invoked command in '/home/user/ros2_workspaces/ros2_ws/build/py_action_int' returned '0': CMAKE_PREFIX_PATH=${CMAKE_PREFIX_PATH}:/home/user/ros2_workspaces/ros2_ws/install/py_srvcli:/home/user/ros2_workspaces/ros2_ws/install/py_pubsub:/opt/ros/humble /usr/bin/cmake /home/user/ros2_workspaces/ros2_ws/src/py_action_int -DCMAKE_INSTALL_PREFIX=/home/user/ros2_workspaces/ros2_ws/install/py_action_int
[2.905s] Invoking command in '/home/user/ros2_workspaces/ros2_ws/build/py_action_int': CMAKE_PREFIX_PATH=${CMAKE_PREFIX_PATH}:/home/user/ros2_workspaces/ros2_ws/install/py_srvcli:/home/user/ros2_workspaces/ros2_ws/install/py_pubsub:/opt/ros/humble /usr/bin/cmake --build /home/user/ros2_workspaces/ros2_ws/build/py_action_int -- -j3 -l3
[2.964s] [  3%] [34m[1mGenerating C code for ROS interfaces[0m
[2.990s] [  6%] [34m[1mGenerating C++ code for ROS interfaces[0m
[3.059s] [  6%] Built target ament_cmake_python_copy_py_action_int
[3.652s] running egg_info
[3.661s] creating py_action_int.egg-info
[3.661s] writing py_action_int.egg-info/PKG-INFO
[3.661s] writing dependency_links to py_action_int.egg-info/dependency_links.txt
[3.661s] writing top-level names to py_action_int.egg-info/top_level.txt
[3.661s] writing manifest file 'py_action_int.egg-info/SOURCES.txt'
[3.664s] reading manifest file 'py_action_int.egg-info/SOURCES.txt'
[3.666s] writing manifest file 'py_action_int.egg-info/SOURCES.txt'
[3.766s] [  6%] Built target ament_cmake_python_build_py_action_int_egg
[3.799s] [  6%] Built target py_action_int__cpp
[3.825s] [  9%] [34m[1mGenerating C++ type support dispatch for ROS interfaces[0m
[3.883s] [ 12%] [34m[1mGenerating C++ type support for eProsima Fast-RTPS[0m
[4.021s] [ 16%] [32mBuilding C object CMakeFiles/py_action_int__rosidl_generator_c.dir/rosidl_generator_c/py_action_int/action/detail/fibonacci__functions.c.o[0m
[4.486s] [ 19%] [32m[1mLinking C shared library libpy_action_int__rosidl_generator_c.so[0m
[4.541s] [ 22%] [32mBuilding CXX object CMakeFiles/py_action_int__rosidl_typesupport_cpp.dir/rosidl_typesupport_cpp/py_action_int/action/fibonacci__type_support.cpp.o[0m
[4.560s] [ 25%] [32mBuilding CXX object CMakeFiles/py_action_int__rosidl_typesupport_fastrtps_cpp.dir/rosidl_typesupport_fastrtps_cpp/py_action_int/action/detail/dds_fastrtps/fibonacci__type_support.cpp.o[0m
[4.798s] [ 25%] Built target py_action_int__rosidl_generator_c
[4.887s] [ 29%] [34m[1mGenerating C++ introspection for ROS interfaces[0m
[5.701s] [ 32%] [32m[1mLinking CXX shared library libpy_action_int__rosidl_typesupport_cpp.so[0m
[5.726s] [ 35%] [32m[1mLinking CXX shared library libpy_action_int__rosidl_typesupport_fastrtps_cpp.so[0m
[5.888s] [ 35%] Built target py_action_int__rosidl_typesupport_cpp
[5.895s] [ 35%] Built target py_action_int__rosidl_typesupport_fastrtps_cpp
[5.922s] [ 38%] [34m[1mGenerating C type support for eProsima Fast-RTPS[0m
[5.996s] [ 41%] [34m[1mGenerating C introspection for ROS interfaces[0m
[6.330s] [ 45%] [32mBuilding CXX object CMakeFiles/py_action_int__rosidl_typesupport_introspection_cpp.dir/rosidl_typesupport_introspection_cpp/py_action_int/action/detail/fibonacci__type_support.cpp.o[0m
[7.009s] [ 48%] [32mBuilding C object CMakeFiles/py_action_int__rosidl_typesupport_introspection_c.dir/rosidl_typesupport_introspection_c/py_action_int/action/detail/fibonacci__type_support.c.o[0m
[7.037s] [ 51%] [32mBuilding CXX object CMakeFiles/py_action_int__rosidl_typesupport_fastrtps_c.dir/rosidl_typesupport_fastrtps_c/py_action_int/action/detail/fibonacci__type_support_c.cpp.o[0m
[7.142s] [ 54%] [32m[1mLinking C shared library libpy_action_int__rosidl_typesupport_introspection_c.so[0m
[7.212s] [ 54%] Built target py_action_int__rosidl_typesupport_introspection_c
[7.228s] [ 58%] [34m[1mGenerating C type support dispatch for ROS interfaces[0m
[7.823s] [ 61%] [32m[1mLinking CXX shared library libpy_action_int__rosidl_typesupport_fastrtps_c.so[0m
[7.866s] [ 64%] [32m[1mLinking CXX shared library libpy_action_int__rosidl_typesupport_introspection_cpp.so[0m
[7.908s] [ 67%] [32mBuilding CXX object CMakeFiles/py_action_int__rosidl_typesupport_c.dir/rosidl_typesupport_c/py_action_int/action/fibonacci__type_support.cpp.o[0m
[8.069s] [ 67%] Built target py_action_int__rosidl_typesupport_introspection_cpp
[8.089s] [ 67%] Built target py_action_int__rosidl_typesupport_fastrtps_c
[8.146s] [ 70%] [32m[1mLinking CXX shared library libpy_action_int__rosidl_typesupport_c.so[0m
[8.252s] [ 70%] Built target py_action_int__rosidl_typesupport_c
[8.312s] [ 70%] Built target py_action_int
[8.351s] [ 74%] [34m[1mGenerating Python code for ROS interfaces[0m
[9.418s] [ 74%] Built target py_action_int__py
[9.452s] [ 77%] [32mBuilding C object CMakeFiles/py_action_int__rosidl_generator_py.dir/rosidl_generator_py/py_action_int/action/_fibonacci_s.c.o[0m
[9.684s] [ 80%] [32m[1mLinking C shared library rosidl_generator_py/py_action_int/libpy_action_int__rosidl_generator_py.so[0m
[9.803s] [ 80%] Built target py_action_int__rosidl_generator_py
[9.866s] [ 83%] [32mBuilding C object CMakeFiles/py_action_int__rosidl_typesupport_introspection_c__pyext.dir/rosidl_generator_py/py_action_int/_py_action_int_s.ep.rosidl_typesupport_introspection_c.c.o[0m
[9.976s] [ 87%] [32mBuilding C object CMakeFiles/py_action_int__rosidl_typesupport_fastrtps_c__pyext.dir/rosidl_generator_py/py_action_int/_py_action_int_s.ep.rosidl_typesupport_fastrtps_c.c.o[0m
[9.978s] [ 90%] [32mBuilding C object CMakeFiles/py_action_int__rosidl_typesupport_c__pyext.dir/rosidl_generator_py/py_action_int/_py_action_int_s.ep.rosidl_typesupport_c.c.o[0m
[10.080s] [ 93%] [32m[1mLinking C shared library rosidl_generator_py/py_action_int/py_action_int_s__rosidl_typesupport_introspection_c.cpython-310-x86_64-linux-gnu.so[0m
[10.147s] [ 96%] [32m[1mLinking C shared library rosidl_generator_py/py_action_int/py_action_int_s__rosidl_typesupport_c.cpython-310-x86_64-linux-gnu.so[0m
[10.176s] [100%] [32m[1mLinking C shared library rosidl_generator_py/py_action_int/py_action_int_s__rosidl_typesupport_fastrtps_c.cpython-310-x86_64-linux-gnu.so[0m
[10.183s] [100%] Built target py_action_int__rosidl_typesupport_introspection_c__pyext
[10.222s] [100%] Built target py_action_int__rosidl_typesupport_c__pyext
[10.252s] [100%] Built target py_action_int__rosidl_typesupport_fastrtps_c__pyext
[10.278s] Invoked command in '/home/user/ros2_workspaces/ros2_ws/build/py_action_int' returned '0': CMAKE_PREFIX_PATH=${CMAKE_PREFIX_PATH}:/home/user/ros2_workspaces/ros2_ws/install/py_srvcli:/home/user/ros2_workspaces/ros2_ws/install/py_pubsub:/opt/ros/humble /usr/bin/cmake --build /home/user/ros2_workspaces/ros2_ws/build/py_action_int -- -j3 -l3
[10.483s] Invoking command in '/home/user/ros2_workspaces/ros2_ws/build/py_action_int': CMAKE_PREFIX_PATH=${CMAKE_PREFIX_PATH}:/home/user/ros2_workspaces/ros2_ws/install/py_srvcli:/home/user/ros2_workspaces/ros2_ws/install/py_pubsub:/opt/ros/humble /usr/bin/cmake --install /home/user/ros2_workspaces/ros2_ws/build/py_action_int
[10.493s] -- Install configuration: ""
[10.494s] -- Installing: /home/user/ros2_workspaces/ros2_ws/install/py_action_int/share/ament_index/resource_index/rosidl_interfaces/py_action_int
[10.496s] -- Installing: /home/user/ros2_workspaces/ros2_ws/install/py_action_int/include/py_action_int/py_action_int
[10.496s] -- Installing: /home/user/ros2_workspaces/ros2_ws/install/py_action_int/include/py_action_int/py_action_int/msg
[10.497s] -- Installing: /home/user/ros2_workspaces/ros2_ws/install/py_action_int/include/py_action_int/py_action_int/msg/rosidl_generator_c__visibility_control.h
[10.499s] -- Installing: /home/user/ros2_workspaces/ros2_ws/install/py_action_int/include/py_action_int/py_action_int/action
[10.500s] -- Installing: /home/user/ros2_workspaces/ros2_ws/install/py_action_int/include/py_action_int/py_action_int/action/fibonacci.h
[10.501s] -- Installing: /home/user/ros2_workspaces/ros2_ws/install/py_action_int/include/py_action_int/py_action_int/action/detail
[10.502s] -- Installing: /home/user/ros2_workspaces/ros2_ws/install/py_action_int/include/py_action_int/py_action_int/action/detail/fibonacci__functions.h
[10.503s] -- Installing: /home/user/ros2_workspaces/ros2_ws/install/py_action_int/include/py_action_int/py_action_int/action/detail/fibonacci__functions.c
[10.504s] -- Installing: /home/user/ros2_workspaces/ros2_ws/install/py_action_int/include/py_action_int/py_action_int/action/detail/fibonacci__type_support.h
[10.520s] -- Installing: /home/user/ros2_workspaces/ros2_ws/install/py_action_int/include/py_action_int/py_action_int/action/detail/fibonacci__struct.h
[10.520s] -- Installing: /home/user/ros2_workspaces/ros2_ws/install/py_action_int/share/py_action_int/environment/library_path.sh
[10.520s] -- Installing: /home/user/ros2_workspaces/ros2_ws/install/py_action_int/share/py_action_int/environment/library_path.dsv
[10.520s] -- Installing: /home/user/ros2_workspaces/ros2_ws/install/py_action_int/lib/libpy_action_int__rosidl_generator_c.so
[10.520s] -- Set runtime path of "/home/user/ros2_workspaces/ros2_ws/install/py_action_int/lib/libpy_action_int__rosidl_generator_c.so" to ""
[10.520s] -- Up-to-date: /home/user/ros2_workspaces/ros2_ws/install/py_action_int/include/py_action_int/py_action_int
[10.520s] -- Up-to-date: /home/user/ros2_workspaces/ros2_ws/install/py_action_int/include/py_action_int/py_action_int/msg
[10.520s] -- Installing: /home/user/ros2_workspaces/ros2_ws/install/py_action_int/include/py_action_int/py_action_int/msg/rosidl_typesupport_fastrtps_c__visibility_control.h
[10.520s] -- Up-to-date: /home/user/ros2_workspaces/ros2_ws/install/py_action_int/include/py_action_int/py_action_int/action
[10.520s] -- Up-to-date: /home/user/ros2_workspaces/ros2_ws/install/py_action_int/include/py_action_int/py_action_int/action/detail
[10.521s] -- Installing: /home/user/ros2_workspaces/ros2_ws/install/py_action_int/include/py_action_int/py_action_int/action/detail/fibonacci__rosidl_typesupport_fastrtps_c.h
[10.521s] -- Installing: /home/user/ros2_workspaces/ros2_ws/install/py_action_int/lib/libpy_action_int__rosidl_typesupport_fastrtps_c.so
[10.521s] -- Set runtime path of "/home/user/ros2_workspaces/ros2_ws/install/py_action_int/lib/libpy_action_int__rosidl_typesupport_fastrtps_c.so" to ""
[10.521s] -- Up-to-date: /home/user/ros2_workspaces/ros2_ws/install/py_action_int/include/py_action_int/py_action_int
[10.521s] -- Up-to-date: /home/user/ros2_workspaces/ros2_ws/install/py_action_int/include/py_action_int/py_action_int/msg
[10.521s] -- Installing: /home/user/ros2_workspaces/ros2_ws/install/py_action_int/include/py_action_int/py_action_int/msg/rosidl_typesupport_introspection_c__visibility_control.h
[10.521s] -- Up-to-date: /home/user/ros2_workspaces/ros2_ws/install/py_action_int/include/py_action_int/py_action_int/action
[10.521s] -- Up-to-date: /home/user/ros2_workspaces/ros2_ws/install/py_action_int/include/py_action_int/py_action_int/action/detail
[10.521s] -- Installing: /home/user/ros2_workspaces/ros2_ws/install/py_action_int/include/py_action_int/py_action_int/action/detail/fibonacci__rosidl_typesupport_introspection_c.h
[10.521s] -- Installing: /home/user/ros2_workspaces/ros2_ws/install/py_action_int/include/py_action_int/py_action_int/action/detail/fibonacci__type_support.c
[10.521s] -- Installing: /home/user/ros2_workspaces/ros2_ws/install/py_action_int/lib/libpy_action_int__rosidl_typesupport_introspection_c.so
[10.521s] -- Set runtime path of "/home/user/ros2_workspaces/ros2_ws/install/py_action_int/lib/libpy_action_int__rosidl_typesupport_introspection_c.so" to ""
[10.521s] -- Installing: /home/user/ros2_workspaces/ros2_ws/install/py_action_int/lib/libpy_action_int__rosidl_typesupport_c.so
[10.521s] -- Set runtime path of "/home/user/ros2_workspaces/ros2_ws/install/py_action_int/lib/libpy_action_int__rosidl_typesupport_c.so" to ""
[10.521s] -- Up-to-date: /home/user/ros2_workspaces/ros2_ws/install/py_action_int/include/py_action_int/py_action_int
[10.522s] -- Up-to-date: /home/user/ros2_workspaces/ros2_ws/install/py_action_int/include/py_action_int/py_action_int/action
[10.522s] -- Up-to-date: /home/user/ros2_workspaces/ros2_ws/install/py_action_int/include/py_action_int/py_action_int/action/detail
[10.522s] -- Installing: /home/user/ros2_workspaces/ros2_ws/install/py_action_int/include/py_action_int/py_action_int/action/detail/fibonacci__traits.hpp
[10.522s] -- Installing: /home/user/ros2_workspaces/ros2_ws/install/py_action_int/include/py_action_int/py_action_int/action/detail/fibonacci__builder.hpp
[10.522s] -- Installing: /home/user/ros2_workspaces/ros2_ws/install/py_action_int/include/py_action_int/py_action_int/action/detail/fibonacci__struct.hpp
[10.522s] -- Installing: /home/user/ros2_workspaces/ros2_ws/install/py_action_int/include/py_action_int/py_action_int/action/fibonacci.hpp
[10.522s] -- Up-to-date: /home/user/ros2_workspaces/ros2_ws/install/py_action_int/include/py_action_int/py_action_int
[10.522s] -- Up-to-date: /home/user/ros2_workspaces/ros2_ws/install/py_action_int/include/py_action_int/py_action_int/msg
[10.522s] -- Installing: /home/user/ros2_workspaces/ros2_ws/install/py_action_int/include/py_action_int/py_action_int/msg/rosidl_typesupport_fastrtps_cpp__visibility_control.h
[10.522s] -- Up-to-date: /home/user/ros2_workspaces/ros2_ws/install/py_action_int/include/py_action_int/py_action_int/action
[10.522s] -- Up-to-date: /home/user/ros2_workspaces/ros2_ws/install/py_action_int/include/py_action_int/py_action_int/action/detail
[10.522s] -- Installing: /home/user/ros2_workspaces/ros2_ws/install/py_action_int/include/py_action_int/py_action_int/action/detail/dds_fastrtps
[10.522s] -- Installing: /home/user/ros2_workspaces/ros2_ws/install/py_action_int/include/py_action_int/py_action_int/action/detail/fibonacci__rosidl_typesupport_fastrtps_cpp.hpp
[10.522s] -- Installing: /home/user/ros2_workspaces/ros2_ws/install/py_action_int/lib/libpy_action_int__rosidl_typesupport_fastrtps_cpp.so
[10.523s] -- Set runtime path of "/home/user/ros2_workspaces/ros2_ws/install/py_action_int/lib/libpy_action_int__rosidl_typesupport_fastrtps_cpp.so" to ""
[10.523s] -- Up-to-date: /home/user/ros2_workspaces/ros2_ws/install/py_action_int/include/py_action_int/py_action_int
[10.523s] -- Up-to-date: /home/user/ros2_workspaces/ros2_ws/install/py_action_int/include/py_action_int/py_action_int/action
[10.523s] -- Up-to-date: /home/user/ros2_workspaces/ros2_ws/install/py_action_int/include/py_action_int/py_action_int/action/detail
[10.523s] -- Installing: /home/user/ros2_workspaces/ros2_ws/install/py_action_int/include/py_action_int/py_action_int/action/detail/fibonacci__rosidl_typesupport_introspection_cpp.hpp
[10.523s] -- Installing: /home/user/ros2_workspaces/ros2_ws/install/py_action_int/include/py_action_int/py_action_int/action/detail/fibonacci__type_support.cpp
[10.523s] -- Installing: /home/user/ros2_workspaces/ros2_ws/install/py_action_int/lib/libpy_action_int__rosidl_typesupport_introspection_cpp.so
[10.523s] -- Set runtime path of "/home/user/ros2_workspaces/ros2_ws/install/py_action_int/lib/libpy_action_int__rosidl_typesupport_introspection_cpp.so" to ""
[10.523s] -- Installing: /home/user/ros2_workspaces/ros2_ws/install/py_action_int/lib/libpy_action_int__rosidl_typesupport_cpp.so
[10.523s] -- Set runtime path of "/home/user/ros2_workspaces/ros2_ws/install/py_action_int/lib/libpy_action_int__rosidl_typesupport_cpp.so" to ""
[10.523s] -- Installing: /home/user/ros2_workspaces/ros2_ws/install/py_action_int/share/py_action_int/environment/pythonpath.sh
[10.523s] -- Installing: /home/user/ros2_workspaces/ros2_ws/install/py_action_int/share/py_action_int/environment/pythonpath.dsv
[10.523s] -- Installing: /home/user/ros2_workspaces/ros2_ws/install/py_action_int/local/lib/python3.10/dist-packages/py_action_int-0.0.0-py3.10.egg-info
[10.524s] -- Installing: /home/user/ros2_workspaces/ros2_ws/install/py_action_int/local/lib/python3.10/dist-packages/py_action_int-0.0.0-py3.10.egg-info/SOURCES.txt
[10.524s] -- Installing: /home/user/ros2_workspaces/ros2_ws/install/py_action_int/local/lib/python3.10/dist-packages/py_action_int-0.0.0-py3.10.egg-info/PKG-INFO
[10.524s] -- Installing: /home/user/ros2_workspaces/ros2_ws/install/py_action_int/local/lib/python3.10/dist-packages/py_action_int-0.0.0-py3.10.egg-info/top_level.txt
[10.524s] -- Installing: /home/user/ros2_workspaces/ros2_ws/install/py_action_int/local/lib/python3.10/dist-packages/py_action_int-0.0.0-py3.10.egg-info/dependency_links.txt
[10.524s] -- Installing: /home/user/ros2_workspaces/ros2_ws/install/py_action_int/local/lib/python3.10/dist-packages/py_action_int
[10.524s] -- Installing: /home/user/ros2_workspaces/ros2_ws/install/py_action_int/local/lib/python3.10/dist-packages/py_action_int/_py_action_int_s.ep.rosidl_typesupport_introspection_c.c
[10.524s] -- Installing: /home/user/ros2_workspaces/ros2_ws/install/py_action_int/local/lib/python3.10/dist-packages/py_action_int/libpy_action_int__rosidl_generator_py.so
[10.524s] -- Installing: /home/user/ros2_workspaces/ros2_ws/install/py_action_int/local/lib/python3.10/dist-packages/py_action_int/py_action_int_s__rosidl_typesupport_fastrtps_c.cpython-310-x86_64-linux-gnu.so
[10.524s] -- Installing: /home/user/ros2_workspaces/ros2_ws/install/py_action_int/local/lib/python3.10/dist-packages/py_action_int/py_action_int_s__rosidl_typesupport_introspection_c.cpython-310-x86_64-linux-gnu.so
[10.524s] -- Installing: /home/user/ros2_workspaces/ros2_ws/install/py_action_int/local/lib/python3.10/dist-packages/py_action_int/py_action_int_s__rosidl_typesupport_c.cpython-310-x86_64-linux-gnu.so
[10.524s] -- Installing: /home/user/ros2_workspaces/ros2_ws/install/py_action_int/local/lib/python3.10/dist-packages/py_action_int/__init__.py
[10.524s] -- Installing: /home/user/ros2_workspaces/ros2_ws/install/py_action_int/local/lib/python3.10/dist-packages/py_action_int/action
[10.524s] -- Installing: /home/user/ros2_workspaces/ros2_ws/install/py_action_int/local/lib/python3.10/dist-packages/py_action_int/action/__init__.py
[10.524s] -- Installing: /home/user/ros2_workspaces/ros2_ws/install/py_action_int/local/lib/python3.10/dist-packages/py_action_int/action/_fibonacci.py
[10.525s] -- Installing: /home/user/ros2_workspaces/ros2_ws/install/py_action_int/local/lib/python3.10/dist-packages/py_action_int/action/_fibonacci_s.c
[10.525s] -- Installing: /home/user/ros2_workspaces/ros2_ws/install/py_action_int/local/lib/python3.10/dist-packages/py_action_int/_py_action_int_s.ep.rosidl_typesupport_fastrtps_c.c
[10.525s] -- Installing: /home/user/ros2_workspaces/ros2_ws/install/py_action_int/local/lib/python3.10/dist-packages/py_action_int/_py_action_int_s.ep.rosidl_typesupport_c.c
[10.584s] Listing '/home/user/ros2_workspaces/ros2_ws/install/py_action_int/local/lib/python3.10/dist-packages/py_action_int'...
[10.584s] Compiling '/home/user/ros2_workspaces/ros2_ws/install/py_action_int/local/lib/python3.10/dist-packages/py_action_int/__init__.py'...
[10.584s] Listing '/home/user/ros2_workspaces/ros2_ws/install/py_action_int/local/lib/python3.10/dist-packages/py_action_int/action'...
[10.584s] Compiling '/home/user/ros2_workspaces/ros2_ws/install/py_action_int/local/lib/python3.10/dist-packages/py_action_int/action/__init__.py'...
[10.584s] Compiling '/home/user/ros2_workspaces/ros2_ws/install/py_action_int/local/lib/python3.10/dist-packages/py_action_int/action/_fibonacci.py'...
[10.592s] -- Installing: /home/user/ros2_workspaces/ros2_ws/install/py_action_int/local/lib/python3.10/dist-packages/py_action_int/py_action_int_s__rosidl_typesupport_fastrtps_c.cpython-310-x86_64-linux-gnu.so
[10.593s] -- Set runtime path of "/home/user/ros2_workspaces/ros2_ws/install/py_action_int/local/lib/python3.10/dist-packages/py_action_int/py_action_int_s__rosidl_typesupport_fastrtps_c.cpython-310-x86_64-linux-gnu.so" to ""
[10.593s] -- Installing: /home/user/ros2_workspaces/ros2_ws/install/py_action_int/local/lib/python3.10/dist-packages/py_action_int/py_action_int_s__rosidl_typesupport_introspection_c.cpython-310-x86_64-linux-gnu.so
[10.593s] -- Set runtime path of "/home/user/ros2_workspaces/ros2_ws/install/py_action_int/local/lib/python3.10/dist-packages/py_action_int/py_action_int_s__rosidl_typesupport_introspection_c.cpython-310-x86_64-linux-gnu.so" to ""
[10.593s] -- Installing: /home/user/ros2_workspaces/ros2_ws/install/py_action_int/local/lib/python3.10/dist-packages/py_action_int/py_action_int_s__rosidl_typesupport_c.cpython-310-x86_64-linux-gnu.so
[10.593s] -- Set runtime path of "/home/user/ros2_workspaces/ros2_ws/install/py_action_int/local/lib/python3.10/dist-packages/py_action_int/py_action_int_s__rosidl_typesupport_c.cpython-310-x86_64-linux-gnu.so" to ""
[10.593s] -- Installing: /home/user/ros2_workspaces/ros2_ws/install/py_action_int/lib/libpy_action_int__rosidl_generator_py.so
[10.594s] -- Set runtime path of "/home/user/ros2_workspaces/ros2_ws/install/py_action_int/lib/libpy_action_int__rosidl_generator_py.so" to ""
[10.594s] -- Installing: /home/user/ros2_workspaces/ros2_ws/install/py_action_int/share/py_action_int/action/Fibonacci.idl
[10.595s] -- Installing: /home/user/ros2_workspaces/ros2_ws/install/py_action_int/share/py_action_int/action/Fibonacci.action
[10.596s] -- Installing: /home/user/ros2_workspaces/ros2_ws/install/py_action_int/share/ament_index/resource_index/package_run_dependencies/py_action_int
[10.597s] -- Installing: /home/user/ros2_workspaces/ros2_ws/install/py_action_int/share/ament_index/resource_index/parent_prefix_path/py_action_int
[10.598s] -- Installing: /home/user/ros2_workspaces/ros2_ws/install/py_action_int/share/py_action_int/environment/ament_prefix_path.sh
[10.598s] -- Installing: /home/user/ros2_workspaces/ros2_ws/install/py_action_int/share/py_action_int/environment/ament_prefix_path.dsv
[10.599s] -- Installing: /home/user/ros2_workspaces/ros2_ws/install/py_action_int/share/py_action_int/environment/path.sh
[10.599s] -- Installing: /home/user/ros2_workspaces/ros2_ws/install/py_action_int/share/py_action_int/environment/path.dsv
[10.600s] -- Installing: /home/user/ros2_workspaces/ros2_ws/install/py_action_int/share/py_action_int/local_setup.bash
[10.600s] -- Installing: /home/user/ros2_workspaces/ros2_ws/install/py_action_int/share/py_action_int/local_setup.sh
[10.601s] -- Installing: /home/user/ros2_workspaces/ros2_ws/install/py_action_int/share/py_action_int/local_setup.zsh
[10.602s] -- Installing: /home/user/ros2_workspaces/ros2_ws/install/py_action_int/share/py_action_int/local_setup.dsv
[10.602s] -- Installing: /home/user/ros2_workspaces/ros2_ws/install/py_action_int/share/py_action_int/package.dsv
[10.603s] -- Installing: /home/user/ros2_workspaces/ros2_ws/install/py_action_int/share/ament_index/resource_index/packages/py_action_int
[10.604s] -- Installing: /home/user/ros2_workspaces/ros2_ws/install/py_action_int/share/py_action_int/cmake/export_py_action_int__rosidl_generator_cExport.cmake
[10.604s] -- Installing: /home/user/ros2_workspaces/ros2_ws/install/py_action_int/share/py_action_int/cmake/export_py_action_int__rosidl_generator_cExport-noconfig.cmake
[10.606s] -- Installing: /home/user/ros2_workspaces/ros2_ws/install/py_action_int/share/py_action_int/cmake/export_py_action_int__rosidl_typesupport_fastrtps_cExport.cmake
[10.607s] -- Installing: /home/user/ros2_workspaces/ros2_ws/install/py_action_int/share/py_action_int/cmake/export_py_action_int__rosidl_typesupport_fastrtps_cExport-noconfig.cmake
[10.607s] -- Installing: /home/user/ros2_workspaces/ros2_ws/install/py_action_int/share/py_action_int/cmake/py_action_int__rosidl_typesupport_introspection_cExport.cmake
[10.607s] -- Installing: /home/user/ros2_workspaces/ros2_ws/install/py_action_int/share/py_action_int/cmake/py_action_int__rosidl_typesupport_introspection_cExport-noconfig.cmake
[10.607s] -- Installing: /home/user/ros2_workspaces/ros2_ws/install/py_action_int/share/py_action_int/cmake/py_action_int__rosidl_typesupport_cExport.cmake
[10.607s] -- Installing: /home/user/ros2_workspaces/ros2_ws/install/py_action_int/share/py_action_int/cmake/py_action_int__rosidl_typesupport_cExport-noconfig.cmake
[10.608s] -- Installing: /home/user/ros2_workspaces/ros2_ws/install/py_action_int/share/py_action_int/cmake/export_py_action_int__rosidl_generator_cppExport.cmake
[10.608s] -- Installing: /home/user/ros2_workspaces/ros2_ws/install/py_action_int/share/py_action_int/cmake/export_py_action_int__rosidl_typesupport_fastrtps_cppExport.cmake
[10.608s] -- Installing: /home/user/ros2_workspaces/ros2_ws/install/py_action_int/share/py_action_int/cmake/export_py_action_int__rosidl_typesupport_fastrtps_cppExport-noconfig.cmake
[10.608s] -- Installing: /home/user/ros2_workspaces/ros2_ws/install/py_action_int/share/py_action_int/cmake/py_action_int__rosidl_typesupport_introspection_cppExport.cmake
[10.608s] -- Installing: /home/user/ros2_workspaces/ros2_ws/install/py_action_int/share/py_action_int/cmake/py_action_int__rosidl_typesupport_introspection_cppExport-noconfig.cmake
[10.609s] -- Installing: /home/user/ros2_workspaces/ros2_ws/install/py_action_int/share/py_action_int/cmake/py_action_int__rosidl_typesupport_cppExport.cmake
[10.609s] -- Installing: /home/user/ros2_workspaces/ros2_ws/install/py_action_int/share/py_action_int/cmake/py_action_int__rosidl_typesupport_cppExport-noconfig.cmake
[10.609s] -- Installing: /home/user/ros2_workspaces/ros2_ws/install/py_action_int/share/py_action_int/cmake/export_py_action_int__rosidl_generator_pyExport.cmake
[10.610s] -- Installing: /home/user/ros2_workspaces/ros2_ws/install/py_action_int/share/py_action_int/cmake/export_py_action_int__rosidl_generator_pyExport-noconfig.cmake
[10.610s] -- Installing: /home/user/ros2_workspaces/ros2_ws/install/py_action_int/share/py_action_int/cmake/rosidl_cmake-extras.cmake
[10.610s] -- Installing: /home/user/ros2_workspaces/ros2_ws/install/py_action_int/share/py_action_int/cmake/ament_cmake_export_dependencies-extras.cmake
[10.610s] -- Installing: /home/user/ros2_workspaces/ros2_ws/install/py_action_int/share/py_action_int/cmake/ament_cmake_export_include_directories-extras.cmake
[10.611s] -- Installing: /home/user/ros2_workspaces/ros2_ws/install/py_action_int/share/py_action_int/cmake/ament_cmake_export_libraries-extras.cmake
[10.611s] -- Installing: /home/user/ros2_workspaces/ros2_ws/install/py_action_int/share/py_action_int/cmake/ament_cmake_export_targets-extras.cmake
[10.612s] -- Installing: /home/user/ros2_workspaces/ros2_ws/install/py_action_int/share/py_action_int/cmake/rosidl_cmake_export_typesupport_targets-extras.cmake
[10.612s] -- Installing: /home/user/ros2_workspaces/ros2_ws/install/py_action_int/share/py_action_int/cmake/rosidl_cmake_export_typesupport_libraries-extras.cmake
[10.613s] -- Installing: /home/user/ros2_workspaces/ros2_ws/install/py_action_int/share/py_action_int/cmake/py_action_intConfig.cmake
[10.616s] -- Installing: /home/user/ros2_workspaces/ros2_ws/install/py_action_int/share/py_action_int/cmake/py_action_intConfig-version.cmake
[10.617s] -- Installing: /home/user/ros2_workspaces/ros2_ws/install/py_action_int/share/py_action_int/package.xml
[10.654s] Invoked command in '/home/user/ros2_workspaces/ros2_ws/build/py_action_int' returned '0': CMAKE_PREFIX_PATH=${CMAKE_PREFIX_PATH}:/home/user/ros2_workspaces/ros2_ws/install/py_srvcli:/home/user/ros2_workspaces/ros2_ws/install/py_pubsub:/opt/ros/humble /usr/bin/cmake --install /home/user/ros2_workspaces/ros2_ws/build/py_action_int
