[1.003s] Invoking command in '/home/user/ros2_workspaces/ros2_ws/src/py_pubsub': PYTHONPATH=/home/user/ros2_workspaces/ros2_ws/build/py_pubsub/prefix_override:/home/user/ros2_workspaces/ros2_ws/install/py_pubsub/lib/python3.10/site-packages:${PYTHONPATH} /usr/bin/python3 setup.py egg_info --egg-base ../../build/py_pubsub build --build-base /home/user/ros2_workspaces/ros2_ws/build/py_pubsub/build install --record /home/user/ros2_workspaces/ros2_ws/build/py_pubsub/install.log --single-version-externally-managed
[1.281s] running egg_info
[1.287s] creating ../../build/py_pubsub/py_pubsub.egg-info
[1.295s] writing ../../build/py_pubsub/py_pubsub.egg-info/PKG-INFO
[1.295s] writing dependency_links to ../../build/py_pubsub/py_pubsub.egg-info/dependency_links.txt
[1.296s] writing entry points to ../../build/py_pubsub/py_pubsub.egg-info/entry_points.txt
[1.296s] writing requirements to ../../build/py_pubsub/py_pubsub.egg-info/requires.txt
[1.296s] writing top-level names to ../../build/py_pubsub/py_pubsub.egg-info/top_level.txt
[1.296s] writing manifest file '../../build/py_pubsub/py_pubsub.egg-info/SOURCES.txt'
[1.296s] reading manifest file '../../build/py_pubsub/py_pubsub.egg-info/SOURCES.txt'
[1.299s] writing manifest file '../../build/py_pubsub/py_pubsub.egg-info/SOURCES.txt'
[1.299s] running build
[1.299s] running build_py
[1.299s] creating /home/user/ros2_workspaces/ros2_ws/build/py_pubsub/build
[1.299s] creating /home/user/ros2_workspaces/ros2_ws/build/py_pubsub/build/lib
[1.299s] creating /home/user/ros2_workspaces/ros2_ws/build/py_pubsub/build/lib/py_pubsub
[1.299s] copying py_pubsub/__init__.py -> /home/user/ros2_workspaces/ros2_ws/build/py_pubsub/build/lib/py_pubsub
[1.299s] copying py_pubsub/publisher_member_function.py -> /home/user/ros2_workspaces/ros2_ws/build/py_pubsub/build/lib/py_pubsub
[1.302s] copying py_pubsub/subscriber_member_function.py -> /home/user/ros2_workspaces/ros2_ws/build/py_pubsub/build/lib/py_pubsub
[1.302s] running install
[1.302s] running install_lib
[1.302s] creating /home/user/ros2_workspaces/ros2_ws/install/py_pubsub/lib/python3.10/site-packages/py_pubsub
[1.303s] copying /home/user/ros2_workspaces/ros2_ws/build/py_pubsub/build/lib/py_pubsub/__init__.py -> /home/user/ros2_workspaces/ros2_ws/install/py_pubsub/lib/python3.10/site-packages/py_pubsub
[1.305s] copying /home/user/ros2_workspaces/ros2_ws/build/py_pubsub/build/lib/py_pubsub/publisher_member_function.py -> /home/user/ros2_workspaces/ros2_ws/install/py_pubsub/lib/python3.10/site-packages/py_pubsub
[1.306s] copying /home/user/ros2_workspaces/ros2_ws/build/py_pubsub/build/lib/py_pubsub/subscriber_member_function.py -> /home/user/ros2_workspaces/ros2_ws/install/py_pubsub/lib/python3.10/site-packages/py_pubsub
[1.306s] byte-compiling /home/user/ros2_workspaces/ros2_ws/install/py_pubsub/lib/python3.10/site-packages/py_pubsub/__init__.py to __init__.cpython-310.pyc
[1.306s] byte-compiling /home/user/ros2_workspaces/ros2_ws/install/py_pubsub/lib/python3.10/site-packages/py_pubsub/publisher_member_function.py to publisher_member_function.cpython-310.pyc
[1.306s] byte-compiling /home/user/ros2_workspaces/ros2_ws/install/py_pubsub/lib/python3.10/site-packages/py_pubsub/subscriber_member_function.py to subscriber_member_function.cpython-310.pyc
[1.306s] running install_data
[1.306s] creating /home/user/ros2_workspaces/ros2_ws/install/py_pubsub/share/ament_index
[1.313s] creating /home/user/ros2_workspaces/ros2_ws/install/py_pubsub/share/ament_index/resource_index
[1.313s] creating /home/user/ros2_workspaces/ros2_ws/install/py_pubsub/share/ament_index/resource_index/packages
[1.313s] copying resource/py_pubsub -> /home/user/ros2_workspaces/ros2_ws/install/py_pubsub/share/ament_index/resource_index/packages
[1.313s] copying package.xml -> /home/user/ros2_workspaces/ros2_ws/install/py_pubsub/share/py_pubsub
[1.313s] running install_egg_info
[1.313s] Copying ../../build/py_pubsub/py_pubsub.egg-info to /home/user/ros2_workspaces/ros2_ws/install/py_pubsub/lib/python3.10/site-packages/py_pubsub-0.0.0-py3.10.egg-info
[1.315s] running install_scripts
[1.343s] Installing listener script to /home/user/ros2_workspaces/ros2_ws/install/py_pubsub/lib/py_pubsub
[1.343s] Installing talker script to /home/user/ros2_workspaces/ros2_ws/install/py_pubsub/lib/py_pubsub
[1.344s] writing list of installed files to '/home/user/ros2_workspaces/ros2_ws/build/py_pubsub/install.log'
[1.378s] Invoked command in '/home/user/ros2_workspaces/ros2_ws/src/py_pubsub' returned '0': PYTHONPATH=/home/user/ros2_workspaces/ros2_ws/build/py_pubsub/prefix_override:/home/user/ros2_workspaces/ros2_ws/install/py_pubsub/lib/python3.10/site-packages:${PYTHONPATH} /usr/bin/python3 setup.py egg_info --egg-base ../../build/py_pubsub build --build-base /home/user/ros2_workspaces/ros2_ws/build/py_pubsub/build install --record /home/user/ros2_workspaces/ros2_ws/build/py_pubsub/install.log --single-version-externally-managed
